ARM GAS  C:\Users\大毛\AppData\Local\Temp\ccI7lTJJ.s 			page 1


   1              		.syntax unified
   2              		.cpu cortex-m3
   3              		.fpu softvfp
   4              		.eabi_attribute 20, 1
   5              		.eabi_attribute 21, 1
   6              		.eabi_attribute 23, 3
   7              		.eabi_attribute 24, 1
   8              		.eabi_attribute 25, 1
   9              		.eabi_attribute 26, 1
  10              		.eabi_attribute 30, 1
  11              		.eabi_attribute 34, 1
  12              		.eabi_attribute 18, 4
  13              		.thumb
  14              		.syntax unified
  15              		.file	"gpio.c"
  16              		.text
  17              	.Ltext0:
  18              		.cfi_sections	.debug_frame
  19              		.section	.text.MX_GPIO_Init,"ax",%progbits
  20              		.align	2
  21              		.global	MX_GPIO_Init
  22              		.thumb
  23              		.thumb_func
  25              	MX_GPIO_Init:
  26              	.LFB65:
  27              		.file 1 "Core/Src/gpio.c"
   1:Core/Src/gpio.c **** /* USER CODE BEGIN Header */
   2:Core/Src/gpio.c **** /**
   3:Core/Src/gpio.c ****   ******************************************************************************
   4:Core/Src/gpio.c ****   * @file    gpio.c
   5:Core/Src/gpio.c ****   * @brief   This file provides code for the configuration
   6:Core/Src/gpio.c ****   *          of all used GPIO pins.
   7:Core/Src/gpio.c ****   ******************************************************************************
   8:Core/Src/gpio.c ****   * @attention
   9:Core/Src/gpio.c ****   *
  10:Core/Src/gpio.c ****   * Copyright (c) 2024 STMicroelectronics.
  11:Core/Src/gpio.c ****   * All rights reserved.
  12:Core/Src/gpio.c ****   *
  13:Core/Src/gpio.c ****   * This software is licensed under terms that can be found in the LICENSE file
  14:Core/Src/gpio.c ****   * in the root directory of this software component.
  15:Core/Src/gpio.c ****   * If no LICENSE file comes with this software, it is provided AS-IS.
  16:Core/Src/gpio.c ****   *
  17:Core/Src/gpio.c ****   ******************************************************************************
  18:Core/Src/gpio.c ****   */
  19:Core/Src/gpio.c **** /* USER CODE END Header */
  20:Core/Src/gpio.c **** 
  21:Core/Src/gpio.c **** /* Includes ------------------------------------------------------------------*/
  22:Core/Src/gpio.c **** #include "gpio.h"
  23:Core/Src/gpio.c **** 
  24:Core/Src/gpio.c **** /* USER CODE BEGIN 0 */
  25:Core/Src/gpio.c **** 
  26:Core/Src/gpio.c **** /* USER CODE END 0 */
  27:Core/Src/gpio.c **** 
  28:Core/Src/gpio.c **** /*----------------------------------------------------------------------------*/
  29:Core/Src/gpio.c **** /* Configure GPIO                                                             */
  30:Core/Src/gpio.c **** /*----------------------------------------------------------------------------*/
  31:Core/Src/gpio.c **** /* USER CODE BEGIN 1 */
ARM GAS  C:\Users\大毛\AppData\Local\Temp\ccI7lTJJ.s 			page 2


  32:Core/Src/gpio.c **** 
  33:Core/Src/gpio.c **** /* USER CODE END 1 */
  34:Core/Src/gpio.c **** 
  35:Core/Src/gpio.c **** /** Configure pins as
  36:Core/Src/gpio.c ****         * Analog
  37:Core/Src/gpio.c ****         * Input
  38:Core/Src/gpio.c ****         * Output
  39:Core/Src/gpio.c ****         * EVENT_OUT
  40:Core/Src/gpio.c ****         * EXTI
  41:Core/Src/gpio.c **** */
  42:Core/Src/gpio.c **** void MX_GPIO_Init(void)
  43:Core/Src/gpio.c **** {
  28              		.loc 1 43 0
  29              		.cfi_startproc
  30              		@ args = 0, pretend = 0, frame = 32
  31              		@ frame_needed = 0, uses_anonymous_args = 0
  32 0000 30B5     		push	{r4, r5, lr}
  33              	.LCFI0:
  34              		.cfi_def_cfa_offset 12
  35              		.cfi_offset 4, -12
  36              		.cfi_offset 5, -8
  37              		.cfi_offset 14, -4
  38 0002 89B0     		sub	sp, sp, #36
  39              	.LCFI1:
  40              		.cfi_def_cfa_offset 48
  44:Core/Src/gpio.c **** 
  45:Core/Src/gpio.c ****   GPIO_InitTypeDef GPIO_InitStruct = {0};
  41              		.loc 1 45 0
  42 0004 0024     		movs	r4, #0
  43 0006 0494     		str	r4, [sp, #16]
  44 0008 0594     		str	r4, [sp, #20]
  45 000a 0694     		str	r4, [sp, #24]
  46 000c 0794     		str	r4, [sp, #28]
  47              	.LBB2:
  46:Core/Src/gpio.c **** 
  47:Core/Src/gpio.c ****   /* GPIO Ports Clock Enable */
  48:Core/Src/gpio.c ****   __HAL_RCC_GPIOD_CLK_ENABLE();
  48              		.loc 1 48 0
  49 000e 184B     		ldr	r3, .L3
  50 0010 9A69     		ldr	r2, [r3, #24]
  51 0012 42F02002 		orr	r2, r2, #32
  52 0016 9A61     		str	r2, [r3, #24]
  53 0018 9A69     		ldr	r2, [r3, #24]
  54 001a 02F02002 		and	r2, r2, #32
  55 001e 0192     		str	r2, [sp, #4]
  56 0020 019A     		ldr	r2, [sp, #4]
  57              	.LBE2:
  58              	.LBB3:
  49:Core/Src/gpio.c ****   __HAL_RCC_GPIOB_CLK_ENABLE();
  59              		.loc 1 49 0
  60 0022 9A69     		ldr	r2, [r3, #24]
  61 0024 42F00802 		orr	r2, r2, #8
  62 0028 9A61     		str	r2, [r3, #24]
  63 002a 9A69     		ldr	r2, [r3, #24]
  64 002c 02F00802 		and	r2, r2, #8
  65 0030 0292     		str	r2, [sp, #8]
  66 0032 029A     		ldr	r2, [sp, #8]
ARM GAS  C:\Users\大毛\AppData\Local\Temp\ccI7lTJJ.s 			page 3


  67              	.LBE3:
  68              	.LBB4:
  50:Core/Src/gpio.c ****   __HAL_RCC_GPIOA_CLK_ENABLE();
  69              		.loc 1 50 0
  70 0034 9A69     		ldr	r2, [r3, #24]
  71 0036 42F00402 		orr	r2, r2, #4
  72 003a 9A61     		str	r2, [r3, #24]
  73 003c 9B69     		ldr	r3, [r3, #24]
  74 003e 03F00403 		and	r3, r3, #4
  75 0042 0393     		str	r3, [sp, #12]
  76 0044 039B     		ldr	r3, [sp, #12]
  77              	.LBE4:
  51:Core/Src/gpio.c **** 
  52:Core/Src/gpio.c ****   /*Configure GPIO pin Output Level */
  53:Core/Src/gpio.c ****   HAL_GPIO_WritePin(GPIOB, GPIO_PIN_15, GPIO_PIN_RESET);
  78              		.loc 1 53 0
  79 0046 0B4D     		ldr	r5, .L3+4
  80 0048 2246     		mov	r2, r4
  81 004a 4FF40041 		mov	r1, #32768
  82 004e 2846     		mov	r0, r5
  83 0050 FFF7FEFF 		bl	HAL_GPIO_WritePin
  84              	.LVL0:
  54:Core/Src/gpio.c **** 
  55:Core/Src/gpio.c ****   /*Configure GPIO pin : PB15 */
  56:Core/Src/gpio.c ****   GPIO_InitStruct.Pin = GPIO_PIN_15;
  85              		.loc 1 56 0
  86 0054 4FF40043 		mov	r3, #32768
  87 0058 0493     		str	r3, [sp, #16]
  57:Core/Src/gpio.c ****   GPIO_InitStruct.Mode = GPIO_MODE_OUTPUT_PP;
  88              		.loc 1 57 0
  89 005a 0123     		movs	r3, #1
  90 005c 0593     		str	r3, [sp, #20]
  58:Core/Src/gpio.c ****   GPIO_InitStruct.Pull = GPIO_NOPULL;
  91              		.loc 1 58 0
  92 005e 0694     		str	r4, [sp, #24]
  59:Core/Src/gpio.c ****   GPIO_InitStruct.Speed = GPIO_SPEED_FREQ_LOW;
  93              		.loc 1 59 0
  94 0060 0223     		movs	r3, #2
  95 0062 0793     		str	r3, [sp, #28]
  60:Core/Src/gpio.c ****   HAL_GPIO_Init(GPIOB, &GPIO_InitStruct);
  96              		.loc 1 60 0
  97 0064 04A9     		add	r1, sp, #16
  98 0066 2846     		mov	r0, r5
  99 0068 FFF7FEFF 		bl	HAL_GPIO_Init
 100              	.LVL1:
  61:Core/Src/gpio.c **** 
  62:Core/Src/gpio.c **** }
 101              		.loc 1 62 0
 102 006c 09B0     		add	sp, sp, #36
 103              	.LCFI2:
 104              		.cfi_def_cfa_offset 12
 105              		@ sp needed
 106 006e 30BD     		pop	{r4, r5, pc}
 107              	.L4:
 108              		.align	2
 109              	.L3:
 110 0070 00100240 		.word	1073876992
ARM GAS  C:\Users\大毛\AppData\Local\Temp\ccI7lTJJ.s 			page 4


 111 0074 000C0140 		.word	1073810432
 112              		.cfi_endproc
 113              	.LFE65:
 115              		.text
 116              	.Letext0:
 117              		.file 2 "d:\\gnu tools for arm embedded processors\\5.4 2016q3\\arm-none-eabi\\include\\machine\\_
 118              		.file 3 "d:\\gnu tools for arm embedded processors\\5.4 2016q3\\arm-none-eabi\\include\\sys\\_stdi
 119              		.file 4 "Drivers/CMSIS/Device/ST/STM32F1xx/Include/stm32f103xb.h"
 120              		.file 5 "Drivers/STM32F1xx_HAL_Driver/Inc/stm32f1xx_hal_gpio.h"
 121              		.file 6 "Drivers/CMSIS/Include/core_cm3.h"
ARM GAS  C:\Users\大毛\AppData\Local\Temp\ccI7lTJJ.s 			page 5


DEFINED SYMBOLS
                            *ABS*:00000000 gpio.c
C:\Users\大毛\AppData\Local\Temp\ccI7lTJJ.s:20     .text.MX_GPIO_Init:00000000 $t
C:\Users\大毛\AppData\Local\Temp\ccI7lTJJ.s:25     .text.MX_GPIO_Init:00000000 MX_GPIO_Init
C:\Users\大毛\AppData\Local\Temp\ccI7lTJJ.s:110    .text.MX_GPIO_Init:00000070 $d
                     .debug_frame:00000010 $d

UNDEFINED SYMBOLS
HAL_GPIO_WritePin
HAL_GPIO_Init
