ARM GAS  C:\Users\大毛\AppData\Local\Temp\ccWWx5Sv.s 			page 1


   1              		.syntax unified
   2              		.cpu cortex-m3
   3              		.fpu softvfp
   4              		.eabi_attribute 20, 1
   5              		.eabi_attribute 21, 1
   6              		.eabi_attribute 23, 3
   7              		.eabi_attribute 24, 1
   8              		.eabi_attribute 25, 1
   9              		.eabi_attribute 26, 1
  10              		.eabi_attribute 30, 1
  11              		.eabi_attribute 34, 1
  12              		.eabi_attribute 18, 4
  13              		.thumb
  14              		.syntax unified
  15              		.file	"RFID_low_level.cpp"
  16              		.text
  17              	.Ltext0:
  18              		.cfi_sections	.debug_frame
  19              		.section	.text._ZN12RFIDCommands8txpacketEPKhj,"ax",%progbits
  20              		.align	2
  21              		.global	_ZN12RFIDCommands8txpacketEPKhj
  22              		.thumb
  23              		.thumb_func
  25              	_ZN12RFIDCommands8txpacketEPKhj:
  26              		.fnstart
  27              	.LFB68:
  28              		.file 1 "Core/Src/RFID_low_level.cpp"
   1:Core/Src/RFID_low_level.cpp **** #include "RFID_low_level.h"
   2:Core/Src/RFID_low_level.cpp **** 
   3:Core/Src/RFID_low_level.cpp **** 
   4:Core/Src/RFID_low_level.cpp **** void RFIDCommands::txpacket(const uint8_t bytes[], size_t size)
   5:Core/Src/RFID_low_level.cpp **** {
  29              		.loc 1 5 0
  30              		.cfi_startproc
  31              		@ args = 0, pretend = 0, frame = 0
  32              		@ frame_needed = 0, uses_anonymous_args = 0
  33              	.LVL0:
  34 0000 08B5     		push	{r3, lr}
  35              		.save {r3, lr}
  36              	.LCFI0:
  37              		.cfi_def_cfa_offset 8
  38              		.cfi_offset 3, -8
  39              		.cfi_offset 14, -4
   6:Core/Src/RFID_low_level.cpp ****     HAL_UART_Transmit_IT(&FIRST_RFID_UART, bytes, size);
  40              		.loc 1 6 0
  41 0002 92B2     		uxth	r2, r2
  42              	.LVL1:
  43 0004 0148     		ldr	r0, .L3
  44              	.LVL2:
  45 0006 FFF7FEFF 		bl	HAL_UART_Transmit_IT
  46              	.LVL3:
  47 000a 08BD     		pop	{r3, pc}
  48              	.L4:
  49              		.align	2
  50              	.L3:
  51 000c 00000000 		.word	huart1
  52              		.cfi_endproc
ARM GAS  C:\Users\大毛\AppData\Local\Temp\ccWWx5Sv.s 			page 2


  53              	.LFE68:
  54              		.fnend
  56              		.section	.text._ZN13RFIDFunctions8checksumEPhj,"ax",%progbits
  57              		.align	2
  58              		.global	_ZN13RFIDFunctions8checksumEPhj
  59              		.thumb
  60              		.thumb_func
  62              	_ZN13RFIDFunctions8checksumEPhj:
  63              		.fnstart
  64              	.LFB80:
   7:Core/Src/RFID_low_level.cpp ****     //HAL_UART_Transmit_IT(&SECOND_RFID_UART, &byte, size);
   8:Core/Src/RFID_low_level.cpp ****     //If second RFID module is applied,
   9:Core/Src/RFID_low_level.cpp ****     //one can add another line of transmit code for that second RFID module like above    
  10:Core/Src/RFID_low_level.cpp **** }
  11:Core/Src/RFID_low_level.cpp **** 
  12:Core/Src/RFID_low_level.cpp **** void RFIDCommands::get_module_info()
  13:Core/Src/RFID_low_level.cpp **** {
  14:Core/Src/RFID_low_level.cpp ****     uint8_t data[] = {RFID_START_BYTE, RFID_COMMAND_FRAMETYPE, RFID_GET_MODULE_INFO_COMMAND, RFID_P
  15:Core/Src/RFID_low_level.cpp ****     RFID_HARDWARE_VERSION_PARAMETER, RFID_DEFAULT_CHECKSUM, RFID_END_BYTE};
  16:Core/Src/RFID_low_level.cpp ****     RFIDFunctions::checksum(data, sizeof(data) - 2);
  17:Core/Src/RFID_low_level.cpp ****     txpacket(data, sizeof(data));
  18:Core/Src/RFID_low_level.cpp **** }
  19:Core/Src/RFID_low_level.cpp **** 
  20:Core/Src/RFID_low_level.cpp **** void RFIDCommands::single_polling()
  21:Core/Src/RFID_low_level.cpp **** {
  22:Core/Src/RFID_low_level.cpp ****     uint8_t data[] = {RFID_START_BYTE, RFID_COMMAND_FRAMETYPE, RFID_SINGLE_POLLING_COMMAND, RFID_PA
  23:Core/Src/RFID_low_level.cpp ****     RFID_DEFAULT_CHECKSUM, RFID_END_BYTE};
  24:Core/Src/RFID_low_level.cpp ****     RFIDFunctions::checksum(data, sizeof(data) - 2);
  25:Core/Src/RFID_low_level.cpp ****     txpacket(data, sizeof(data));
  26:Core/Src/RFID_low_level.cpp **** }
  27:Core/Src/RFID_low_level.cpp **** 
  28:Core/Src/RFID_low_level.cpp **** void RFIDCommands::multi_polling(uint16_t pollingTimes)
  29:Core/Src/RFID_low_level.cpp **** {
  30:Core/Src/RFID_low_level.cpp ****     uint8_t data[] = {RFID_START_BYTE, RFID_COMMAND_FRAMETYPE, RFID_MULTI_POLLING_COMMAND, RFID_PAC
  31:Core/Src/RFID_low_level.cpp ****     RFID_MULTI_POLLING_RESERVED_BYTE, uint8_t((pollingTimes >> 8) & 0xFF), uint8_t(pollingTimes & 0
  32:Core/Src/RFID_low_level.cpp ****     RFIDFunctions::checksum(data, sizeof(data) - 2);
  33:Core/Src/RFID_low_level.cpp ****     txpacket(data, sizeof(data));
  34:Core/Src/RFID_low_level.cpp **** }
  35:Core/Src/RFID_low_level.cpp **** 
  36:Core/Src/RFID_low_level.cpp **** void RFIDCommands::stop_multi_polling()
  37:Core/Src/RFID_low_level.cpp **** {
  38:Core/Src/RFID_low_level.cpp ****     uint8_t data[] = {RFID_START_BYTE, RFID_COMMAND_FRAMETYPE, RFID_STOP_MULTI_POLLING_COMMAND, RFI
  39:Core/Src/RFID_low_level.cpp ****     RFID_DEFAULT_CHECKSUM, RFID_END_BYTE};
  40:Core/Src/RFID_low_level.cpp ****     RFIDFunctions::checksum(data, sizeof(data) - 2);
  41:Core/Src/RFID_low_level.cpp ****     txpacket(data, sizeof(data));
  42:Core/Src/RFID_low_level.cpp **** }
  43:Core/Src/RFID_low_level.cpp **** 
  44:Core/Src/RFID_low_level.cpp **** void RFIDCommands::set_baudrate(uint16_t baudrate)
  45:Core/Src/RFID_low_level.cpp **** {
  46:Core/Src/RFID_low_level.cpp ****     uint16_t powPara = baudrate/100; //Intended baud rate has to be divided by 100 to be used by RF
  47:Core/Src/RFID_low_level.cpp ****     uint8_t data[] = {RFID_START_BYTE, RFID_COMMAND_FRAMETYPE, RFID_SET_BAUDRATE_COMMAND, RFID_PACK
  48:Core/Src/RFID_low_level.cpp ****     uint8_t((powPara >> 8) & 0xFF), uint8_t(powPara & 0xFF), RFID_DEFAULT_CHECKSUM, RFID_END_BYTE};
  49:Core/Src/RFID_low_level.cpp ****     RFIDFunctions::checksum(data, sizeof(data) - 2);
  50:Core/Src/RFID_low_level.cpp ****     txpacket(data, sizeof(data));
  51:Core/Src/RFID_low_level.cpp **** }
  52:Core/Src/RFID_low_level.cpp **** 
  53:Core/Src/RFID_low_level.cpp **** void RFIDCommands::get_transmitpower()
ARM GAS  C:\Users\大毛\AppData\Local\Temp\ccWWx5Sv.s 			page 3


  54:Core/Src/RFID_low_level.cpp **** {
  55:Core/Src/RFID_low_level.cpp ****     uint8_t data[] = {RFID_START_BYTE, RFID_COMMAND_FRAMETYPE, RFID_GET_TRANSMIT_POWER_COMMAND, RFI
  56:Core/Src/RFID_low_level.cpp ****     RFID_DEFAULT_CHECKSUM, RFID_END_BYTE};
  57:Core/Src/RFID_low_level.cpp ****     RFIDFunctions::checksum(data, sizeof(data) - 2);
  58:Core/Src/RFID_low_level.cpp ****     txpacket(data, sizeof(data));
  59:Core/Src/RFID_low_level.cpp **** }
  60:Core/Src/RFID_low_level.cpp **** 
  61:Core/Src/RFID_low_level.cpp **** void RFIDCommands::set_transmitpower(uint16_t powerdbm)
  62:Core/Src/RFID_low_level.cpp **** {
  63:Core/Src/RFID_low_level.cpp ****     uint16_t powerValue = powerdbm * 100; //Intended transimission power value in dbm has to be mut
  64:Core/Src/RFID_low_level.cpp ****     uint8_t data[] = {RFID_START_BYTE, RFID_COMMAND_FRAMETYPE, RFID_SET_TRANSMIT_POWER_COMMAND, RFI
  65:Core/Src/RFID_low_level.cpp ****     uint8_t((powerValue >> 8) & 0xFF), uint8_t(powerValue & 0xFF), RFID_DEFAULT_CHECKSUM, RFID_END_
  66:Core/Src/RFID_low_level.cpp ****     RFIDFunctions::checksum(data, sizeof(data) - 2);
  67:Core/Src/RFID_low_level.cpp ****     txpacket(data, sizeof(data));
  68:Core/Src/RFID_low_level.cpp **** }
  69:Core/Src/RFID_low_level.cpp **** 
  70:Core/Src/RFID_low_level.cpp **** void RFIDCommands::set_sleep_mode()
  71:Core/Src/RFID_low_level.cpp **** {
  72:Core/Src/RFID_low_level.cpp ****     uint8_t data[] = {RFID_START_BYTE, RFID_COMMAND_FRAMETYPE, RFID_SET_SLEEP_MODE_COMMAND, RFID_PA
  73:Core/Src/RFID_low_level.cpp ****     RFID_DEFAULT_CHECKSUM, RFID_END_BYTE};
  74:Core/Src/RFID_low_level.cpp ****     RFIDFunctions::checksum(data, sizeof(data) - 2);
  75:Core/Src/RFID_low_level.cpp ****     txpacket(data, sizeof(data));
  76:Core/Src/RFID_low_level.cpp **** }
  77:Core/Src/RFID_low_level.cpp **** 
  78:Core/Src/RFID_low_level.cpp **** //Time is measured in minutes,
  79:Core/Src/RFID_low_level.cpp **** //time indicates how long will module wait before automatically enter sleep mode
  80:Core/Src/RFID_low_level.cpp **** void RFIDCommands::set_auto_sleep_time(uint8_t time) 
  81:Core/Src/RFID_low_level.cpp **** {
  82:Core/Src/RFID_low_level.cpp ****     uint8_t data[] = {RFID_START_BYTE, RFID_COMMAND_FRAMETYPE, RFID_SET_ATUO_SLEEP_TIME_COMMAND, RF
  83:Core/Src/RFID_low_level.cpp ****     time, RFID_DEFAULT_CHECKSUM, RFID_END_BYTE};
  84:Core/Src/RFID_low_level.cpp ****     RFIDFunctions::checksum(data, sizeof(data) - 2);
  85:Core/Src/RFID_low_level.cpp ****     txpacket(data, sizeof(data));
  86:Core/Src/RFID_low_level.cpp **** }
  87:Core/Src/RFID_low_level.cpp **** 
  88:Core/Src/RFID_low_level.cpp **** //Time is measured in minutes,
  89:Core/Src/RFID_low_level.cpp **** //time indicates how long will module wait before automatically enter IDLE mode
  90:Core/Src/RFID_low_level.cpp **** void RFIDCommands::enter_IDLEmode(uint8_t time) 
  91:Core/Src/RFID_low_level.cpp **** {
  92:Core/Src/RFID_low_level.cpp ****     uint8_t data[] = {RFID_START_BYTE, RFID_COMMAND_FRAMETYPE, RFID_SET_IDLE_COMMAND, RFID_PACKET_L
  93:Core/Src/RFID_low_level.cpp ****     RFID_ENTER_IDLE, RFID_SET_IDLE_RESERVED, time, RFID_DEFAULT_CHECKSUM, RFID_END_BYTE};
  94:Core/Src/RFID_low_level.cpp ****     RFIDFunctions::checksum(data, sizeof(data) - 2);
  95:Core/Src/RFID_low_level.cpp ****     txpacket(data, sizeof(data));
  96:Core/Src/RFID_low_level.cpp **** }
  97:Core/Src/RFID_low_level.cpp **** 
  98:Core/Src/RFID_low_level.cpp **** void RFIDFunctions::receivedByteJudge()
  99:Core/Src/RFID_low_level.cpp **** {
 100:Core/Src/RFID_low_level.cpp ****     using namespace RFIDGlobalVariables;
 101:Core/Src/RFID_low_level.cpp ****     if(receivedDataBuffer[0] == RFID_START_BYTE && startByteFlag == 0 && currentSize == 0)
 102:Core/Src/RFID_low_level.cpp ****     {
 103:Core/Src/RFID_low_level.cpp ****         startByteFlag = 1;
 104:Core/Src/RFID_low_level.cpp ****         currentSize += 1;
 105:Core/Src/RFID_low_level.cpp ****         HAL_UART_Receive_IT(&FIRST_RFID_UART, RFIDGlobalVariables::receivedDataBuffer + currentSize
 106:Core/Src/RFID_low_level.cpp ****     } 
 107:Core/Src/RFID_low_level.cpp ****     else if(startByteFlag == 1 && currentSize == 1)
 108:Core/Src/RFID_low_level.cpp ****     {
 109:Core/Src/RFID_low_level.cpp ****         currentSize += 4;
 110:Core/Src/RFID_low_level.cpp **** 
ARM GAS  C:\Users\大毛\AppData\Local\Temp\ccWWx5Sv.s 			page 4


 111:Core/Src/RFID_low_level.cpp ****         //Case by Packet Length parameter
 112:Core/Src/RFID_low_level.cpp ****         //According to user mnual, 
 113:Core/Src/RFID_low_level.cpp ****         //first byte of Packet Length is never used, 
 114:Core/Src/RFID_low_level.cpp ****         //so we only consider second byte
 115:Core/Src/RFID_low_level.cpp ****         switch (receivedDataBuffer[4]){
 116:Core/Src/RFID_low_level.cpp ****             case 0x00:
 117:Core/Src/RFID_low_level.cpp ****                 HAL_UART_Receive_IT(&FIRST_RFID_UART, RFIDGlobalVariables::receivedDataBuffer + cur
 118:Core/Src/RFID_low_level.cpp ****                 break;
 119:Core/Src/RFID_low_level.cpp ****             case 0x01:
 120:Core/Src/RFID_low_level.cpp ****                 HAL_UART_Receive_IT(&FIRST_RFID_UART, RFIDGlobalVariables::receivedDataBuffer + cur
 121:Core/Src/RFID_low_level.cpp ****                 break;
 122:Core/Src/RFID_low_level.cpp ****             case 0x02:
 123:Core/Src/RFID_low_level.cpp ****                 HAL_UART_Receive_IT(&FIRST_RFID_UART, RFIDGlobalVariables::receivedDataBuffer + cur
 124:Core/Src/RFID_low_level.cpp ****                 break;
 125:Core/Src/RFID_low_level.cpp ****             case 0x03:
 126:Core/Src/RFID_low_level.cpp ****                 HAL_UART_Receive_IT(&FIRST_RFID_UART, RFIDGlobalVariables::receivedDataBuffer + cur
 127:Core/Src/RFID_low_level.cpp ****                 break;
 128:Core/Src/RFID_low_level.cpp ****             case 0x0B:
 129:Core/Src/RFID_low_level.cpp ****                 HAL_UART_Receive_IT(&FIRST_RFID_UART, RFIDGlobalVariables::receivedDataBuffer + cur
 130:Core/Src/RFID_low_level.cpp ****                 break;
 131:Core/Src/RFID_low_level.cpp ****             case 0x11:
 132:Core/Src/RFID_low_level.cpp ****                 HAL_UART_Receive_IT(&FIRST_RFID_UART, RFIDGlobalVariables::receivedDataBuffer + cur
 133:Core/Src/RFID_low_level.cpp ****                 break;
 134:Core/Src/RFID_low_level.cpp ****             default:
 135:Core/Src/RFID_low_level.cpp ****                 resetGlobalVariables(); //not receiving the expected packet
 136:Core/Src/RFID_low_level.cpp ****                 RFIDFunctions::startFirstByteReceive();
 137:Core/Src/RFID_low_level.cpp ****         }
 138:Core/Src/RFID_low_level.cpp ****     }
 139:Core/Src/RFID_low_level.cpp ****     else if(startByteFlag == 1 && currentSize == 5) //Receive is completed
 140:Core/Src/RFID_low_level.cpp ****     {
 141:Core/Src/RFID_low_level.cpp ****         //Case by Packet Length parameter
 142:Core/Src/RFID_low_level.cpp ****         //According to user mnual, 
 143:Core/Src/RFID_low_level.cpp ****         //first byte of Packet Length is never used, 
 144:Core/Src/RFID_low_level.cpp ****         //so we only consider second byte
 145:Core/Src/RFID_low_level.cpp ****         switch (receivedDataBuffer[4]){
 146:Core/Src/RFID_low_level.cpp ****             case 0x00:
 147:Core/Src/RFID_low_level.cpp ****                 currentSize += 2;
 148:Core/Src/RFID_low_level.cpp ****                 receiveCompleteFlag = 1;      
 149:Core/Src/RFID_low_level.cpp ****                 break;
 150:Core/Src/RFID_low_level.cpp ****             case 0x01:
 151:Core/Src/RFID_low_level.cpp ****                 currentSize += 3;
 152:Core/Src/RFID_low_level.cpp ****                 receiveCompleteFlag = 1; 
 153:Core/Src/RFID_low_level.cpp ****                 break;
 154:Core/Src/RFID_low_level.cpp ****             case 0x02:
 155:Core/Src/RFID_low_level.cpp ****                 currentSize += 4;
 156:Core/Src/RFID_low_level.cpp ****                 receiveCompleteFlag = 1;
 157:Core/Src/RFID_low_level.cpp ****                 break;
 158:Core/Src/RFID_low_level.cpp ****             case 0x03:
 159:Core/Src/RFID_low_level.cpp ****                 currentSize += 5;
 160:Core/Src/RFID_low_level.cpp ****                 receiveCompleteFlag = 1;
 161:Core/Src/RFID_low_level.cpp ****                 break;
 162:Core/Src/RFID_low_level.cpp ****             case 0x0B:
 163:Core/Src/RFID_low_level.cpp ****                 currentSize += 0x0D;
 164:Core/Src/RFID_low_level.cpp ****                 receiveCompleteFlag = 1;
 165:Core/Src/RFID_low_level.cpp ****                 break;
 166:Core/Src/RFID_low_level.cpp ****             case 0x11:
 167:Core/Src/RFID_low_level.cpp ****                 currentSize += 0x13;
ARM GAS  C:\Users\大毛\AppData\Local\Temp\ccWWx5Sv.s 			page 5


 168:Core/Src/RFID_low_level.cpp ****                 receiveCompleteFlag = 1;
 169:Core/Src/RFID_low_level.cpp ****                 break;
 170:Core/Src/RFID_low_level.cpp ****             default:
 171:Core/Src/RFID_low_level.cpp ****                 resetGlobalVariables(); //not receiving the expected packet
 172:Core/Src/RFID_low_level.cpp ****                 RFIDFunctions::startFirstByteReceive();
 173:Core/Src/RFID_low_level.cpp ****             }
 174:Core/Src/RFID_low_level.cpp ****     }
 175:Core/Src/RFID_low_level.cpp ****     else if(startByteFlag == 1 && receiveCompleteFlag == 1)
 176:Core/Src/RFID_low_level.cpp ****     {
 177:Core/Src/RFID_low_level.cpp ****         //A complete packet has already been received, so do nothing here
 178:Core/Src/RFID_low_level.cpp ****     }
 179:Core/Src/RFID_low_level.cpp ****     else 
 180:Core/Src/RFID_low_level.cpp ****     {
 181:Core/Src/RFID_low_level.cpp ****         resetGlobalVariables();
 182:Core/Src/RFID_low_level.cpp ****         RFIDFunctions::startFirstByteReceive();
 183:Core/Src/RFID_low_level.cpp ****     }
 184:Core/Src/RFID_low_level.cpp **** }
 185:Core/Src/RFID_low_level.cpp **** 
 186:Core/Src/RFID_low_level.cpp **** /*The Checksum is the sum from the Frame Type byte to the last Instruction Parameter byte,
 187:Core/Src/RFID_low_level.cpp **** and takes only the sum's lowest byte (LSB). Checksum is used to verify if the transmit is correct.
 188:Core/Src/RFID_low_level.cpp **** !!Also please notice that checksum function has already ignored the first byte but not the last 2 b
 189:Core/Src/RFID_low_level.cpp **** void RFIDFunctions::checksum(uint8_t bytes[], size_t size)
 190:Core/Src/RFID_low_level.cpp **** {
  65              		.loc 1 190 0
  66              		.cfi_startproc
  67              		@ args = 0, pretend = 0, frame = 0
  68              		@ frame_needed = 0, uses_anonymous_args = 0
  69              		@ link register save eliminated.
  70              	.LVL4:
  71 0000 10B4     		push	{r4}
  72              	.LCFI1:
  73              		.cfi_def_cfa_offset 4
  74              		.cfi_offset 4, -4
  75              	.LVL5:
  76              	.LBB2:
 191:Core/Src/RFID_low_level.cpp ****     uint8_t checksum;
 192:Core/Src/RFID_low_level.cpp ****     for (size_t i = 1; i < size; i++) {
  77              		.loc 1 192 0
  78 0002 0123     		movs	r3, #1
  79              	.LVL6:
  80              	.L7:
  81              		.loc 1 192 0 is_stmt 0 discriminator 3
  82 0004 8B42     		cmp	r3, r1
  83 0006 04D2     		bcs	.L6
 193:Core/Src/RFID_low_level.cpp ****         checksum += bytes[i];
  84              		.loc 1 193 0 is_stmt 1 discriminator 2
  85 0008 C45C     		ldrb	r4, [r0, r3]	@ zero_extendqisi2
  86 000a 2244     		add	r2, r2, r4
  87              	.LVL7:
  88 000c D2B2     		uxtb	r2, r2
  89              	.LVL8:
 192:Core/Src/RFID_low_level.cpp ****         checksum += bytes[i];
  90              		.loc 1 192 0 discriminator 2
  91 000e 0133     		adds	r3, r3, #1
  92              	.LVL9:
  93 0010 F8E7     		b	.L7
  94              	.L6:
ARM GAS  C:\Users\大毛\AppData\Local\Temp\ccWWx5Sv.s 			page 6


  95              	.LBE2:
 194:Core/Src/RFID_low_level.cpp ****     }
 195:Core/Src/RFID_low_level.cpp ****     bytes[size] = checksum;
  96              		.loc 1 195 0
  97 0012 4254     		strb	r2, [r0, r1]
 196:Core/Src/RFID_low_level.cpp **** }
  98              		.loc 1 196 0
  99 0014 10BC     		pop	{r4}
 100              	.LCFI2:
 101              		.cfi_restore 4
 102              		.cfi_def_cfa_offset 0
 103 0016 7047     		bx	lr
 104              		.cfi_endproc
 105              	.LFE80:
 106              		.cantunwind
 107              		.fnend
 109              		.section	.text._ZN12RFIDCommands15get_module_infoEv,"ax",%progbits
 110              		.align	2
 111              		.global	_ZN12RFIDCommands15get_module_infoEv
 112              		.thumb
 113              		.thumb_func
 115              	_ZN12RFIDCommands15get_module_infoEv:
 116              		.fnstart
 117              	.LFB69:
  13:Core/Src/RFID_low_level.cpp ****     uint8_t data[] = {RFID_START_BYTE, RFID_COMMAND_FRAMETYPE, RFID_GET_MODULE_INFO_COMMAND, RFID_P
 118              		.loc 1 13 0
 119              		.cfi_startproc
 120              		@ args = 0, pretend = 0, frame = 8
 121              		@ frame_needed = 0, uses_anonymous_args = 0
 122              	.LVL10:
 123 0000 10B5     		push	{r4, lr}
 124              		.save {r4, lr}
 125              	.LCFI3:
 126              		.cfi_def_cfa_offset 8
 127              		.cfi_offset 4, -8
 128              		.cfi_offset 14, -4
 129              		.pad #8
 130 0002 82B0     		sub	sp, sp, #8
 131              	.LCFI4:
 132              		.cfi_def_cfa_offset 16
 133 0004 0446     		mov	r4, r0
  15:Core/Src/RFID_low_level.cpp ****     RFIDFunctions::checksum(data, sizeof(data) - 2);
 134              		.loc 1 15 0
 135 0006 084A     		ldr	r2, .L11
 136 0008 6B46     		mov	r3, sp
 137 000a 1068     		ldr	r0, [r2]	@ unaligned
 138              	.LVL11:
 139 000c 5168     		ldr	r1, [r2, #4]	@ unaligned
 140 000e 03C3     		stmia	r3!, {r0, r1}
  16:Core/Src/RFID_low_level.cpp ****     txpacket(data, sizeof(data));
 141              		.loc 1 16 0
 142 0010 0621     		movs	r1, #6
 143 0012 6846     		mov	r0, sp
 144 0014 FFF7FEFF 		bl	_ZN13RFIDFunctions8checksumEPhj
 145              	.LVL12:
  17:Core/Src/RFID_low_level.cpp **** }
 146              		.loc 1 17 0
ARM GAS  C:\Users\大毛\AppData\Local\Temp\ccWWx5Sv.s 			page 7


 147 0018 0822     		movs	r2, #8
 148 001a 6946     		mov	r1, sp
 149 001c 2046     		mov	r0, r4
 150 001e FFF7FEFF 		bl	_ZN12RFIDCommands8txpacketEPKhj
 151              	.LVL13:
  18:Core/Src/RFID_low_level.cpp **** 
 152              		.loc 1 18 0
 153 0022 02B0     		add	sp, sp, #8
 154              	.LCFI5:
 155              		.cfi_def_cfa_offset 8
 156              		@ sp needed
 157 0024 10BD     		pop	{r4, pc}
 158              	.LVL14:
 159              	.L12:
 160 0026 00BF     		.align	2
 161              	.L11:
 162 0028 00000000 		.word	.LANCHOR0
 163              		.cfi_endproc
 164              	.LFE69:
 165              		.fnend
 167              		.section	.text._ZN12RFIDCommands14single_pollingEv,"ax",%progbits
 168              		.align	2
 169              		.global	_ZN12RFIDCommands14single_pollingEv
 170              		.thumb
 171              		.thumb_func
 173              	_ZN12RFIDCommands14single_pollingEv:
 174              		.fnstart
 175              	.LFB70:
  21:Core/Src/RFID_low_level.cpp ****     uint8_t data[] = {RFID_START_BYTE, RFID_COMMAND_FRAMETYPE, RFID_SINGLE_POLLING_COMMAND, RFID_PA
 176              		.loc 1 21 0
 177              		.cfi_startproc
 178              		@ args = 0, pretend = 0, frame = 8
 179              		@ frame_needed = 0, uses_anonymous_args = 0
 180              	.LVL15:
 181 0000 10B5     		push	{r4, lr}
 182              		.save {r4, lr}
 183              	.LCFI6:
 184              		.cfi_def_cfa_offset 8
 185              		.cfi_offset 4, -8
 186              		.cfi_offset 14, -4
 187              		.pad #8
 188 0002 82B0     		sub	sp, sp, #8
 189              	.LCFI7:
 190              		.cfi_def_cfa_offset 16
 191 0004 0446     		mov	r4, r0
  23:Core/Src/RFID_low_level.cpp ****     RFIDFunctions::checksum(data, sizeof(data) - 2);
 192              		.loc 1 23 0
 193 0006 0A4B     		ldr	r3, .L15
 194 0008 53F8080F 		ldr	r0, [r3, #8]!	@ unaligned
 195              	.LVL16:
 196 000c 0090     		str	r0, [sp]	@ unaligned
 197 000e 9A88     		ldrh	r2, [r3, #4]	@ unaligned
 198 0010 9B79     		ldrb	r3, [r3, #6]	@ zero_extendqisi2
 199 0012 ADF80420 		strh	r2, [sp, #4]	@ unaligned
 200 0016 8DF80630 		strb	r3, [sp, #6]
  24:Core/Src/RFID_low_level.cpp ****     txpacket(data, sizeof(data));
 201              		.loc 1 24 0
ARM GAS  C:\Users\大毛\AppData\Local\Temp\ccWWx5Sv.s 			page 8


 202 001a 0521     		movs	r1, #5
 203 001c 6846     		mov	r0, sp
 204 001e FFF7FEFF 		bl	_ZN13RFIDFunctions8checksumEPhj
 205              	.LVL17:
  25:Core/Src/RFID_low_level.cpp **** }
 206              		.loc 1 25 0
 207 0022 0722     		movs	r2, #7
 208 0024 6946     		mov	r1, sp
 209 0026 2046     		mov	r0, r4
 210 0028 FFF7FEFF 		bl	_ZN12RFIDCommands8txpacketEPKhj
 211              	.LVL18:
  26:Core/Src/RFID_low_level.cpp **** 
 212              		.loc 1 26 0
 213 002c 02B0     		add	sp, sp, #8
 214              	.LCFI8:
 215              		.cfi_def_cfa_offset 8
 216              		@ sp needed
 217 002e 10BD     		pop	{r4, pc}
 218              	.LVL19:
 219              	.L16:
 220              		.align	2
 221              	.L15:
 222 0030 00000000 		.word	.LANCHOR0
 223              		.cfi_endproc
 224              	.LFE70:
 225              		.fnend
 227              		.section	.text._ZN12RFIDCommands13multi_pollingEt,"ax",%progbits
 228              		.align	2
 229              		.global	_ZN12RFIDCommands13multi_pollingEt
 230              		.thumb
 231              		.thumb_func
 233              	_ZN12RFIDCommands13multi_pollingEt:
 234              		.fnstart
 235              	.LFB71:
  29:Core/Src/RFID_low_level.cpp ****     uint8_t data[] = {RFID_START_BYTE, RFID_COMMAND_FRAMETYPE, RFID_MULTI_POLLING_COMMAND, RFID_PAC
 236              		.loc 1 29 0
 237              		.cfi_startproc
 238              		@ args = 0, pretend = 0, frame = 16
 239              		@ frame_needed = 0, uses_anonymous_args = 0
 240              	.LVL20:
 241 0000 10B5     		push	{r4, lr}
 242              		.save {r4, lr}
 243              	.LCFI9:
 244              		.cfi_def_cfa_offset 8
 245              		.cfi_offset 4, -8
 246              		.cfi_offset 14, -4
 247              		.pad #16
 248 0002 84B0     		sub	sp, sp, #16
 249              	.LCFI10:
 250              		.cfi_def_cfa_offset 24
 251 0004 0446     		mov	r4, r0
  31:Core/Src/RFID_low_level.cpp ****     RFIDFunctions::checksum(data, sizeof(data) - 2);
 252              		.loc 1 31 0
 253 0006 0023     		movs	r3, #0
 254 0008 0193     		str	r3, [sp, #4]
 255 000a ADF80C30 		strh	r3, [sp, #12]	@ movhi
 256 000e BB23     		movs	r3, #187
ARM GAS  C:\Users\大毛\AppData\Local\Temp\ccWWx5Sv.s 			page 9


 257 0010 8DF80430 		strb	r3, [sp, #4]
 258 0014 2723     		movs	r3, #39
 259 0016 8DF80630 		strb	r3, [sp, #6]
 260 001a 0323     		movs	r3, #3
 261 001c 8DF80830 		strb	r3, [sp, #8]
 262 0020 2223     		movs	r3, #34
 263 0022 8DF80930 		strb	r3, [sp, #9]
 264 0026 7E23     		movs	r3, #126
 265 0028 8DF80D30 		strb	r3, [sp, #13]
 266 002c 0B0A     		lsrs	r3, r1, #8
 267 002e 8DF80A30 		strb	r3, [sp, #10]
 268 0032 8DF80B10 		strb	r1, [sp, #11]
  32:Core/Src/RFID_low_level.cpp ****     txpacket(data, sizeof(data));
 269              		.loc 1 32 0
 270 0036 0821     		movs	r1, #8
 271              	.LVL21:
 272 0038 01A8     		add	r0, sp, #4
 273              	.LVL22:
 274 003a FFF7FEFF 		bl	_ZN13RFIDFunctions8checksumEPhj
 275              	.LVL23:
  33:Core/Src/RFID_low_level.cpp **** }
 276              		.loc 1 33 0
 277 003e 0A22     		movs	r2, #10
 278 0040 01A9     		add	r1, sp, #4
 279 0042 2046     		mov	r0, r4
 280 0044 FFF7FEFF 		bl	_ZN12RFIDCommands8txpacketEPKhj
 281              	.LVL24:
  34:Core/Src/RFID_low_level.cpp **** 
 282              		.loc 1 34 0
 283 0048 04B0     		add	sp, sp, #16
 284              	.LCFI11:
 285              		.cfi_def_cfa_offset 8
 286              		@ sp needed
 287 004a 10BD     		pop	{r4, pc}
 288              		.cfi_endproc
 289              	.LFE71:
 290              		.fnend
 292              		.section	.text._ZN12RFIDCommands18stop_multi_pollingEv,"ax",%progbits
 293              		.align	2
 294              		.global	_ZN12RFIDCommands18stop_multi_pollingEv
 295              		.thumb
 296              		.thumb_func
 298              	_ZN12RFIDCommands18stop_multi_pollingEv:
 299              		.fnstart
 300              	.LFB72:
  37:Core/Src/RFID_low_level.cpp ****     uint8_t data[] = {RFID_START_BYTE, RFID_COMMAND_FRAMETYPE, RFID_STOP_MULTI_POLLING_COMMAND, RFI
 301              		.loc 1 37 0
 302              		.cfi_startproc
 303              		@ args = 0, pretend = 0, frame = 8
 304              		@ frame_needed = 0, uses_anonymous_args = 0
 305              	.LVL25:
 306 0000 10B5     		push	{r4, lr}
 307              		.save {r4, lr}
 308              	.LCFI12:
 309              		.cfi_def_cfa_offset 8
 310              		.cfi_offset 4, -8
 311              		.cfi_offset 14, -4
ARM GAS  C:\Users\大毛\AppData\Local\Temp\ccWWx5Sv.s 			page 10


 312              		.pad #8
 313 0002 82B0     		sub	sp, sp, #8
 314              	.LCFI13:
 315              		.cfi_def_cfa_offset 16
 316 0004 0446     		mov	r4, r0
  39:Core/Src/RFID_low_level.cpp ****     RFIDFunctions::checksum(data, sizeof(data) - 2);
 317              		.loc 1 39 0
 318 0006 0A4B     		ldr	r3, .L21
 319 0008 53F8100F 		ldr	r0, [r3, #16]!	@ unaligned
 320              	.LVL26:
 321 000c 0090     		str	r0, [sp]	@ unaligned
 322 000e 9A88     		ldrh	r2, [r3, #4]	@ unaligned
 323 0010 9B79     		ldrb	r3, [r3, #6]	@ zero_extendqisi2
 324 0012 ADF80420 		strh	r2, [sp, #4]	@ unaligned
 325 0016 8DF80630 		strb	r3, [sp, #6]
  40:Core/Src/RFID_low_level.cpp ****     txpacket(data, sizeof(data));
 326              		.loc 1 40 0
 327 001a 0521     		movs	r1, #5
 328 001c 6846     		mov	r0, sp
 329 001e FFF7FEFF 		bl	_ZN13RFIDFunctions8checksumEPhj
 330              	.LVL27:
  41:Core/Src/RFID_low_level.cpp **** }
 331              		.loc 1 41 0
 332 0022 0722     		movs	r2, #7
 333 0024 6946     		mov	r1, sp
 334 0026 2046     		mov	r0, r4
 335 0028 FFF7FEFF 		bl	_ZN12RFIDCommands8txpacketEPKhj
 336              	.LVL28:
  42:Core/Src/RFID_low_level.cpp **** 
 337              		.loc 1 42 0
 338 002c 02B0     		add	sp, sp, #8
 339              	.LCFI14:
 340              		.cfi_def_cfa_offset 8
 341              		@ sp needed
 342 002e 10BD     		pop	{r4, pc}
 343              	.LVL29:
 344              	.L22:
 345              		.align	2
 346              	.L21:
 347 0030 00000000 		.word	.LANCHOR0
 348              		.cfi_endproc
 349              	.LFE72:
 350              		.fnend
 352              		.section	.text._ZN12RFIDCommands12set_baudrateEt,"ax",%progbits
 353              		.align	2
 354              		.global	_ZN12RFIDCommands12set_baudrateEt
 355              		.thumb
 356              		.thumb_func
 358              	_ZN12RFIDCommands12set_baudrateEt:
 359              		.fnstart
 360              	.LFB73:
  45:Core/Src/RFID_low_level.cpp ****     uint16_t powPara = baudrate/100; //Intended baud rate has to be divided by 100 to be used by RF
 361              		.loc 1 45 0
 362              		.cfi_startproc
 363              		@ args = 0, pretend = 0, frame = 16
 364              		@ frame_needed = 0, uses_anonymous_args = 0
 365              	.LVL30:
ARM GAS  C:\Users\大毛\AppData\Local\Temp\ccWWx5Sv.s 			page 11


 366 0000 10B5     		push	{r4, lr}
 367              		.save {r4, lr}
 368              	.LCFI15:
 369              		.cfi_def_cfa_offset 8
 370              		.cfi_offset 4, -8
 371              		.cfi_offset 14, -4
 372              		.pad #16
 373 0002 84B0     		sub	sp, sp, #16
 374              	.LCFI16:
 375              		.cfi_def_cfa_offset 24
 376 0004 0446     		mov	r4, r0
  46:Core/Src/RFID_low_level.cpp ****     uint8_t data[] = {RFID_START_BYTE, RFID_COMMAND_FRAMETYPE, RFID_SET_BAUDRATE_COMMAND, RFID_PACK
 377              		.loc 1 46 0
 378 0006 114B     		ldr	r3, .L25
 379 0008 A3FB0131 		umull	r3, r1, r3, r1
 380              	.LVL31:
 381 000c 4909     		lsrs	r1, r1, #5
 382              	.LVL32:
  48:Core/Src/RFID_low_level.cpp ****     RFIDFunctions::checksum(data, sizeof(data) - 2);
 383              		.loc 1 48 0
 384 000e 0023     		movs	r3, #0
 385 0010 0193     		str	r3, [sp, #4]
 386 0012 0293     		str	r3, [sp, #8]
 387 0014 BB23     		movs	r3, #187
 388 0016 8DF80430 		strb	r3, [sp, #4]
 389 001a 1123     		movs	r3, #17
 390 001c 8DF80630 		strb	r3, [sp, #6]
 391 0020 0223     		movs	r3, #2
 392 0022 8DF80830 		strb	r3, [sp, #8]
 393 0026 7E23     		movs	r3, #126
 394 0028 8DF80C30 		strb	r3, [sp, #12]
 395 002c 0B0A     		lsrs	r3, r1, #8
 396 002e 8DF80930 		strb	r3, [sp, #9]
 397 0032 8DF80A10 		strb	r1, [sp, #10]
  49:Core/Src/RFID_low_level.cpp ****     txpacket(data, sizeof(data));
 398              		.loc 1 49 0
 399 0036 0721     		movs	r1, #7
 400              	.LVL33:
 401 0038 01A8     		add	r0, sp, #4
 402              	.LVL34:
 403 003a FFF7FEFF 		bl	_ZN13RFIDFunctions8checksumEPhj
 404              	.LVL35:
  50:Core/Src/RFID_low_level.cpp **** }
 405              		.loc 1 50 0
 406 003e 0922     		movs	r2, #9
 407 0040 01A9     		add	r1, sp, #4
 408 0042 2046     		mov	r0, r4
 409 0044 FFF7FEFF 		bl	_ZN12RFIDCommands8txpacketEPKhj
 410              	.LVL36:
  51:Core/Src/RFID_low_level.cpp **** 
 411              		.loc 1 51 0
 412 0048 04B0     		add	sp, sp, #16
 413              	.LCFI17:
 414              		.cfi_def_cfa_offset 8
 415              		@ sp needed
 416 004a 10BD     		pop	{r4, pc}
 417              	.LVL37:
ARM GAS  C:\Users\大毛\AppData\Local\Temp\ccWWx5Sv.s 			page 12


 418              	.L26:
 419              		.align	2
 420              	.L25:
 421 004c 1F85EB51 		.word	1374389535
 422              		.cfi_endproc
 423              	.LFE73:
 424              		.fnend
 426              		.section	.text._ZN12RFIDCommands17get_transmitpowerEv,"ax",%progbits
 427              		.align	2
 428              		.global	_ZN12RFIDCommands17get_transmitpowerEv
 429              		.thumb
 430              		.thumb_func
 432              	_ZN12RFIDCommands17get_transmitpowerEv:
 433              		.fnstart
 434              	.LFB74:
  54:Core/Src/RFID_low_level.cpp ****     uint8_t data[] = {RFID_START_BYTE, RFID_COMMAND_FRAMETYPE, RFID_GET_TRANSMIT_POWER_COMMAND, RFI
 435              		.loc 1 54 0
 436              		.cfi_startproc
 437              		@ args = 0, pretend = 0, frame = 8
 438              		@ frame_needed = 0, uses_anonymous_args = 0
 439              	.LVL38:
 440 0000 10B5     		push	{r4, lr}
 441              		.save {r4, lr}
 442              	.LCFI18:
 443              		.cfi_def_cfa_offset 8
 444              		.cfi_offset 4, -8
 445              		.cfi_offset 14, -4
 446              		.pad #8
 447 0002 82B0     		sub	sp, sp, #8
 448              	.LCFI19:
 449              		.cfi_def_cfa_offset 16
 450 0004 0446     		mov	r4, r0
  56:Core/Src/RFID_low_level.cpp ****     RFIDFunctions::checksum(data, sizeof(data) - 2);
 451              		.loc 1 56 0
 452 0006 0A4B     		ldr	r3, .L29
 453 0008 53F8180F 		ldr	r0, [r3, #24]!	@ unaligned
 454              	.LVL39:
 455 000c 0090     		str	r0, [sp]	@ unaligned
 456 000e 9A88     		ldrh	r2, [r3, #4]	@ unaligned
 457 0010 9B79     		ldrb	r3, [r3, #6]	@ zero_extendqisi2
 458 0012 ADF80420 		strh	r2, [sp, #4]	@ unaligned
 459 0016 8DF80630 		strb	r3, [sp, #6]
  57:Core/Src/RFID_low_level.cpp ****     txpacket(data, sizeof(data));
 460              		.loc 1 57 0
 461 001a 0521     		movs	r1, #5
 462 001c 6846     		mov	r0, sp
 463 001e FFF7FEFF 		bl	_ZN13RFIDFunctions8checksumEPhj
 464              	.LVL40:
  58:Core/Src/RFID_low_level.cpp **** }
 465              		.loc 1 58 0
 466 0022 0722     		movs	r2, #7
 467 0024 6946     		mov	r1, sp
 468 0026 2046     		mov	r0, r4
 469 0028 FFF7FEFF 		bl	_ZN12RFIDCommands8txpacketEPKhj
 470              	.LVL41:
  59:Core/Src/RFID_low_level.cpp **** 
 471              		.loc 1 59 0
ARM GAS  C:\Users\大毛\AppData\Local\Temp\ccWWx5Sv.s 			page 13


 472 002c 02B0     		add	sp, sp, #8
 473              	.LCFI20:
 474              		.cfi_def_cfa_offset 8
 475              		@ sp needed
 476 002e 10BD     		pop	{r4, pc}
 477              	.LVL42:
 478              	.L30:
 479              		.align	2
 480              	.L29:
 481 0030 00000000 		.word	.LANCHOR0
 482              		.cfi_endproc
 483              	.LFE74:
 484              		.fnend
 486              		.section	.text._ZN12RFIDCommands17set_transmitpowerEt,"ax",%progbits
 487              		.align	2
 488              		.global	_ZN12RFIDCommands17set_transmitpowerEt
 489              		.thumb
 490              		.thumb_func
 492              	_ZN12RFIDCommands17set_transmitpowerEt:
 493              		.fnstart
 494              	.LFB75:
  62:Core/Src/RFID_low_level.cpp ****     uint16_t powerValue = powerdbm * 100; //Intended transimission power value in dbm has to be mut
 495              		.loc 1 62 0
 496              		.cfi_startproc
 497              		@ args = 0, pretend = 0, frame = 16
 498              		@ frame_needed = 0, uses_anonymous_args = 0
 499              	.LVL43:
 500 0000 10B5     		push	{r4, lr}
 501              		.save {r4, lr}
 502              	.LCFI21:
 503              		.cfi_def_cfa_offset 8
 504              		.cfi_offset 4, -8
 505              		.cfi_offset 14, -4
 506              		.pad #16
 507 0002 84B0     		sub	sp, sp, #16
 508              	.LCFI22:
 509              		.cfi_def_cfa_offset 24
 510 0004 0446     		mov	r4, r0
  63:Core/Src/RFID_low_level.cpp ****     uint8_t data[] = {RFID_START_BYTE, RFID_COMMAND_FRAMETYPE, RFID_SET_TRANSMIT_POWER_COMMAND, RFI
 511              		.loc 1 63 0
 512 0006 01EB8101 		add	r1, r1, r1, lsl #2
 513              	.LVL44:
 514 000a 01EB8101 		add	r1, r1, r1, lsl #2
 515 000e 8900     		lsls	r1, r1, #2
 516 0010 89B2     		uxth	r1, r1
 517              	.LVL45:
  65:Core/Src/RFID_low_level.cpp ****     RFIDFunctions::checksum(data, sizeof(data) - 2);
 518              		.loc 1 65 0
 519 0012 0023     		movs	r3, #0
 520 0014 0193     		str	r3, [sp, #4]
 521 0016 0293     		str	r3, [sp, #8]
 522 0018 BB23     		movs	r3, #187
 523 001a 8DF80430 		strb	r3, [sp, #4]
 524 001e B623     		movs	r3, #182
 525 0020 8DF80630 		strb	r3, [sp, #6]
 526 0024 0123     		movs	r3, #1
 527 0026 8DF80830 		strb	r3, [sp, #8]
ARM GAS  C:\Users\大毛\AppData\Local\Temp\ccWWx5Sv.s 			page 14


 528 002a 7E23     		movs	r3, #126
 529 002c 8DF80C30 		strb	r3, [sp, #12]
 530 0030 0B0A     		lsrs	r3, r1, #8
 531 0032 8DF80930 		strb	r3, [sp, #9]
 532 0036 8DF80A10 		strb	r1, [sp, #10]
  66:Core/Src/RFID_low_level.cpp ****     txpacket(data, sizeof(data));
 533              		.loc 1 66 0
 534 003a 0721     		movs	r1, #7
 535              	.LVL46:
 536 003c 01A8     		add	r0, sp, #4
 537              	.LVL47:
 538 003e FFF7FEFF 		bl	_ZN13RFIDFunctions8checksumEPhj
 539              	.LVL48:
  67:Core/Src/RFID_low_level.cpp **** }
 540              		.loc 1 67 0
 541 0042 0922     		movs	r2, #9
 542 0044 01A9     		add	r1, sp, #4
 543 0046 2046     		mov	r0, r4
 544 0048 FFF7FEFF 		bl	_ZN12RFIDCommands8txpacketEPKhj
 545              	.LVL49:
  68:Core/Src/RFID_low_level.cpp **** 
 546              		.loc 1 68 0
 547 004c 04B0     		add	sp, sp, #16
 548              	.LCFI23:
 549              		.cfi_def_cfa_offset 8
 550              		@ sp needed
 551 004e 10BD     		pop	{r4, pc}
 552              		.cfi_endproc
 553              	.LFE75:
 554              		.fnend
 556              		.section	.text._ZN12RFIDCommands14set_sleep_modeEv,"ax",%progbits
 557              		.align	2
 558              		.global	_ZN12RFIDCommands14set_sleep_modeEv
 559              		.thumb
 560              		.thumb_func
 562              	_ZN12RFIDCommands14set_sleep_modeEv:
 563              		.fnstart
 564              	.LFB76:
  71:Core/Src/RFID_low_level.cpp ****     uint8_t data[] = {RFID_START_BYTE, RFID_COMMAND_FRAMETYPE, RFID_SET_SLEEP_MODE_COMMAND, RFID_PA
 565              		.loc 1 71 0
 566              		.cfi_startproc
 567              		@ args = 0, pretend = 0, frame = 8
 568              		@ frame_needed = 0, uses_anonymous_args = 0
 569              	.LVL50:
 570 0000 10B5     		push	{r4, lr}
 571              		.save {r4, lr}
 572              	.LCFI24:
 573              		.cfi_def_cfa_offset 8
 574              		.cfi_offset 4, -8
 575              		.cfi_offset 14, -4
 576              		.pad #8
 577 0002 82B0     		sub	sp, sp, #8
 578              	.LCFI25:
 579              		.cfi_def_cfa_offset 16
 580 0004 0446     		mov	r4, r0
  73:Core/Src/RFID_low_level.cpp ****     RFIDFunctions::checksum(data, sizeof(data) - 2);
 581              		.loc 1 73 0
ARM GAS  C:\Users\大毛\AppData\Local\Temp\ccWWx5Sv.s 			page 15


 582 0006 0A4B     		ldr	r3, .L35
 583 0008 53F8200F 		ldr	r0, [r3, #32]!	@ unaligned
 584              	.LVL51:
 585 000c 0090     		str	r0, [sp]	@ unaligned
 586 000e 9A88     		ldrh	r2, [r3, #4]	@ unaligned
 587 0010 9B79     		ldrb	r3, [r3, #6]	@ zero_extendqisi2
 588 0012 ADF80420 		strh	r2, [sp, #4]	@ unaligned
 589 0016 8DF80630 		strb	r3, [sp, #6]
  74:Core/Src/RFID_low_level.cpp ****     txpacket(data, sizeof(data));
 590              		.loc 1 74 0
 591 001a 0521     		movs	r1, #5
 592 001c 6846     		mov	r0, sp
 593 001e FFF7FEFF 		bl	_ZN13RFIDFunctions8checksumEPhj
 594              	.LVL52:
  75:Core/Src/RFID_low_level.cpp **** }
 595              		.loc 1 75 0
 596 0022 0722     		movs	r2, #7
 597 0024 6946     		mov	r1, sp
 598 0026 2046     		mov	r0, r4
 599 0028 FFF7FEFF 		bl	_ZN12RFIDCommands8txpacketEPKhj
 600              	.LVL53:
  76:Core/Src/RFID_low_level.cpp **** 
 601              		.loc 1 76 0
 602 002c 02B0     		add	sp, sp, #8
 603              	.LCFI26:
 604              		.cfi_def_cfa_offset 8
 605              		@ sp needed
 606 002e 10BD     		pop	{r4, pc}
 607              	.LVL54:
 608              	.L36:
 609              		.align	2
 610              	.L35:
 611 0030 00000000 		.word	.LANCHOR0
 612              		.cfi_endproc
 613              	.LFE76:
 614              		.fnend
 616              		.section	.text._ZN12RFIDCommands19set_auto_sleep_timeEh,"ax",%progbits
 617              		.align	2
 618              		.global	_ZN12RFIDCommands19set_auto_sleep_timeEh
 619              		.thumb
 620              		.thumb_func
 622              	_ZN12RFIDCommands19set_auto_sleep_timeEh:
 623              		.fnstart
 624              	.LFB77:
  81:Core/Src/RFID_low_level.cpp ****     uint8_t data[] = {RFID_START_BYTE, RFID_COMMAND_FRAMETYPE, RFID_SET_ATUO_SLEEP_TIME_COMMAND, RF
 625              		.loc 1 81 0
 626              		.cfi_startproc
 627              		@ args = 0, pretend = 0, frame = 8
 628              		@ frame_needed = 0, uses_anonymous_args = 0
 629              	.LVL55:
 630 0000 10B5     		push	{r4, lr}
 631              		.save {r4, lr}
 632              	.LCFI27:
 633              		.cfi_def_cfa_offset 8
 634              		.cfi_offset 4, -8
 635              		.cfi_offset 14, -4
 636              		.pad #8
ARM GAS  C:\Users\大毛\AppData\Local\Temp\ccWWx5Sv.s 			page 16


 637 0002 82B0     		sub	sp, sp, #8
 638              	.LCFI28:
 639              		.cfi_def_cfa_offset 16
 640 0004 0446     		mov	r4, r0
  83:Core/Src/RFID_low_level.cpp ****     RFIDFunctions::checksum(data, sizeof(data) - 2);
 641              		.loc 1 83 0
 642 0006 0023     		movs	r3, #0
 643 0008 0093     		str	r3, [sp]
 644 000a 0193     		str	r3, [sp, #4]
 645 000c BB23     		movs	r3, #187
 646 000e 8DF80030 		strb	r3, [sp]
 647 0012 1D23     		movs	r3, #29
 648 0014 8DF80230 		strb	r3, [sp, #2]
 649 0018 0123     		movs	r3, #1
 650 001a 8DF80430 		strb	r3, [sp, #4]
 651 001e 7E23     		movs	r3, #126
 652 0020 8DF80730 		strb	r3, [sp, #7]
 653 0024 8DF80510 		strb	r1, [sp, #5]
  84:Core/Src/RFID_low_level.cpp ****     txpacket(data, sizeof(data));
 654              		.loc 1 84 0
 655 0028 0621     		movs	r1, #6
 656              	.LVL56:
 657 002a 6846     		mov	r0, sp
 658              	.LVL57:
 659 002c FFF7FEFF 		bl	_ZN13RFIDFunctions8checksumEPhj
 660              	.LVL58:
  85:Core/Src/RFID_low_level.cpp **** }
 661              		.loc 1 85 0
 662 0030 0822     		movs	r2, #8
 663 0032 6946     		mov	r1, sp
 664 0034 2046     		mov	r0, r4
 665 0036 FFF7FEFF 		bl	_ZN12RFIDCommands8txpacketEPKhj
 666              	.LVL59:
  86:Core/Src/RFID_low_level.cpp **** 
 667              		.loc 1 86 0
 668 003a 02B0     		add	sp, sp, #8
 669              	.LCFI29:
 670              		.cfi_def_cfa_offset 8
 671              		@ sp needed
 672 003c 10BD     		pop	{r4, pc}
 673              		.cfi_endproc
 674              	.LFE77:
 675              		.fnend
 677 003e 00BF     		.section	.text._ZN12RFIDCommands14enter_IDLEmodeEh,"ax",%progbits
 678              		.align	2
 679              		.global	_ZN12RFIDCommands14enter_IDLEmodeEh
 680              		.thumb
 681              		.thumb_func
 683              	_ZN12RFIDCommands14enter_IDLEmodeEh:
 684              		.fnstart
 685              	.LFB78:
  91:Core/Src/RFID_low_level.cpp ****     uint8_t data[] = {RFID_START_BYTE, RFID_COMMAND_FRAMETYPE, RFID_SET_IDLE_COMMAND, RFID_PACKET_L
 686              		.loc 1 91 0
 687              		.cfi_startproc
 688              		@ args = 0, pretend = 0, frame = 16
 689              		@ frame_needed = 0, uses_anonymous_args = 0
 690              	.LVL60:
ARM GAS  C:\Users\大毛\AppData\Local\Temp\ccWWx5Sv.s 			page 17


 691 0000 10B5     		push	{r4, lr}
 692              		.save {r4, lr}
 693              	.LCFI30:
 694              		.cfi_def_cfa_offset 8
 695              		.cfi_offset 4, -8
 696              		.cfi_offset 14, -4
 697              		.pad #16
 698 0002 84B0     		sub	sp, sp, #16
 699              	.LCFI31:
 700              		.cfi_def_cfa_offset 24
 701 0004 0446     		mov	r4, r0
  93:Core/Src/RFID_low_level.cpp ****     RFIDFunctions::checksum(data, sizeof(data) - 2);
 702              		.loc 1 93 0
 703 0006 0023     		movs	r3, #0
 704 0008 0193     		str	r3, [sp, #4]
 705 000a ADF80C30 		strh	r3, [sp, #12]	@ movhi
 706 000e BB23     		movs	r3, #187
 707 0010 8DF80430 		strb	r3, [sp, #4]
 708 0014 0423     		movs	r3, #4
 709 0016 8DF80630 		strb	r3, [sp, #6]
 710 001a 0323     		movs	r3, #3
 711 001c 8DF80830 		strb	r3, [sp, #8]
 712 0020 0123     		movs	r3, #1
 713 0022 8DF80930 		strb	r3, [sp, #9]
 714 0026 8DF80A30 		strb	r3, [sp, #10]
 715 002a 7E23     		movs	r3, #126
 716 002c 8DF80D30 		strb	r3, [sp, #13]
 717 0030 8DF80B10 		strb	r1, [sp, #11]
  94:Core/Src/RFID_low_level.cpp ****     txpacket(data, sizeof(data));
 718              		.loc 1 94 0
 719 0034 0821     		movs	r1, #8
 720              	.LVL61:
 721 0036 01A8     		add	r0, sp, #4
 722              	.LVL62:
 723 0038 FFF7FEFF 		bl	_ZN13RFIDFunctions8checksumEPhj
 724              	.LVL63:
  95:Core/Src/RFID_low_level.cpp **** }
 725              		.loc 1 95 0
 726 003c 0A22     		movs	r2, #10
 727 003e 01A9     		add	r1, sp, #4
 728 0040 2046     		mov	r0, r4
 729 0042 FFF7FEFF 		bl	_ZN12RFIDCommands8txpacketEPKhj
 730              	.LVL64:
  96:Core/Src/RFID_low_level.cpp **** 
 731              		.loc 1 96 0
 732 0046 04B0     		add	sp, sp, #16
 733              	.LCFI32:
 734              		.cfi_def_cfa_offset 8
 735              		@ sp needed
 736 0048 10BD     		pop	{r4, pc}
 737              		.cfi_endproc
 738              	.LFE78:
 739              		.fnend
 741 004a 00BF     		.section	.text._ZN13RFIDFunctions20resetGlobalVariablesEv,"ax",%progbits
 742              		.align	2
 743              		.global	_ZN13RFIDFunctions20resetGlobalVariablesEv
 744              		.thumb
ARM GAS  C:\Users\大毛\AppData\Local\Temp\ccWWx5Sv.s 			page 18


 745              		.thumb_func
 747              	_ZN13RFIDFunctions20resetGlobalVariablesEv:
 748              		.fnstart
 749              	.LFB81:
 197:Core/Src/RFID_low_level.cpp **** 
 198:Core/Src/RFID_low_level.cpp **** void RFIDFunctions::resetGlobalVariables()
 199:Core/Src/RFID_low_level.cpp **** {
 750              		.loc 1 199 0
 751              		.cfi_startproc
 752              		@ args = 0, pretend = 0, frame = 0
 753              		@ frame_needed = 0, uses_anonymous_args = 0
 754              		@ link register save eliminated.
 200:Core/Src/RFID_low_level.cpp ****     using namespace RFIDGlobalVariables;
 201:Core/Src/RFID_low_level.cpp ****     startByteFlag = 0;
 755              		.loc 1 201 0
 756 0000 0023     		movs	r3, #0
 757 0002 074A     		ldr	r2, .L44
 758 0004 1370     		strb	r3, [r2]
 202:Core/Src/RFID_low_level.cpp ****     currentSize = 0;
 759              		.loc 1 202 0
 760 0006 074A     		ldr	r2, .L44+4
 761 0008 1370     		strb	r3, [r2]
 203:Core/Src/RFID_low_level.cpp ****     receiveCompleteFlag = 0;
 762              		.loc 1 203 0
 763 000a 074A     		ldr	r2, .L44+8
 764 000c 1370     		strb	r3, [r2]
 765              	.LVL65:
 766              	.L43:
 767              	.LBB3:
 204:Core/Src/RFID_low_level.cpp ****     for(uint8_t i = 0; i<30; i++)
 768              		.loc 1 204 0 discriminator 3
 769 000e 1D2B     		cmp	r3, #29
 770 0010 05D8     		bhi	.L41
 205:Core/Src/RFID_low_level.cpp ****     {
 206:Core/Src/RFID_low_level.cpp ****         receivedDataBuffer[i] = 0;
 771              		.loc 1 206 0 discriminator 2
 772 0012 0021     		movs	r1, #0
 773 0014 054A     		ldr	r2, .L44+12
 774 0016 D154     		strb	r1, [r2, r3]
 204:Core/Src/RFID_low_level.cpp ****     for(uint8_t i = 0; i<30; i++)
 775              		.loc 1 204 0 discriminator 2
 776 0018 0133     		adds	r3, r3, #1
 777              	.LVL66:
 778 001a DBB2     		uxtb	r3, r3
 779              	.LVL67:
 780 001c F7E7     		b	.L43
 781              	.L41:
 782 001e 7047     		bx	lr
 783              	.L45:
 784              		.align	2
 785              	.L44:
 786 0020 00000000 		.word	.LANCHOR1
 787 0024 00000000 		.word	.LANCHOR2
 788 0028 00000000 		.word	.LANCHOR3
 789 002c 00000000 		.word	.LANCHOR4
 790              	.LBE3:
 791              		.cfi_endproc
ARM GAS  C:\Users\大毛\AppData\Local\Temp\ccWWx5Sv.s 			page 19


 792              	.LFE81:
 793              		.cantunwind
 794              		.fnend
 796              		.section	.text._ZN13RFIDFunctions21startFirstByteReceiveEv,"ax",%progbits
 797              		.align	2
 798              		.global	_ZN13RFIDFunctions21startFirstByteReceiveEv
 799              		.thumb
 800              		.thumb_func
 802              	_ZN13RFIDFunctions21startFirstByteReceiveEv:
 803              		.fnstart
 804              	.LFB82:
 207:Core/Src/RFID_low_level.cpp ****     }
 208:Core/Src/RFID_low_level.cpp **** }
 209:Core/Src/RFID_low_level.cpp **** 
 210:Core/Src/RFID_low_level.cpp **** void RFIDFunctions::startFirstByteReceive()
 211:Core/Src/RFID_low_level.cpp **** {
 805              		.loc 1 211 0
 806              		.cfi_startproc
 807              		@ args = 0, pretend = 0, frame = 0
 808              		@ frame_needed = 0, uses_anonymous_args = 0
 809 0000 08B5     		push	{r3, lr}
 810              		.save {r3, lr}
 811              	.LCFI33:
 812              		.cfi_def_cfa_offset 8
 813              		.cfi_offset 3, -8
 814              		.cfi_offset 14, -4
 212:Core/Src/RFID_low_level.cpp ****     HAL_UART_Receive_IT(&FIRST_RFID_UART, RFIDGlobalVariables::receivedDataBuffer, sizeof(uint8_t))
 815              		.loc 1 212 0
 816 0002 0122     		movs	r2, #1
 817 0004 0249     		ldr	r1, .L48
 818 0006 0348     		ldr	r0, .L48+4
 819 0008 FFF7FEFF 		bl	HAL_UART_Receive_IT
 820              	.LVL68:
 821 000c 08BD     		pop	{r3, pc}
 822              	.L49:
 823 000e 00BF     		.align	2
 824              	.L48:
 825 0010 00000000 		.word	.LANCHOR4
 826 0014 00000000 		.word	huart1
 827              		.cfi_endproc
 828              	.LFE82:
 829              		.fnend
 831              		.section	.text._ZN13RFIDFunctions17receivedByteJudgeEv,"ax",%progbits
 832              		.align	2
 833              		.global	_ZN13RFIDFunctions17receivedByteJudgeEv
 834              		.thumb
 835              		.thumb_func
 837              	_ZN13RFIDFunctions17receivedByteJudgeEv:
 838              		.fnstart
 839              	.LFB79:
  99:Core/Src/RFID_low_level.cpp ****     using namespace RFIDGlobalVariables;
 840              		.loc 1 99 0
 841              		.cfi_startproc
 842              		@ args = 0, pretend = 0, frame = 0
 843              		@ frame_needed = 0, uses_anonymous_args = 0
 844 0000 08B5     		push	{r3, lr}
 845              		.save {r3, lr}
ARM GAS  C:\Users\大毛\AppData\Local\Temp\ccWWx5Sv.s 			page 20


 846              	.LCFI34:
 847              		.cfi_def_cfa_offset 8
 848              		.cfi_offset 3, -8
 849              		.cfi_offset 14, -4
 101:Core/Src/RFID_low_level.cpp ****     {
 850              		.loc 1 101 0
 851 0002 574B     		ldr	r3, .L73
 852 0004 1B78     		ldrb	r3, [r3]	@ zero_extendqisi2
 853 0006 BB2B     		cmp	r3, #187
 854 0008 13D1     		bne	.L51
 101:Core/Src/RFID_low_level.cpp ****     {
 855              		.loc 1 101 0 is_stmt 0 discriminator 1
 856 000a 564B     		ldr	r3, .L73+4
 857 000c 1B78     		ldrb	r3, [r3]	@ zero_extendqisi2
 858 000e 83B9     		cbnz	r3, .L51
 101:Core/Src/RFID_low_level.cpp ****     {
 859              		.loc 1 101 0 discriminator 2
 860 0010 554B     		ldr	r3, .L73+8
 861 0012 1B78     		ldrb	r3, [r3]	@ zero_extendqisi2
 862 0014 6BB9     		cbnz	r3, .L51
 103:Core/Src/RFID_low_level.cpp ****         currentSize += 1;
 863              		.loc 1 103 0 is_stmt 1
 864 0016 0121     		movs	r1, #1
 865 0018 524A     		ldr	r2, .L73+4
 866 001a 1170     		strb	r1, [r2]
 104:Core/Src/RFID_low_level.cpp ****         HAL_UART_Receive_IT(&FIRST_RFID_UART, RFIDGlobalVariables::receivedDataBuffer + currentSize
 867              		.loc 1 104 0
 868 001c 0B44     		add	r3, r3, r1
 869 001e DBB2     		uxtb	r3, r3
 870 0020 514A     		ldr	r2, .L73+8
 871 0022 1370     		strb	r3, [r2]
 105:Core/Src/RFID_low_level.cpp ****     } 
 872              		.loc 1 105 0
 873 0024 0422     		movs	r2, #4
 874 0026 4E49     		ldr	r1, .L73
 875 0028 1944     		add	r1, r1, r3
 876 002a 5048     		ldr	r0, .L73+12
 877 002c FFF7FEFF 		bl	HAL_UART_Receive_IT
 878              	.LVL69:
 879 0030 08BD     		pop	{r3, pc}
 880              	.L51:
 107:Core/Src/RFID_low_level.cpp ****     {
 881              		.loc 1 107 0
 882 0032 4C4B     		ldr	r3, .L73+4
 883 0034 1B78     		ldrb	r3, [r3]	@ zero_extendqisi2
 884 0036 002B     		cmp	r3, #0
 885 0038 44D0     		beq	.L53
 107:Core/Src/RFID_low_level.cpp ****     {
 886              		.loc 1 107 0 is_stmt 0 discriminator 1
 887 003a 4B4A     		ldr	r2, .L73+8
 888 003c 1178     		ldrb	r1, [r2]	@ zero_extendqisi2
 889 003e 0129     		cmp	r1, #1
 890 0040 40D1     		bne	.L53
 109:Core/Src/RFID_low_level.cpp **** 
 891              		.loc 1 109 0 is_stmt 1
 892 0042 0431     		adds	r1, r1, #4
 893 0044 C9B2     		uxtb	r1, r1
ARM GAS  C:\Users\大毛\AppData\Local\Temp\ccWWx5Sv.s 			page 21


 894 0046 1170     		strb	r1, [r2]
 115:Core/Src/RFID_low_level.cpp ****             case 0x00:
 895              		.loc 1 115 0
 896 0048 454B     		ldr	r3, .L73
 897 004a 1B79     		ldrb	r3, [r3, #4]	@ zero_extendqisi2
 898 004c 112B     		cmp	r3, #17
 899 004e 34D8     		bhi	.L54
 900 0050 DFE803F0 		tbb	[pc, r3]
 901              	.L56:
 902 0054 09       		.byte	(.L55-.L56)/2
 903 0055 10       		.byte	(.L57-.L56)/2
 904 0056 17       		.byte	(.L58-.L56)/2
 905 0057 1E       		.byte	(.L59-.L56)/2
 906 0058 33       		.byte	(.L54-.L56)/2
 907 0059 33       		.byte	(.L54-.L56)/2
 908 005a 33       		.byte	(.L54-.L56)/2
 909 005b 33       		.byte	(.L54-.L56)/2
 910 005c 33       		.byte	(.L54-.L56)/2
 911 005d 33       		.byte	(.L54-.L56)/2
 912 005e 33       		.byte	(.L54-.L56)/2
 913 005f 25       		.byte	(.L60-.L56)/2
 914 0060 33       		.byte	(.L54-.L56)/2
 915 0061 33       		.byte	(.L54-.L56)/2
 916 0062 33       		.byte	(.L54-.L56)/2
 917 0063 33       		.byte	(.L54-.L56)/2
 918 0064 33       		.byte	(.L54-.L56)/2
 919 0065 2C       		.byte	(.L61-.L56)/2
 920              		.p2align 1
 921              	.L55:
 117:Core/Src/RFID_low_level.cpp ****                 break;
 922              		.loc 1 117 0
 923 0066 0222     		movs	r2, #2
 924 0068 3D4B     		ldr	r3, .L73
 925 006a 1944     		add	r1, r1, r3
 926 006c 3F48     		ldr	r0, .L73+12
 927 006e FFF7FEFF 		bl	HAL_UART_Receive_IT
 928              	.LVL70:
 118:Core/Src/RFID_low_level.cpp ****             case 0x01:
 929              		.loc 1 118 0
 930 0072 08BD     		pop	{r3, pc}
 931              	.L57:
 120:Core/Src/RFID_low_level.cpp ****                 break;
 932              		.loc 1 120 0
 933 0074 0322     		movs	r2, #3
 934 0076 3A4B     		ldr	r3, .L73
 935 0078 1944     		add	r1, r1, r3
 936 007a 3C48     		ldr	r0, .L73+12
 937 007c FFF7FEFF 		bl	HAL_UART_Receive_IT
 938              	.LVL71:
 121:Core/Src/RFID_low_level.cpp ****             case 0x02:
 939              		.loc 1 121 0
 940 0080 08BD     		pop	{r3, pc}
 941              	.L58:
 123:Core/Src/RFID_low_level.cpp ****                 break;
 942              		.loc 1 123 0
 943 0082 0422     		movs	r2, #4
 944 0084 364B     		ldr	r3, .L73
ARM GAS  C:\Users\大毛\AppData\Local\Temp\ccWWx5Sv.s 			page 22


 945 0086 1944     		add	r1, r1, r3
 946 0088 3848     		ldr	r0, .L73+12
 947 008a FFF7FEFF 		bl	HAL_UART_Receive_IT
 948              	.LVL72:
 124:Core/Src/RFID_low_level.cpp ****             case 0x03:
 949              		.loc 1 124 0
 950 008e 08BD     		pop	{r3, pc}
 951              	.L59:
 126:Core/Src/RFID_low_level.cpp ****                 break;
 952              		.loc 1 126 0
 953 0090 0522     		movs	r2, #5
 954 0092 334B     		ldr	r3, .L73
 955 0094 1944     		add	r1, r1, r3
 956 0096 3548     		ldr	r0, .L73+12
 957 0098 FFF7FEFF 		bl	HAL_UART_Receive_IT
 958              	.LVL73:
 127:Core/Src/RFID_low_level.cpp ****             case 0x0B:
 959              		.loc 1 127 0
 960 009c 08BD     		pop	{r3, pc}
 961              	.L60:
 129:Core/Src/RFID_low_level.cpp ****                 break;
 962              		.loc 1 129 0
 963 009e 0D22     		movs	r2, #13
 964 00a0 2F4B     		ldr	r3, .L73
 965 00a2 1944     		add	r1, r1, r3
 966 00a4 3148     		ldr	r0, .L73+12
 967 00a6 FFF7FEFF 		bl	HAL_UART_Receive_IT
 968              	.LVL74:
 130:Core/Src/RFID_low_level.cpp ****             case 0x11:
 969              		.loc 1 130 0
 970 00aa 08BD     		pop	{r3, pc}
 971              	.L61:
 132:Core/Src/RFID_low_level.cpp ****                 break;
 972              		.loc 1 132 0
 973 00ac 1322     		movs	r2, #19
 974 00ae 2C4B     		ldr	r3, .L73
 975 00b0 1944     		add	r1, r1, r3
 976 00b2 2E48     		ldr	r0, .L73+12
 977 00b4 FFF7FEFF 		bl	HAL_UART_Receive_IT
 978              	.LVL75:
 133:Core/Src/RFID_low_level.cpp ****             default:
 979              		.loc 1 133 0
 980 00b8 08BD     		pop	{r3, pc}
 981              	.L54:
 135:Core/Src/RFID_low_level.cpp ****                 RFIDFunctions::startFirstByteReceive();
 982              		.loc 1 135 0
 983 00ba FFF7FEFF 		bl	_ZN13RFIDFunctions20resetGlobalVariablesEv
 984              	.LVL76:
 136:Core/Src/RFID_low_level.cpp ****         }
 985              		.loc 1 136 0
 986 00be FFF7FEFF 		bl	_ZN13RFIDFunctions21startFirstByteReceiveEv
 987              	.LVL77:
 988 00c2 08BD     		pop	{r3, pc}
 989              	.L53:
 139:Core/Src/RFID_low_level.cpp ****     {
 990              		.loc 1 139 0
 991 00c4 002B     		cmp	r3, #0
ARM GAS  C:\Users\大毛\AppData\Local\Temp\ccWWx5Sv.s 			page 23


 992 00c6 41D0     		beq	.L62
 139:Core/Src/RFID_low_level.cpp ****     {
 993              		.loc 1 139 0 is_stmt 0 discriminator 1
 994 00c8 274A     		ldr	r2, .L73+8
 995 00ca 1278     		ldrb	r2, [r2]	@ zero_extendqisi2
 996 00cc 052A     		cmp	r2, #5
 997 00ce 3DD1     		bne	.L62
 145:Core/Src/RFID_low_level.cpp ****             case 0x00:
 998              		.loc 1 145 0 is_stmt 1
 999 00d0 234B     		ldr	r3, .L73
 1000 00d2 1B79     		ldrb	r3, [r3, #4]	@ zero_extendqisi2
 1001 00d4 112B     		cmp	r3, #17
 1002 00d6 34D8     		bhi	.L63
 1003 00d8 DFE803F0 		tbb	[pc, r3]
 1004              	.L65:
 1005 00dc 09       		.byte	(.L64-.L65)/2
 1006 00dd 10       		.byte	(.L66-.L65)/2
 1007 00de 17       		.byte	(.L67-.L65)/2
 1008 00df 1E       		.byte	(.L68-.L65)/2
 1009 00e0 33       		.byte	(.L63-.L65)/2
 1010 00e1 33       		.byte	(.L63-.L65)/2
 1011 00e2 33       		.byte	(.L63-.L65)/2
 1012 00e3 33       		.byte	(.L63-.L65)/2
 1013 00e4 33       		.byte	(.L63-.L65)/2
 1014 00e5 33       		.byte	(.L63-.L65)/2
 1015 00e6 33       		.byte	(.L63-.L65)/2
 1016 00e7 25       		.byte	(.L69-.L65)/2
 1017 00e8 33       		.byte	(.L63-.L65)/2
 1018 00e9 33       		.byte	(.L63-.L65)/2
 1019 00ea 33       		.byte	(.L63-.L65)/2
 1020 00eb 33       		.byte	(.L63-.L65)/2
 1021 00ec 33       		.byte	(.L63-.L65)/2
 1022 00ed 2C       		.byte	(.L70-.L65)/2
 1023              		.p2align 1
 1024              	.L64:
 147:Core/Src/RFID_low_level.cpp ****                 receiveCompleteFlag = 1;      
 1025              		.loc 1 147 0
 1026 00ee 0232     		adds	r2, r2, #2
 1027 00f0 1D4B     		ldr	r3, .L73+8
 1028 00f2 1A70     		strb	r2, [r3]
 148:Core/Src/RFID_low_level.cpp ****                 break;
 1029              		.loc 1 148 0
 1030 00f4 0122     		movs	r2, #1
 1031 00f6 1E4B     		ldr	r3, .L73+16
 1032 00f8 1A70     		strb	r2, [r3]
 149:Core/Src/RFID_low_level.cpp ****             case 0x01:
 1033              		.loc 1 149 0
 1034 00fa 08BD     		pop	{r3, pc}
 1035              	.L66:
 151:Core/Src/RFID_low_level.cpp ****                 receiveCompleteFlag = 1; 
 1036              		.loc 1 151 0
 1037 00fc 0332     		adds	r2, r2, #3
 1038 00fe 1A4B     		ldr	r3, .L73+8
 1039 0100 1A70     		strb	r2, [r3]
 152:Core/Src/RFID_low_level.cpp ****                 break;
 1040              		.loc 1 152 0
 1041 0102 0122     		movs	r2, #1
ARM GAS  C:\Users\大毛\AppData\Local\Temp\ccWWx5Sv.s 			page 24


 1042 0104 1A4B     		ldr	r3, .L73+16
 1043 0106 1A70     		strb	r2, [r3]
 153:Core/Src/RFID_low_level.cpp ****             case 0x02:
 1044              		.loc 1 153 0
 1045 0108 08BD     		pop	{r3, pc}
 1046              	.L67:
 155:Core/Src/RFID_low_level.cpp ****                 receiveCompleteFlag = 1;
 1047              		.loc 1 155 0
 1048 010a 0432     		adds	r2, r2, #4
 1049 010c 164B     		ldr	r3, .L73+8
 1050 010e 1A70     		strb	r2, [r3]
 156:Core/Src/RFID_low_level.cpp ****                 break;
 1051              		.loc 1 156 0
 1052 0110 0122     		movs	r2, #1
 1053 0112 174B     		ldr	r3, .L73+16
 1054 0114 1A70     		strb	r2, [r3]
 157:Core/Src/RFID_low_level.cpp ****             case 0x03:
 1055              		.loc 1 157 0
 1056 0116 08BD     		pop	{r3, pc}
 1057              	.L68:
 159:Core/Src/RFID_low_level.cpp ****                 receiveCompleteFlag = 1;
 1058              		.loc 1 159 0
 1059 0118 0532     		adds	r2, r2, #5
 1060 011a 134B     		ldr	r3, .L73+8
 1061 011c 1A70     		strb	r2, [r3]
 160:Core/Src/RFID_low_level.cpp ****                 break;
 1062              		.loc 1 160 0
 1063 011e 0122     		movs	r2, #1
 1064 0120 134B     		ldr	r3, .L73+16
 1065 0122 1A70     		strb	r2, [r3]
 161:Core/Src/RFID_low_level.cpp ****             case 0x0B:
 1066              		.loc 1 161 0
 1067 0124 08BD     		pop	{r3, pc}
 1068              	.L69:
 163:Core/Src/RFID_low_level.cpp ****                 receiveCompleteFlag = 1;
 1069              		.loc 1 163 0
 1070 0126 0D32     		adds	r2, r2, #13
 1071 0128 0F4B     		ldr	r3, .L73+8
 1072 012a 1A70     		strb	r2, [r3]
 164:Core/Src/RFID_low_level.cpp ****                 break;
 1073              		.loc 1 164 0
 1074 012c 0122     		movs	r2, #1
 1075 012e 104B     		ldr	r3, .L73+16
 1076 0130 1A70     		strb	r2, [r3]
 165:Core/Src/RFID_low_level.cpp ****             case 0x11:
 1077              		.loc 1 165 0
 1078 0132 08BD     		pop	{r3, pc}
 1079              	.L70:
 167:Core/Src/RFID_low_level.cpp ****                 receiveCompleteFlag = 1;
 1080              		.loc 1 167 0
 1081 0134 1332     		adds	r2, r2, #19
 1082 0136 0C4B     		ldr	r3, .L73+8
 1083 0138 1A70     		strb	r2, [r3]
 168:Core/Src/RFID_low_level.cpp ****                 break;
 1084              		.loc 1 168 0
 1085 013a 0122     		movs	r2, #1
 1086 013c 0C4B     		ldr	r3, .L73+16
ARM GAS  C:\Users\大毛\AppData\Local\Temp\ccWWx5Sv.s 			page 25


 1087 013e 1A70     		strb	r2, [r3]
 169:Core/Src/RFID_low_level.cpp ****             default:
 1088              		.loc 1 169 0
 1089 0140 08BD     		pop	{r3, pc}
 1090              	.L63:
 171:Core/Src/RFID_low_level.cpp ****                 RFIDFunctions::startFirstByteReceive();
 1091              		.loc 1 171 0
 1092 0142 FFF7FEFF 		bl	_ZN13RFIDFunctions20resetGlobalVariablesEv
 1093              	.LVL78:
 172:Core/Src/RFID_low_level.cpp ****             }
 1094              		.loc 1 172 0
 1095 0146 FFF7FEFF 		bl	_ZN13RFIDFunctions21startFirstByteReceiveEv
 1096              	.LVL79:
 1097 014a 08BD     		pop	{r3, pc}
 1098              	.L62:
 175:Core/Src/RFID_low_level.cpp ****     {
 1099              		.loc 1 175 0
 1100 014c 13B1     		cbz	r3, .L71
 175:Core/Src/RFID_low_level.cpp ****     {
 1101              		.loc 1 175 0 is_stmt 0 discriminator 1
 1102 014e 084B     		ldr	r3, .L73+16
 1103 0150 1B78     		ldrb	r3, [r3]	@ zero_extendqisi2
 1104 0152 1BB9     		cbnz	r3, .L50
 1105              	.L71:
 181:Core/Src/RFID_low_level.cpp ****         RFIDFunctions::startFirstByteReceive();
 1106              		.loc 1 181 0 is_stmt 1
 1107 0154 FFF7FEFF 		bl	_ZN13RFIDFunctions20resetGlobalVariablesEv
 1108              	.LVL80:
 182:Core/Src/RFID_low_level.cpp ****     }
 1109              		.loc 1 182 0
 1110 0158 FFF7FEFF 		bl	_ZN13RFIDFunctions21startFirstByteReceiveEv
 1111              	.LVL81:
 1112              	.L50:
 1113 015c 08BD     		pop	{r3, pc}
 1114              	.L74:
 1115 015e 00BF     		.align	2
 1116              	.L73:
 1117 0160 00000000 		.word	.LANCHOR4
 1118 0164 00000000 		.word	.LANCHOR1
 1119 0168 00000000 		.word	.LANCHOR2
 1120 016c 00000000 		.word	huart1
 1121 0170 00000000 		.word	.LANCHOR3
 1122              		.cfi_endproc
 1123              	.LFE79:
 1124              		.fnend
 1126              		.section	.text._ZN13RFIDFunctions10errorJudgeEPKhh,"ax",%progbits
 1127              		.align	2
 1128              		.global	_ZN13RFIDFunctions10errorJudgeEPKhh
 1129              		.thumb
 1130              		.thumb_func
 1132              	_ZN13RFIDFunctions10errorJudgeEPKhh:
 1133              		.fnstart
 1134              	.LFB83:
 213:Core/Src/RFID_low_level.cpp **** }
 214:Core/Src/RFID_low_level.cpp **** 
 215:Core/Src/RFID_low_level.cpp **** uint8_t RFIDFunctions::errorJudge(const uint8_t data[], uint8_t size) //TO DO: broadcast error info
 216:Core/Src/RFID_low_level.cpp **** {
ARM GAS  C:\Users\大毛\AppData\Local\Temp\ccWWx5Sv.s 			page 26


 1135              		.loc 1 216 0
 1136              		.cfi_startproc
 1137              		@ args = 0, pretend = 0, frame = 0
 1138              		@ frame_needed = 0, uses_anonymous_args = 0
 1139              		@ link register save eliminated.
 1140              	.LVL82:
 1141 0000 10B4     		push	{r4}
 1142              	.LCFI35:
 1143              		.cfi_def_cfa_offset 4
 1144              		.cfi_offset 4, -4
 1145              	.LVL83:
 217:Core/Src/RFID_low_level.cpp ****     using namespace RFIDGlobalVariables;
 218:Core/Src/RFID_low_level.cpp **** 
 219:Core/Src/RFID_low_level.cpp ****     uint8_t errorType = 0;
 220:Core/Src/RFID_low_level.cpp ****     uint8_t checksumValue = data[size -2];
 1146              		.loc 1 220 0
 1147 0002 4318     		adds	r3, r0, r1
 1148 0004 13F8023C 		ldrb	r3, [r3, #-2]	@ zero_extendqisi2
 1149              	.LVL84:
 1150              	.LBB4:
 221:Core/Src/RFID_low_level.cpp **** 
 222:Core/Src/RFID_low_level.cpp ****     if(data[size - 1] == RFID_END_BYTE)
 1151              		.loc 1 222 0
 1152 0008 4A1E     		subs	r2, r1, #1
 1153 000a 825C     		ldrb	r2, [r0, r2]	@ zero_extendqisi2
 1154 000c 7E2A     		cmp	r2, #126
 1155 000e 15D1     		bne	.L88
 1156 0010 0122     		movs	r2, #1
 1157              	.L78:
 1158              	.LVL85:
 1159              	.LBB5:
 1160              	.LBB6:
 223:Core/Src/RFID_low_level.cpp ****     {
 224:Core/Src/RFID_low_level.cpp ****         for (size_t i = 1; i < size - 2; i++)
 1161              		.loc 1 224 0 discriminator 3
 1162 0012 8C1E     		subs	r4, r1, #2
 1163 0014 A242     		cmp	r2, r4
 1164 0016 04D2     		bcs	.L77
 225:Core/Src/RFID_low_level.cpp ****             checksumValue -= data[i];
 1165              		.loc 1 225 0 discriminator 2
 1166 0018 845C     		ldrb	r4, [r0, r2]	@ zero_extendqisi2
 1167 001a 1B1B     		subs	r3, r3, r4
 1168              	.LVL86:
 1169 001c DBB2     		uxtb	r3, r3
 1170              	.LVL87:
 224:Core/Src/RFID_low_level.cpp ****             checksumValue -= data[i];
 1171              		.loc 1 224 0 discriminator 2
 1172 001e 0132     		adds	r2, r2, #1
 1173              	.LVL88:
 1174 0020 F7E7     		b	.L78
 1175              	.L77:
 1176              	.LBE6:
 226:Core/Src/RFID_low_level.cpp ****         if(checksumValue == 0) //checksum matched
 1177              		.loc 1 226 0
 1178 0022 6BB9     		cbnz	r3, .L89
 227:Core/Src/RFID_low_level.cpp ****         {
 228:Core/Src/RFID_low_level.cpp ****             if(data[2] != 0xFF)
ARM GAS  C:\Users\大毛\AppData\Local\Temp\ccWWx5Sv.s 			page 27


 1179              		.loc 1 228 0
 1180 0024 8378     		ldrb	r3, [r0, #2]	@ zero_extendqisi2
 1181              	.LVL89:
 1182 0026 FF2B     		cmp	r3, #255
 1183 0028 0CD1     		bne	.L90
 229:Core/Src/RFID_low_level.cpp ****             {
 230:Core/Src/RFID_low_level.cpp ****                 errorType = NoError;
 231:Core/Src/RFID_low_level.cpp ****             } else {
 232:Core/Src/RFID_low_level.cpp ****                 switch(data[5]){
 1184              		.loc 1 232 0
 1185 002a 4379     		ldrb	r3, [r0, #5]	@ zero_extendqisi2
 1186 002c 152B     		cmp	r3, #21
 1187 002e 0BD0     		beq	.L91
 1188 0030 172B     		cmp	r3, #23
 1189 0032 01D1     		bne	.L92
 233:Core/Src/RFID_low_level.cpp ****                     case 0x17:
 234:Core/Src/RFID_low_level.cpp ****                         //Command frame is wrong
 235:Core/Src/RFID_low_level.cpp ****                         errorType = CommandError;
 1190              		.loc 1 235 0
 1191 0034 0320     		movs	r0, #3
 1192              	.LVL90:
 1193 0036 08E0     		b	.L76
 1194              	.LVL91:
 1195              	.L92:
 236:Core/Src/RFID_low_level.cpp ****                         break;
 237:Core/Src/RFID_low_level.cpp ****                     case 0x15:
 238:Core/Src/RFID_low_level.cpp ****                         //Polling is failed
 239:Core/Src/RFID_low_level.cpp ****                         errorType = PollingFail;
 240:Core/Src/RFID_low_level.cpp ****                         break;
 241:Core/Src/RFID_low_level.cpp ****                     default:
 242:Core/Src/RFID_low_level.cpp ****                         //Other error, can be expanded to more detailed error types, according to u
 243:Core/Src/RFID_low_level.cpp ****                         errorType = OtherError;
 1196              		.loc 1 243 0
 1197 0038 0520     		movs	r0, #5
 1198              	.LVL92:
 1199 003a 06E0     		b	.L76
 1200              	.LVL93:
 1201              	.L88:
 1202              	.LBE5:
 244:Core/Src/RFID_low_level.cpp ****                 }
 245:Core/Src/RFID_low_level.cpp ****             }
 246:Core/Src/RFID_low_level.cpp ****         } else {
 247:Core/Src/RFID_low_level.cpp ****             //checksum wrong
 248:Core/Src/RFID_low_level.cpp ****             errorType = ChecksumWrong;
 249:Core/Src/RFID_low_level.cpp ****         }
 250:Core/Src/RFID_low_level.cpp ****     } else {
 251:Core/Src/RFID_low_level.cpp ****         //not a packet
 252:Core/Src/RFID_low_level.cpp ****         errorType = NotaPacket;
 1203              		.loc 1 252 0
 1204 003c 0120     		movs	r0, #1
 1205              	.LVL94:
 1206 003e 04E0     		b	.L76
 1207              	.LVL95:
 1208              	.L89:
 1209              	.LBB7:
 248:Core/Src/RFID_low_level.cpp ****         }
 1210              		.loc 1 248 0
ARM GAS  C:\Users\大毛\AppData\Local\Temp\ccWWx5Sv.s 			page 28


 1211 0040 0220     		movs	r0, #2
 1212              	.LVL96:
 1213 0042 02E0     		b	.L76
 1214              	.LVL97:
 1215              	.L90:
 230:Core/Src/RFID_low_level.cpp ****             } else {
 1216              		.loc 1 230 0
 1217 0044 0020     		movs	r0, #0
 1218              	.LVL98:
 1219 0046 00E0     		b	.L76
 1220              	.LVL99:
 1221              	.L91:
 239:Core/Src/RFID_low_level.cpp ****                         break;
 1222              		.loc 1 239 0
 1223 0048 0420     		movs	r0, #4
 1224              	.LVL100:
 1225              	.L76:
 1226              	.LBE7:
 1227              	.LBE4:
 253:Core/Src/RFID_low_level.cpp ****     }
 254:Core/Src/RFID_low_level.cpp **** 
 255:Core/Src/RFID_low_level.cpp ****     if(errorType != 0) //Write broadcast code here
 1228              		.loc 1 255 0
 1229 004a F8B1     		cbz	r0, .L81
 256:Core/Src/RFID_low_level.cpp ****     {
 257:Core/Src/RFID_low_level.cpp ****         switch(errorType){
 1230              		.loc 1 257 0
 1231 004c 431E     		subs	r3, r0, #1
 1232 004e 042B     		cmp	r3, #4
 1233 0050 1CD8     		bhi	.L81
 1234 0052 DFE803F0 		tbb	[pc, r3]
 1235              	.L83:
 1236 0056 03       		.byte	(.L82-.L83)/2
 1237 0057 08       		.byte	(.L84-.L83)/2
 1238 0058 0D       		.byte	(.L85-.L83)/2
 1239 0059 12       		.byte	(.L86-.L83)/2
 1240 005a 17       		.byte	(.L87-.L83)/2
 1241 005b 00       		.p2align 1
 1242              	.L82:
 258:Core/Src/RFID_low_level.cpp ****             case NotaPacket:
 259:Core/Src/RFID_low_level.cpp ****                 packetLossTime ++;
 1243              		.loc 1 259 0
 1244 005c 0C4A     		ldr	r2, .L94
 1245 005e 1388     		ldrh	r3, [r2]
 1246 0060 0133     		adds	r3, r3, #1
 1247 0062 1380     		strh	r3, [r2]	@ movhi
 260:Core/Src/RFID_low_level.cpp ****                 break;
 1248              		.loc 1 260 0
 1249 0064 12E0     		b	.L81
 1250              	.L84:
 261:Core/Src/RFID_low_level.cpp ****             case ChecksumWrong:
 262:Core/Src/RFID_low_level.cpp ****                 packetLossTime ++;
 1251              		.loc 1 262 0
 1252 0066 0A4A     		ldr	r2, .L94
 1253 0068 1388     		ldrh	r3, [r2]
 1254 006a 0133     		adds	r3, r3, #1
 1255 006c 1380     		strh	r3, [r2]	@ movhi
ARM GAS  C:\Users\大毛\AppData\Local\Temp\ccWWx5Sv.s 			page 29


 263:Core/Src/RFID_low_level.cpp ****                 break;
 1256              		.loc 1 263 0
 1257 006e 0DE0     		b	.L81
 1258              	.L85:
 264:Core/Src/RFID_low_level.cpp ****             case CommandError:
 265:Core/Src/RFID_low_level.cpp ****                 packetLossTime ++;
 1259              		.loc 1 265 0
 1260 0070 074A     		ldr	r2, .L94
 1261 0072 1388     		ldrh	r3, [r2]
 1262 0074 0133     		adds	r3, r3, #1
 1263 0076 1380     		strh	r3, [r2]	@ movhi
 266:Core/Src/RFID_low_level.cpp ****                 break;
 1264              		.loc 1 266 0
 1265 0078 08E0     		b	.L81
 1266              	.L86:
 267:Core/Src/RFID_low_level.cpp ****             case PollingFail:
 268:Core/Src/RFID_low_level.cpp ****                 packetLossTime ++;
 1267              		.loc 1 268 0
 1268 007a 054A     		ldr	r2, .L94
 1269 007c 1388     		ldrh	r3, [r2]
 1270 007e 0133     		adds	r3, r3, #1
 1271 0080 1380     		strh	r3, [r2]	@ movhi
 269:Core/Src/RFID_low_level.cpp ****                 break;
 1272              		.loc 1 269 0
 1273 0082 03E0     		b	.L81
 1274              	.L87:
 270:Core/Src/RFID_low_level.cpp ****             case OtherError:
 271:Core/Src/RFID_low_level.cpp ****                 packetLossTime ++;
 1275              		.loc 1 271 0
 1276 0084 024A     		ldr	r2, .L94
 1277 0086 1388     		ldrh	r3, [r2]
 1278 0088 0133     		adds	r3, r3, #1
 1279 008a 1380     		strh	r3, [r2]	@ movhi
 1280              	.L81:
 272:Core/Src/RFID_low_level.cpp ****                 break;
 273:Core/Src/RFID_low_level.cpp ****         }
 274:Core/Src/RFID_low_level.cpp ****     }
 275:Core/Src/RFID_low_level.cpp ****     return errorType;
 276:Core/Src/RFID_low_level.cpp **** }
 1281              		.loc 1 276 0
 1282 008c 10BC     		pop	{r4}
 1283              	.LCFI36:
 1284              		.cfi_restore 4
 1285              		.cfi_def_cfa_offset 0
 1286 008e 7047     		bx	lr
 1287              	.L95:
 1288              		.align	2
 1289              	.L94:
 1290 0090 00000000 		.word	.LANCHOR5
 1291              		.cfi_endproc
 1292              	.LFE83:
 1293              		.cantunwind
 1294              		.fnend
 1296              		.section	.text._ZN13RFIDFunctions14dataProcessingEPKhh,"ax",%progbits
 1297              		.align	2
 1298              		.global	_ZN13RFIDFunctions14dataProcessingEPKhh
 1299              		.thumb
ARM GAS  C:\Users\大毛\AppData\Local\Temp\ccWWx5Sv.s 			page 30


 1300              		.thumb_func
 1302              	_ZN13RFIDFunctions14dataProcessingEPKhh:
 1303              		.fnstart
 1304              	.LFB84:
 277:Core/Src/RFID_low_level.cpp **** 
 278:Core/Src/RFID_low_level.cpp **** void RFIDFunctions::dataProcessing(const uint8_t data[], uint8_t size)
 279:Core/Src/RFID_low_level.cpp **** {
 1305              		.loc 1 279 0
 1306              		.cfi_startproc
 1307              		@ args = 0, pretend = 0, frame = 0
 1308              		@ frame_needed = 0, uses_anonymous_args = 0
 1309              	.LVL101:
 1310 0000 08B5     		push	{r3, lr}
 1311              		.save {r3, lr}
 1312              	.LCFI37:
 1313              		.cfi_def_cfa_offset 8
 1314              		.cfi_offset 3, -8
 1315              		.cfi_offset 14, -4
 280:Core/Src/RFID_low_level.cpp ****     if(data[1] == 0x02) //A response frame, the most common
 1316              		.loc 1 280 0
 1317 0002 4378     		ldrb	r3, [r0, #1]	@ zero_extendqisi2
 1318 0004 022B     		cmp	r3, #2
 1319 0006 05D0     		beq	.L96
 281:Core/Src/RFID_low_level.cpp ****     {
 282:Core/Src/RFID_low_level.cpp ****         switch(data[2]){
 283:Core/Src/RFID_low_level.cpp ****             case RFID_GET_MODULE_INFO_COMMAND:  //A response for getting module hardware version co
 284:Core/Src/RFID_low_level.cpp **** 
 285:Core/Src/RFID_low_level.cpp ****                 break;
 286:Core/Src/RFID_low_level.cpp ****             case RFID_STOP_MULTI_POLLING_COMMAND: //A response for stopping multiple polling comman
 287:Core/Src/RFID_low_level.cpp **** 
 288:Core/Src/RFID_low_level.cpp ****                 break;
 289:Core/Src/RFID_low_level.cpp ****             case RFID_GET_TRANSMIT_POWER_COMMAND: //A response for getting transmitting power comma
 290:Core/Src/RFID_low_level.cpp **** 
 291:Core/Src/RFID_low_level.cpp ****                 break;
 292:Core/Src/RFID_low_level.cpp ****             case RFID_SET_TRANSMIT_POWER_COMMAND: //A response for setting transmitting power comma
 293:Core/Src/RFID_low_level.cpp **** 
 294:Core/Src/RFID_low_level.cpp ****                 break;
 295:Core/Src/RFID_low_level.cpp ****             case RFID_SET_SLEEP_MODE_COMMAND: //A response for setting sleep mode command
 296:Core/Src/RFID_low_level.cpp **** 
 297:Core/Src/RFID_low_level.cpp ****                 break;
 298:Core/Src/RFID_low_level.cpp ****             case RFID_SET_ATUO_SLEEP_TIME_COMMAND: //A response for setting time that module waits 
 299:Core/Src/RFID_low_level.cpp **** 
 300:Core/Src/RFID_low_level.cpp ****                 break;
 301:Core/Src/RFID_low_level.cpp ****             case RFID_SET_IDLE_COMMAND: //A response for setting IDLE mode configuration command
 302:Core/Src/RFID_low_level.cpp **** 
 303:Core/Src/RFID_low_level.cpp ****                 break;
 304:Core/Src/RFID_low_level.cpp ****         }
 305:Core/Src/RFID_low_level.cpp ****     } 
 306:Core/Src/RFID_low_level.cpp ****     else if(data[1] == 0x01) //A notify frame
 1320              		.loc 1 306 0
 1321 0008 012B     		cmp	r3, #1
 1322 000a 03D0     		beq	.L96
 307:Core/Src/RFID_low_level.cpp ****     {
 308:Core/Src/RFID_low_level.cpp ****         switch(data[2]){
 309:Core/Src/RFID_low_level.cpp ****             case RFID_SINGLE_POLLING_COMMAND: //A notification for single polling command
 310:Core/Src/RFID_low_level.cpp **** 
 311:Core/Src/RFID_low_level.cpp ****                 break;
ARM GAS  C:\Users\大毛\AppData\Local\Temp\ccWWx5Sv.s 			page 31


 312:Core/Src/RFID_low_level.cpp ****             case RFID_MULTI_POLLING_COMMAND: //A notification for multiple polling command
 313:Core/Src/RFID_low_level.cpp **** 
 314:Core/Src/RFID_low_level.cpp ****                 break;
 315:Core/Src/RFID_low_level.cpp ****         }
 316:Core/Src/RFID_low_level.cpp ****     } else {
 317:Core/Src/RFID_low_level.cpp ****         //It is not a notify frame nor a response frame
 318:Core/Src/RFID_low_level.cpp ****         resetGlobalVariables();
 1323              		.loc 1 318 0
 1324 000c FFF7FEFF 		bl	_ZN13RFIDFunctions20resetGlobalVariablesEv
 1325              	.LVL102:
 319:Core/Src/RFID_low_level.cpp ****         RFIDFunctions::startFirstByteReceive();
 1326              		.loc 1 319 0
 1327 0010 FFF7FEFF 		bl	_ZN13RFIDFunctions21startFirstByteReceiveEv
 1328              	.LVL103:
 1329              	.L96:
 1330 0014 08BD     		pop	{r3, pc}
 1331              		.cfi_endproc
 1332              	.LFE84:
 1333              		.fnend
 1335 0016 00BF     		.section	.text.HAL_UART_RxCpltCallback,"ax",%progbits
 1336              		.align	2
 1337              		.global	HAL_UART_RxCpltCallback
 1338              		.thumb
 1339              		.thumb_func
 1341              	HAL_UART_RxCpltCallback:
 1342              		.fnstart
 1343              	.LFB85:
 320:Core/Src/RFID_low_level.cpp ****     }
 321:Core/Src/RFID_low_level.cpp **** }
 322:Core/Src/RFID_low_level.cpp **** 
 323:Core/Src/RFID_low_level.cpp **** 
 324:Core/Src/RFID_low_level.cpp **** void HAL_UART_RxCpltCallback(UART_HandleTypeDef *huart)
 325:Core/Src/RFID_low_level.cpp **** {
 1344              		.loc 1 325 0
 1345              		.cfi_startproc
 1346              		@ args = 0, pretend = 0, frame = 0
 1347              		@ frame_needed = 0, uses_anonymous_args = 0
 1348              	.LVL104:
 1349 0000 08B5     		push	{r3, lr}
 1350              		.save {r3, lr}
 1351              	.LCFI38:
 1352              		.cfi_def_cfa_offset 8
 1353              		.cfi_offset 3, -8
 1354              		.cfi_offset 14, -4
 326:Core/Src/RFID_low_level.cpp ****     RFIDFunctions::receivedByteJudge();
 1355              		.loc 1 326 0
 1356 0002 FFF7FEFF 		bl	_ZN13RFIDFunctions17receivedByteJudgeEv
 1357              	.LVL105:
 327:Core/Src/RFID_low_level.cpp ****     //a final process function
 328:Core/Src/RFID_low_level.cpp ****     if(RFIDGlobalVariables::receiveCompleteFlag == 1)
 1358              		.loc 1 328 0
 1359 0006 074B     		ldr	r3, .L102
 1360 0008 1B78     		ldrb	r3, [r3]	@ zero_extendqisi2
 1361 000a 53B1     		cbz	r3, .L99
 329:Core/Src/RFID_low_level.cpp ****     {
 330:Core/Src/RFID_low_level.cpp ****         if(RFIDFunctions::errorJudge(RFIDGlobalVariables::receivedDataBuffer, RFIDGlobalVariables::
 1362              		.loc 1 330 0
ARM GAS  C:\Users\大毛\AppData\Local\Temp\ccWWx5Sv.s 			page 32


 1363 000c 064B     		ldr	r3, .L102+4
 1364 000e 1978     		ldrb	r1, [r3]	@ zero_extendqisi2
 1365 0010 0648     		ldr	r0, .L102+8
 1366 0012 FFF7FEFF 		bl	_ZN13RFIDFunctions10errorJudgeEPKhh
 1367              	.LVL106:
 1368 0016 20B9     		cbnz	r0, .L99
 331:Core/Src/RFID_low_level.cpp ****         {
 332:Core/Src/RFID_low_level.cpp ****             RFIDFunctions::dataProcessing(RFIDGlobalVariables::receivedDataBuffer, RFIDGlobalVariab
 1369              		.loc 1 332 0
 1370 0018 034B     		ldr	r3, .L102+4
 1371 001a 1978     		ldrb	r1, [r3]	@ zero_extendqisi2
 1372 001c 0348     		ldr	r0, .L102+8
 1373 001e FFF7FEFF 		bl	_ZN13RFIDFunctions14dataProcessingEPKhh
 1374              	.LVL107:
 1375              	.L99:
 1376 0022 08BD     		pop	{r3, pc}
 1377              	.L103:
 1378              		.align	2
 1379              	.L102:
 1380 0024 00000000 		.word	.LANCHOR3
 1381 0028 00000000 		.word	.LANCHOR2
 1382 002c 00000000 		.word	.LANCHOR4
 1383              		.cfi_endproc
 1384              	.LFE85:
 1385              		.fnend
 1387              		.section	.text._ZN13RFIDFunctions17getPacketLossTimeEv,"ax",%progbits
 1388              		.align	2
 1389              		.global	_ZN13RFIDFunctions17getPacketLossTimeEv
 1390              		.thumb
 1391              		.thumb_func
 1393              	_ZN13RFIDFunctions17getPacketLossTimeEv:
 1394              		.fnstart
 1395              	.LFB86:
 333:Core/Src/RFID_low_level.cpp ****         }
 334:Core/Src/RFID_low_level.cpp ****     }
 335:Core/Src/RFID_low_level.cpp **** }
 336:Core/Src/RFID_low_level.cpp **** 
 337:Core/Src/RFID_low_level.cpp **** uint16_t RFIDFunctions::getPacketLossTime()
 338:Core/Src/RFID_low_level.cpp **** {
 1396              		.loc 1 338 0
 1397              		.cfi_startproc
 1398              		@ args = 0, pretend = 0, frame = 0
 1399              		@ frame_needed = 0, uses_anonymous_args = 0
 1400              		@ link register save eliminated.
 339:Core/Src/RFID_low_level.cpp ****     return RFIDGlobalVariables::packetLossTime;
 340:Core/Src/RFID_low_level.cpp **** }...
 1401              		.loc 1 340 0
 1402 0000 014B     		ldr	r3, .L105
 1403 0002 1888     		ldrh	r0, [r3]
 1404 0004 7047     		bx	lr
 1405              	.L106:
 1406 0006 00BF     		.align	2
 1407              	.L105:
 1408 0008 00000000 		.word	.LANCHOR5
 1409              		.cfi_endproc
 1410              	.LFE86:
 1411              		.cantunwind
ARM GAS  C:\Users\大毛\AppData\Local\Temp\ccWWx5Sv.s 			page 33


 1412              		.fnend
 1414              		.global	_ZN19RFIDGlobalVariables11currentSizeE
 1415              		.global	_ZN19RFIDGlobalVariables18receivedDataBufferE
 1416              		.global	_ZN19RFIDGlobalVariables14packetLossTimeE
 1417              		.global	_ZN19RFIDGlobalVariables19receiveCompleteFlagE
 1418              		.global	_ZN19RFIDGlobalVariables13startByteFlagE
 1419              		.section	.rodata
 1420              		.align	2
 1421              		.set	.LANCHOR0,. + 0
 1422              	.LC0:
 1423 0000 BB       		.byte	-69
 1424 0001 00       		.byte	0
 1425 0002 03       		.byte	3
 1426 0003 00       		.byte	0
 1427 0004 01       		.byte	1
 1428 0005 00       		.byte	0
 1429 0006 00       		.byte	0
 1430 0007 7E       		.byte	126
 1431              	.LC1:
 1432 0008 BB       		.byte	-69
 1433 0009 00       		.byte	0
 1434 000a 22       		.byte	34
 1435 000b 00       		.byte	0
 1436 000c 00       		.byte	0
 1437 000d 00       		.byte	0
 1438 000e 7E       		.byte	126
 1439 000f 00       		.space	1
 1440              	.LC2:
 1441 0010 BB       		.byte	-69
 1442 0011 00       		.byte	0
 1443 0012 28       		.byte	40
 1444 0013 00       		.byte	0
 1445 0014 00       		.byte	0
 1446 0015 00       		.byte	0
 1447 0016 7E       		.byte	126
 1448 0017 00       		.space	1
 1449              	.LC3:
 1450 0018 BB       		.byte	-69
 1451 0019 00       		.byte	0
 1452 001a B7       		.byte	-73
 1453 001b 00       		.byte	0
 1454 001c 00       		.byte	0
 1455 001d 00       		.byte	0
 1456 001e 7E       		.byte	126
 1457 001f 00       		.space	1
 1458              	.LC4:
 1459 0020 BB       		.byte	-69
 1460 0021 00       		.byte	0
 1461 0022 17       		.byte	23
 1462 0023 00       		.byte	0
 1463 0024 00       		.byte	0
 1464 0025 00       		.byte	0
 1465 0026 7E       		.byte	126
 1466              		.section	.bss._ZN19RFIDGlobalVariables18receivedDataBufferE,"aw",%nobits
 1467              		.align	2
 1468              		.set	.LANCHOR4,. + 0
 1471              	_ZN19RFIDGlobalVariables18receivedDataBufferE:
ARM GAS  C:\Users\大毛\AppData\Local\Temp\ccWWx5Sv.s 			page 34


 1472 0000 00000000 		.space	30
 1472      00000000 
 1472      00000000 
 1472      00000000 
 1472      00000000 
 1473              		.section	.bss._ZN19RFIDGlobalVariables19receiveCompleteFlagE,"aw",%nobits
 1474              		.set	.LANCHOR3,. + 0
 1477              	_ZN19RFIDGlobalVariables19receiveCompleteFlagE:
 1478 0000 00       		.space	1
 1479              		.section	.bss._ZN19RFIDGlobalVariables11currentSizeE,"aw",%nobits
 1480              		.set	.LANCHOR2,. + 0
 1483              	_ZN19RFIDGlobalVariables11currentSizeE:
 1484 0000 00       		.space	1
 1485              		.section	.bss._ZN19RFIDGlobalVariables14packetLossTimeE,"aw",%nobits
 1486              		.align	1
 1487              		.set	.LANCHOR5,. + 0
 1490              	_ZN19RFIDGlobalVariables14packetLossTimeE:
 1491 0000 0000     		.space	2
 1492              		.section	.bss._ZN19RFIDGlobalVariables13startByteFlagE,"aw",%nobits
 1493              		.set	.LANCHOR1,. + 0
 1496              	_ZN19RFIDGlobalVariables13startByteFlagE:
 1497 0000 00       		.space	1
 1498              		.text
 1499              	.Letext0:
 1500              		.file 2 "d:\\gnu tools for arm embedded processors\\5.4 2016q3\\arm-none-eabi\\include\\c++\\5.4.1
 1501              		.file 3 "d:\\gnu tools for arm embedded processors\\5.4 2016q3\\arm-none-eabi\\include\\c++\\5.4.1
 1502              		.file 4 "d:\\gnu tools for arm embedded processors\\5.4 2016q3\\arm-none-eabi\\include\\c++\\5.4.1
 1503              		.file 5 "d:\\gnu tools for arm embedded processors\\5.4 2016q3\\arm-none-eabi\\include\\machine\\_
 1504              		.file 6 "d:\\gnu tools for arm embedded processors\\5.4 2016q3\\arm-none-eabi\\include\\sys\\_stdi
 1505              		.file 7 "d:\\gnu tools for arm embedded processors\\5.4 2016q3\\arm-none-eabi\\include\\stdint.h"
 1506              		.file 8 "d:\\gnu tools for arm embedded processors\\5.4 2016q3\\lib\\gcc\\arm-none-eabi\\5.4.1\\in
 1507              		.file 9 "d:\\gnu tools for arm embedded processors\\5.4 2016q3\\arm-none-eabi\\include\\stdlib.h"
 1508              		.file 10 "Drivers/CMSIS/Device/ST/STM32F1xx/Include/stm32f103xb.h"
 1509              		.file 11 "Drivers/CMSIS/Device/ST/STM32F1xx/Include/stm32f1xx.h"
 1510              		.file 12 "Drivers/STM32F1xx_HAL_Driver/Inc/stm32f1xx_hal_def.h"
 1511              		.file 13 "Drivers/STM32F1xx_HAL_Driver/Inc/stm32f1xx_hal_dma.h"
 1512              		.file 14 "Drivers/STM32F1xx_HAL_Driver/Inc/stm32f1xx_hal_uart.h"
 1513              		.file 15 "Drivers/STM32F1xx_HAL_Driver/Inc/stm32f1xx_hal.h"
 1514              		.file 16 "Core/Inc/RFID_low_level.h"
 1515              		.file 17 "Drivers/CMSIS/Include/core_cm3.h"
 1516              		.file 18 "Core/Inc/usart.h"
 1517              		.file 19 "<built-in>"
ARM GAS  C:\Users\大毛\AppData\Local\Temp\ccWWx5Sv.s 			page 35


DEFINED SYMBOLS
                            *ABS*:00000000 RFID_low_level.cpp
C:\Users\大毛\AppData\Local\Temp\ccWWx5Sv.s:20     .text._ZN12RFIDCommands8txpacketEPKhj:00000000 $t
C:\Users\大毛\AppData\Local\Temp\ccWWx5Sv.s:25     .text._ZN12RFIDCommands8txpacketEPKhj:00000000 _ZN12RFIDCommands8txpacketEPKhj
C:\Users\大毛\AppData\Local\Temp\ccWWx5Sv.s:51     .text._ZN12RFIDCommands8txpacketEPKhj:0000000c $d
.ARM.extab.text._ZN12RFIDCommands8txpacketEPKhj:00000000 $d
.ARM.exidx.text._ZN12RFIDCommands8txpacketEPKhj:00000000 $d
C:\Users\大毛\AppData\Local\Temp\ccWWx5Sv.s:57     .text._ZN13RFIDFunctions8checksumEPhj:00000000 $t
C:\Users\大毛\AppData\Local\Temp\ccWWx5Sv.s:62     .text._ZN13RFIDFunctions8checksumEPhj:00000000 _ZN13RFIDFunctions8checksumEPhj
.ARM.exidx.text._ZN13RFIDFunctions8checksumEPhj:00000000 $d
C:\Users\大毛\AppData\Local\Temp\ccWWx5Sv.s:110    .text._ZN12RFIDCommands15get_module_infoEv:00000000 $t
C:\Users\大毛\AppData\Local\Temp\ccWWx5Sv.s:115    .text._ZN12RFIDCommands15get_module_infoEv:00000000 _ZN12RFIDCommands15get_module_infoEv
C:\Users\大毛\AppData\Local\Temp\ccWWx5Sv.s:162    .text._ZN12RFIDCommands15get_module_infoEv:00000028 $d
.ARM.exidx.text._ZN12RFIDCommands15get_module_infoEv:00000000 $d
C:\Users\大毛\AppData\Local\Temp\ccWWx5Sv.s:168    .text._ZN12RFIDCommands14single_pollingEv:00000000 $t
C:\Users\大毛\AppData\Local\Temp\ccWWx5Sv.s:173    .text._ZN12RFIDCommands14single_pollingEv:00000000 _ZN12RFIDCommands14single_pollingEv
C:\Users\大毛\AppData\Local\Temp\ccWWx5Sv.s:222    .text._ZN12RFIDCommands14single_pollingEv:00000030 $d
.ARM.exidx.text._ZN12RFIDCommands14single_pollingEv:00000000 $d
C:\Users\大毛\AppData\Local\Temp\ccWWx5Sv.s:228    .text._ZN12RFIDCommands13multi_pollingEt:00000000 $t
C:\Users\大毛\AppData\Local\Temp\ccWWx5Sv.s:233    .text._ZN12RFIDCommands13multi_pollingEt:00000000 _ZN12RFIDCommands13multi_pollingEt
.ARM.exidx.text._ZN12RFIDCommands13multi_pollingEt:00000000 $d
C:\Users\大毛\AppData\Local\Temp\ccWWx5Sv.s:293    .text._ZN12RFIDCommands18stop_multi_pollingEv:00000000 $t
C:\Users\大毛\AppData\Local\Temp\ccWWx5Sv.s:298    .text._ZN12RFIDCommands18stop_multi_pollingEv:00000000 _ZN12RFIDCommands18stop_multi_pollingEv
C:\Users\大毛\AppData\Local\Temp\ccWWx5Sv.s:347    .text._ZN12RFIDCommands18stop_multi_pollingEv:00000030 $d
.ARM.exidx.text._ZN12RFIDCommands18stop_multi_pollingEv:00000000 $d
C:\Users\大毛\AppData\Local\Temp\ccWWx5Sv.s:353    .text._ZN12RFIDCommands12set_baudrateEt:00000000 $t
C:\Users\大毛\AppData\Local\Temp\ccWWx5Sv.s:358    .text._ZN12RFIDCommands12set_baudrateEt:00000000 _ZN12RFIDCommands12set_baudrateEt
C:\Users\大毛\AppData\Local\Temp\ccWWx5Sv.s:421    .text._ZN12RFIDCommands12set_baudrateEt:0000004c $d
.ARM.exidx.text._ZN12RFIDCommands12set_baudrateEt:00000000 $d
C:\Users\大毛\AppData\Local\Temp\ccWWx5Sv.s:427    .text._ZN12RFIDCommands17get_transmitpowerEv:00000000 $t
C:\Users\大毛\AppData\Local\Temp\ccWWx5Sv.s:432    .text._ZN12RFIDCommands17get_transmitpowerEv:00000000 _ZN12RFIDCommands17get_transmitpowerEv
C:\Users\大毛\AppData\Local\Temp\ccWWx5Sv.s:481    .text._ZN12RFIDCommands17get_transmitpowerEv:00000030 $d
.ARM.exidx.text._ZN12RFIDCommands17get_transmitpowerEv:00000000 $d
C:\Users\大毛\AppData\Local\Temp\ccWWx5Sv.s:487    .text._ZN12RFIDCommands17set_transmitpowerEt:00000000 $t
C:\Users\大毛\AppData\Local\Temp\ccWWx5Sv.s:492    .text._ZN12RFIDCommands17set_transmitpowerEt:00000000 _ZN12RFIDCommands17set_transmitpowerEt
.ARM.exidx.text._ZN12RFIDCommands17set_transmitpowerEt:00000000 $d
C:\Users\大毛\AppData\Local\Temp\ccWWx5Sv.s:557    .text._ZN12RFIDCommands14set_sleep_modeEv:00000000 $t
C:\Users\大毛\AppData\Local\Temp\ccWWx5Sv.s:562    .text._ZN12RFIDCommands14set_sleep_modeEv:00000000 _ZN12RFIDCommands14set_sleep_modeEv
C:\Users\大毛\AppData\Local\Temp\ccWWx5Sv.s:611    .text._ZN12RFIDCommands14set_sleep_modeEv:00000030 $d
.ARM.exidx.text._ZN12RFIDCommands14set_sleep_modeEv:00000000 $d
C:\Users\大毛\AppData\Local\Temp\ccWWx5Sv.s:617    .text._ZN12RFIDCommands19set_auto_sleep_timeEh:00000000 $t
C:\Users\大毛\AppData\Local\Temp\ccWWx5Sv.s:622    .text._ZN12RFIDCommands19set_auto_sleep_timeEh:00000000 _ZN12RFIDCommands19set_auto_sleep_timeEh
.ARM.exidx.text._ZN12RFIDCommands19set_auto_sleep_timeEh:00000000 $d
C:\Users\大毛\AppData\Local\Temp\ccWWx5Sv.s:678    .text._ZN12RFIDCommands14enter_IDLEmodeEh:00000000 $t
C:\Users\大毛\AppData\Local\Temp\ccWWx5Sv.s:683    .text._ZN12RFIDCommands14enter_IDLEmodeEh:00000000 _ZN12RFIDCommands14enter_IDLEmodeEh
.ARM.exidx.text._ZN12RFIDCommands14enter_IDLEmodeEh:00000000 $d
C:\Users\大毛\AppData\Local\Temp\ccWWx5Sv.s:742    .text._ZN13RFIDFunctions20resetGlobalVariablesEv:00000000 $t
C:\Users\大毛\AppData\Local\Temp\ccWWx5Sv.s:747    .text._ZN13RFIDFunctions20resetGlobalVariablesEv:00000000 _ZN13RFIDFunctions20resetGlobalVariablesEv
C:\Users\大毛\AppData\Local\Temp\ccWWx5Sv.s:786    .text._ZN13RFIDFunctions20resetGlobalVariablesEv:00000020 $d
.ARM.exidx.text._ZN13RFIDFunctions20resetGlobalVariablesEv:00000000 $d
C:\Users\大毛\AppData\Local\Temp\ccWWx5Sv.s:797    .text._ZN13RFIDFunctions21startFirstByteReceiveEv:00000000 $t
C:\Users\大毛\AppData\Local\Temp\ccWWx5Sv.s:802    .text._ZN13RFIDFunctions21startFirstByteReceiveEv:00000000 _ZN13RFIDFunctions21startFirstByteReceiveEv
C:\Users\大毛\AppData\Local\Temp\ccWWx5Sv.s:825    .text._ZN13RFIDFunctions21startFirstByteReceiveEv:00000010 $d
.ARM.extab.text._ZN13RFIDFunctions21startFirstByteReceiveEv:00000000 $d
.ARM.exidx.text._ZN13RFIDFunctions21startFirstByteReceiveEv:00000000 $d
C:\Users\大毛\AppData\Local\Temp\ccWWx5Sv.s:832    .text._ZN13RFIDFunctions17receivedByteJudgeEv:00000000 $t
C:\Users\大毛\AppData\Local\Temp\ccWWx5Sv.s:837    .text._ZN13RFIDFunctions17receivedByteJudgeEv:00000000 _ZN13RFIDFunctions17receivedByteJudgeEv
ARM GAS  C:\Users\大毛\AppData\Local\Temp\ccWWx5Sv.s 			page 36


C:\Users\大毛\AppData\Local\Temp\ccWWx5Sv.s:902    .text._ZN13RFIDFunctions17receivedByteJudgeEv:00000054 $d
C:\Users\大毛\AppData\Local\Temp\ccWWx5Sv.s:920    .text._ZN13RFIDFunctions17receivedByteJudgeEv:00000066 $t
C:\Users\大毛\AppData\Local\Temp\ccWWx5Sv.s:1005   .text._ZN13RFIDFunctions17receivedByteJudgeEv:000000dc $d
C:\Users\大毛\AppData\Local\Temp\ccWWx5Sv.s:1023   .text._ZN13RFIDFunctions17receivedByteJudgeEv:000000ee $t
C:\Users\大毛\AppData\Local\Temp\ccWWx5Sv.s:1117   .text._ZN13RFIDFunctions17receivedByteJudgeEv:00000160 $d
.ARM.extab.text._ZN13RFIDFunctions17receivedByteJudgeEv:00000000 $d
.ARM.exidx.text._ZN13RFIDFunctions17receivedByteJudgeEv:00000000 $d
C:\Users\大毛\AppData\Local\Temp\ccWWx5Sv.s:1127   .text._ZN13RFIDFunctions10errorJudgeEPKhh:00000000 $t
C:\Users\大毛\AppData\Local\Temp\ccWWx5Sv.s:1132   .text._ZN13RFIDFunctions10errorJudgeEPKhh:00000000 _ZN13RFIDFunctions10errorJudgeEPKhh
C:\Users\大毛\AppData\Local\Temp\ccWWx5Sv.s:1236   .text._ZN13RFIDFunctions10errorJudgeEPKhh:00000056 $d
C:\Users\大毛\AppData\Local\Temp\ccWWx5Sv.s:1290   .text._ZN13RFIDFunctions10errorJudgeEPKhh:00000090 $d
.ARM.exidx.text._ZN13RFIDFunctions10errorJudgeEPKhh:00000000 $d
C:\Users\大毛\AppData\Local\Temp\ccWWx5Sv.s:1297   .text._ZN13RFIDFunctions14dataProcessingEPKhh:00000000 $t
C:\Users\大毛\AppData\Local\Temp\ccWWx5Sv.s:1302   .text._ZN13RFIDFunctions14dataProcessingEPKhh:00000000 _ZN13RFIDFunctions14dataProcessingEPKhh
.ARM.extab.text._ZN13RFIDFunctions14dataProcessingEPKhh:00000000 $d
.ARM.exidx.text._ZN13RFIDFunctions14dataProcessingEPKhh:00000000 $d
C:\Users\大毛\AppData\Local\Temp\ccWWx5Sv.s:1336   .text.HAL_UART_RxCpltCallback:00000000 $t
C:\Users\大毛\AppData\Local\Temp\ccWWx5Sv.s:1341   .text.HAL_UART_RxCpltCallback:00000000 HAL_UART_RxCpltCallback
C:\Users\大毛\AppData\Local\Temp\ccWWx5Sv.s:1380   .text.HAL_UART_RxCpltCallback:00000024 $d
.ARM.extab.text.HAL_UART_RxCpltCallback:00000000 $d
.ARM.exidx.text.HAL_UART_RxCpltCallback:00000000 $d
C:\Users\大毛\AppData\Local\Temp\ccWWx5Sv.s:1388   .text._ZN13RFIDFunctions17getPacketLossTimeEv:00000000 $t
C:\Users\大毛\AppData\Local\Temp\ccWWx5Sv.s:1393   .text._ZN13RFIDFunctions17getPacketLossTimeEv:00000000 _ZN13RFIDFunctions17getPacketLossTimeEv
C:\Users\大毛\AppData\Local\Temp\ccWWx5Sv.s:1408   .text._ZN13RFIDFunctions17getPacketLossTimeEv:00000008 $d
.ARM.exidx.text._ZN13RFIDFunctions17getPacketLossTimeEv:00000000 $d
C:\Users\大毛\AppData\Local\Temp\ccWWx5Sv.s:1483   .bss._ZN19RFIDGlobalVariables11currentSizeE:00000000 _ZN19RFIDGlobalVariables11currentSizeE
C:\Users\大毛\AppData\Local\Temp\ccWWx5Sv.s:1471   .bss._ZN19RFIDGlobalVariables18receivedDataBufferE:00000000 _ZN19RFIDGlobalVariables18receivedDataBufferE
C:\Users\大毛\AppData\Local\Temp\ccWWx5Sv.s:1490   .bss._ZN19RFIDGlobalVariables14packetLossTimeE:00000000 _ZN19RFIDGlobalVariables14packetLossTimeE
C:\Users\大毛\AppData\Local\Temp\ccWWx5Sv.s:1477   .bss._ZN19RFIDGlobalVariables19receiveCompleteFlagE:00000000 _ZN19RFIDGlobalVariables19receiveCompleteFlagE
C:\Users\大毛\AppData\Local\Temp\ccWWx5Sv.s:1496   .bss._ZN19RFIDGlobalVariables13startByteFlagE:00000000 _ZN19RFIDGlobalVariables13startByteFlagE
C:\Users\大毛\AppData\Local\Temp\ccWWx5Sv.s:1420   .rodata:00000000 $d
C:\Users\大毛\AppData\Local\Temp\ccWWx5Sv.s:1467   .bss._ZN19RFIDGlobalVariables18receivedDataBufferE:00000000 $d
C:\Users\大毛\AppData\Local\Temp\ccWWx5Sv.s:1478   .bss._ZN19RFIDGlobalVariables19receiveCompleteFlagE:00000000 $d
C:\Users\大毛\AppData\Local\Temp\ccWWx5Sv.s:1484   .bss._ZN19RFIDGlobalVariables11currentSizeE:00000000 $d
C:\Users\大毛\AppData\Local\Temp\ccWWx5Sv.s:1486   .bss._ZN19RFIDGlobalVariables14packetLossTimeE:00000000 $d
C:\Users\大毛\AppData\Local\Temp\ccWWx5Sv.s:1497   .bss._ZN19RFIDGlobalVariables13startByteFlagE:00000000 $d
                     .debug_frame:00000010 $d
C:\Users\大毛\AppData\Local\Temp\ccWWx5Sv.s:1241   .text._ZN13RFIDFunctions10errorJudgeEPKhh:0000005b $d
C:\Users\大毛\AppData\Local\Temp\ccWWx5Sv.s:1241   .text._ZN13RFIDFunctions10errorJudgeEPKhh:0000005c $t

UNDEFINED SYMBOLS
HAL_UART_Transmit_IT
huart1
__aeabi_unwind_cpp_pr1
__aeabi_unwind_cpp_pr0
HAL_UART_Receive_IT
