ARM GAS  C:\Users\大毛\AppData\Local\Temp\cccpAEBP.s 			page 1


   1              		.syntax unified
   2              		.cpu cortex-m3
   3              		.fpu softvfp
   4              		.eabi_attribute 20, 1
   5              		.eabi_attribute 21, 1
   6              		.eabi_attribute 23, 3
   7              		.eabi_attribute 24, 1
   8              		.eabi_attribute 25, 1
   9              		.eabi_attribute 26, 1
  10              		.eabi_attribute 30, 1
  11              		.eabi_attribute 34, 1
  12              		.eabi_attribute 18, 4
  13              		.thumb
  14              		.syntax unified
  15              		.file	"start.cpp"
  16              		.text
  17              	.Ltext0:
  18              		.cfi_sections	.debug_frame
  19              		.section	.text.cpp_start,"ax",%progbits
  20              		.align	2
  21              		.global	cpp_start
  22              		.thumb
  23              		.thumb_func
  25              	cpp_start:
  26              		.fnstart
  27              	.LFB0:
  28              		.file 1 "Core/Src/start.cpp"
   1:Core/Src/start.cpp **** #include "cppstart.h"
   2:Core/Src/start.cpp **** 
   3:Core/Src/start.cpp **** int cpp_start(){
  29              		.loc 1 3 0
  30              		.cfi_startproc
  31              		@ args = 0, pretend = 0, frame = 0
  32              		@ frame_needed = 0, uses_anonymous_args = 0
  33              		@ link register save eliminated.
   4:Core/Src/start.cpp ****     
   5:Core/Src/start.cpp **** }...
  34              		.loc 1 5 0
  35 0000 7047     		bx	lr
  36              		.cfi_endproc
  37              	.LFE0:
  38              		.cantunwind
  39              		.fnend
  41 0002 00BF     		.text
  42              	.Letext0:
ARM GAS  C:\Users\大毛\AppData\Local\Temp\cccpAEBP.s 			page 2


DEFINED SYMBOLS
                            *ABS*:00000000 start.cpp
C:\Users\大毛\AppData\Local\Temp\cccpAEBP.s:20     .text.cpp_start:00000000 $t
C:\Users\大毛\AppData\Local\Temp\cccpAEBP.s:25     .text.cpp_start:00000000 cpp_start
        .ARM.exidx.text.cpp_start:00000000 $d
                     .debug_frame:00000010 $d

NO UNDEFINED SYMBOLS
