ARM GAS  C:\Users\大毛\AppData\Local\Temp\ccMDhdQt.s 			page 1


   1              		.syntax unified
   2              		.cpu cortex-m3
   3              		.fpu softvfp
   4              		.eabi_attribute 20, 1
   5              		.eabi_attribute 21, 1
   6              		.eabi_attribute 23, 3
   7              		.eabi_attribute 24, 1
   8              		.eabi_attribute 25, 1
   9              		.eabi_attribute 26, 1
  10              		.eabi_attribute 30, 1
  11              		.eabi_attribute 34, 1
  12              		.eabi_attribute 18, 4
  13              		.thumb
  14              		.syntax unified
  15              		.file	"stm32f1xx_hal.c"
  16              		.text
  17              	.Ltext0:
  18              		.cfi_sections	.debug_frame
  19              		.section	.text.HAL_MspInit,"ax",%progbits
  20              		.align	2
  21              		.weak	HAL_MspInit
  22              		.thumb
  23              		.thumb_func
  25              	HAL_MspInit:
  26              	.LFB67:
  27              		.file 1 "Drivers/STM32F1xx_HAL_Driver/Src/stm32f1xx_hal.c"
   1:Drivers/STM32F1xx_HAL_Driver/Src/stm32f1xx_hal.c **** /**
   2:Drivers/STM32F1xx_HAL_Driver/Src/stm32f1xx_hal.c ****   ******************************************************************************
   3:Drivers/STM32F1xx_HAL_Driver/Src/stm32f1xx_hal.c ****   * @file    stm32f1xx_hal.c
   4:Drivers/STM32F1xx_HAL_Driver/Src/stm32f1xx_hal.c ****   * @author  MCD Application Team
   5:Drivers/STM32F1xx_HAL_Driver/Src/stm32f1xx_hal.c ****   * @brief   HAL module driver.
   6:Drivers/STM32F1xx_HAL_Driver/Src/stm32f1xx_hal.c ****   *          This is the common part of the HAL initialization
   7:Drivers/STM32F1xx_HAL_Driver/Src/stm32f1xx_hal.c ****   *
   8:Drivers/STM32F1xx_HAL_Driver/Src/stm32f1xx_hal.c ****   ******************************************************************************
   9:Drivers/STM32F1xx_HAL_Driver/Src/stm32f1xx_hal.c ****   * @attention
  10:Drivers/STM32F1xx_HAL_Driver/Src/stm32f1xx_hal.c ****   *
  11:Drivers/STM32F1xx_HAL_Driver/Src/stm32f1xx_hal.c ****   * Copyright (c) 2016 STMicroelectronics.
  12:Drivers/STM32F1xx_HAL_Driver/Src/stm32f1xx_hal.c ****   * All rights reserved.
  13:Drivers/STM32F1xx_HAL_Driver/Src/stm32f1xx_hal.c ****   *
  14:Drivers/STM32F1xx_HAL_Driver/Src/stm32f1xx_hal.c ****   * This software is licensed under terms that can be found in the LICENSE file
  15:Drivers/STM32F1xx_HAL_Driver/Src/stm32f1xx_hal.c ****   * in the root directory of this software component.
  16:Drivers/STM32F1xx_HAL_Driver/Src/stm32f1xx_hal.c ****   * If no LICENSE file comes with this software, it is provided AS-IS.
  17:Drivers/STM32F1xx_HAL_Driver/Src/stm32f1xx_hal.c ****   *
  18:Drivers/STM32F1xx_HAL_Driver/Src/stm32f1xx_hal.c ****   ******************************************************************************
  19:Drivers/STM32F1xx_HAL_Driver/Src/stm32f1xx_hal.c ****   @verbatim
  20:Drivers/STM32F1xx_HAL_Driver/Src/stm32f1xx_hal.c ****   ==============================================================================
  21:Drivers/STM32F1xx_HAL_Driver/Src/stm32f1xx_hal.c ****                      ##### How to use this driver #####
  22:Drivers/STM32F1xx_HAL_Driver/Src/stm32f1xx_hal.c ****   ==============================================================================
  23:Drivers/STM32F1xx_HAL_Driver/Src/stm32f1xx_hal.c ****     [..]
  24:Drivers/STM32F1xx_HAL_Driver/Src/stm32f1xx_hal.c ****     The common HAL driver contains a set of generic and common APIs that can be
  25:Drivers/STM32F1xx_HAL_Driver/Src/stm32f1xx_hal.c ****     used by the PPP peripheral drivers and the user to start using the HAL.
  26:Drivers/STM32F1xx_HAL_Driver/Src/stm32f1xx_hal.c ****     [..]
  27:Drivers/STM32F1xx_HAL_Driver/Src/stm32f1xx_hal.c ****     The HAL contains two APIs' categories:
  28:Drivers/STM32F1xx_HAL_Driver/Src/stm32f1xx_hal.c ****          (+) Common HAL APIs
  29:Drivers/STM32F1xx_HAL_Driver/Src/stm32f1xx_hal.c ****          (+) Services HAL APIs
  30:Drivers/STM32F1xx_HAL_Driver/Src/stm32f1xx_hal.c **** 
  31:Drivers/STM32F1xx_HAL_Driver/Src/stm32f1xx_hal.c ****   @endverbatim
ARM GAS  C:\Users\大毛\AppData\Local\Temp\ccMDhdQt.s 			page 2


  32:Drivers/STM32F1xx_HAL_Driver/Src/stm32f1xx_hal.c ****   ******************************************************************************
  33:Drivers/STM32F1xx_HAL_Driver/Src/stm32f1xx_hal.c ****   */
  34:Drivers/STM32F1xx_HAL_Driver/Src/stm32f1xx_hal.c **** 
  35:Drivers/STM32F1xx_HAL_Driver/Src/stm32f1xx_hal.c **** /* Includes ------------------------------------------------------------------*/
  36:Drivers/STM32F1xx_HAL_Driver/Src/stm32f1xx_hal.c **** #include "stm32f1xx_hal.h"
  37:Drivers/STM32F1xx_HAL_Driver/Src/stm32f1xx_hal.c **** 
  38:Drivers/STM32F1xx_HAL_Driver/Src/stm32f1xx_hal.c **** /** @addtogroup STM32F1xx_HAL_Driver
  39:Drivers/STM32F1xx_HAL_Driver/Src/stm32f1xx_hal.c ****   * @{
  40:Drivers/STM32F1xx_HAL_Driver/Src/stm32f1xx_hal.c ****   */
  41:Drivers/STM32F1xx_HAL_Driver/Src/stm32f1xx_hal.c **** 
  42:Drivers/STM32F1xx_HAL_Driver/Src/stm32f1xx_hal.c **** /** @defgroup HAL HAL
  43:Drivers/STM32F1xx_HAL_Driver/Src/stm32f1xx_hal.c ****   * @brief HAL module driver.
  44:Drivers/STM32F1xx_HAL_Driver/Src/stm32f1xx_hal.c ****   * @{
  45:Drivers/STM32F1xx_HAL_Driver/Src/stm32f1xx_hal.c ****   */
  46:Drivers/STM32F1xx_HAL_Driver/Src/stm32f1xx_hal.c **** 
  47:Drivers/STM32F1xx_HAL_Driver/Src/stm32f1xx_hal.c **** #ifdef HAL_MODULE_ENABLED
  48:Drivers/STM32F1xx_HAL_Driver/Src/stm32f1xx_hal.c **** 
  49:Drivers/STM32F1xx_HAL_Driver/Src/stm32f1xx_hal.c **** /* Private typedef -----------------------------------------------------------*/
  50:Drivers/STM32F1xx_HAL_Driver/Src/stm32f1xx_hal.c **** /* Private define ------------------------------------------------------------*/
  51:Drivers/STM32F1xx_HAL_Driver/Src/stm32f1xx_hal.c **** 
  52:Drivers/STM32F1xx_HAL_Driver/Src/stm32f1xx_hal.c **** /** @defgroup HAL_Private_Constants HAL Private Constants
  53:Drivers/STM32F1xx_HAL_Driver/Src/stm32f1xx_hal.c ****   * @{
  54:Drivers/STM32F1xx_HAL_Driver/Src/stm32f1xx_hal.c ****   */
  55:Drivers/STM32F1xx_HAL_Driver/Src/stm32f1xx_hal.c **** /**
  56:Drivers/STM32F1xx_HAL_Driver/Src/stm32f1xx_hal.c ****  * @brief STM32F1xx HAL Driver version number
  57:Drivers/STM32F1xx_HAL_Driver/Src/stm32f1xx_hal.c ****    */
  58:Drivers/STM32F1xx_HAL_Driver/Src/stm32f1xx_hal.c **** #define __STM32F1xx_HAL_VERSION_MAIN   (0x01U) /*!< [31:24] main version */
  59:Drivers/STM32F1xx_HAL_Driver/Src/stm32f1xx_hal.c **** #define __STM32F1xx_HAL_VERSION_SUB1   (0x01U) /*!< [23:16] sub1 version */
  60:Drivers/STM32F1xx_HAL_Driver/Src/stm32f1xx_hal.c **** #define __STM32F1xx_HAL_VERSION_SUB2   (0x09U) /*!< [15:8]  sub2 version */
  61:Drivers/STM32F1xx_HAL_Driver/Src/stm32f1xx_hal.c **** #define __STM32F1xx_HAL_VERSION_RC     (0x00U) /*!< [7:0]  release candidate */
  62:Drivers/STM32F1xx_HAL_Driver/Src/stm32f1xx_hal.c **** #define __STM32F1xx_HAL_VERSION         ((__STM32F1xx_HAL_VERSION_MAIN << 24)\
  63:Drivers/STM32F1xx_HAL_Driver/Src/stm32f1xx_hal.c ****                                         |(__STM32F1xx_HAL_VERSION_SUB1 << 16)\
  64:Drivers/STM32F1xx_HAL_Driver/Src/stm32f1xx_hal.c ****                                         |(__STM32F1xx_HAL_VERSION_SUB2 << 8 )\
  65:Drivers/STM32F1xx_HAL_Driver/Src/stm32f1xx_hal.c ****                                         |(__STM32F1xx_HAL_VERSION_RC))
  66:Drivers/STM32F1xx_HAL_Driver/Src/stm32f1xx_hal.c **** 
  67:Drivers/STM32F1xx_HAL_Driver/Src/stm32f1xx_hal.c **** #define IDCODE_DEVID_MASK    0x00000FFFU
  68:Drivers/STM32F1xx_HAL_Driver/Src/stm32f1xx_hal.c **** 
  69:Drivers/STM32F1xx_HAL_Driver/Src/stm32f1xx_hal.c **** /**
  70:Drivers/STM32F1xx_HAL_Driver/Src/stm32f1xx_hal.c ****   * @}
  71:Drivers/STM32F1xx_HAL_Driver/Src/stm32f1xx_hal.c ****   */
  72:Drivers/STM32F1xx_HAL_Driver/Src/stm32f1xx_hal.c **** 
  73:Drivers/STM32F1xx_HAL_Driver/Src/stm32f1xx_hal.c **** /* Private macro -------------------------------------------------------------*/
  74:Drivers/STM32F1xx_HAL_Driver/Src/stm32f1xx_hal.c **** /* Private variables ---------------------------------------------------------*/
  75:Drivers/STM32F1xx_HAL_Driver/Src/stm32f1xx_hal.c **** 
  76:Drivers/STM32F1xx_HAL_Driver/Src/stm32f1xx_hal.c **** /** @defgroup HAL_Private_Variables HAL Private Variables
  77:Drivers/STM32F1xx_HAL_Driver/Src/stm32f1xx_hal.c ****   * @{
  78:Drivers/STM32F1xx_HAL_Driver/Src/stm32f1xx_hal.c ****   */
  79:Drivers/STM32F1xx_HAL_Driver/Src/stm32f1xx_hal.c **** __IO uint32_t uwTick;
  80:Drivers/STM32F1xx_HAL_Driver/Src/stm32f1xx_hal.c **** uint32_t uwTickPrio   = (1UL << __NVIC_PRIO_BITS); /* Invalid PRIO */
  81:Drivers/STM32F1xx_HAL_Driver/Src/stm32f1xx_hal.c **** HAL_TickFreqTypeDef uwTickFreq = HAL_TICK_FREQ_DEFAULT;  /* 1KHz */
  82:Drivers/STM32F1xx_HAL_Driver/Src/stm32f1xx_hal.c **** /**
  83:Drivers/STM32F1xx_HAL_Driver/Src/stm32f1xx_hal.c ****   * @}
  84:Drivers/STM32F1xx_HAL_Driver/Src/stm32f1xx_hal.c ****   */
  85:Drivers/STM32F1xx_HAL_Driver/Src/stm32f1xx_hal.c **** /* Private function prototypes -----------------------------------------------*/
  86:Drivers/STM32F1xx_HAL_Driver/Src/stm32f1xx_hal.c **** /* Exported functions ---------------------------------------------------------*/
  87:Drivers/STM32F1xx_HAL_Driver/Src/stm32f1xx_hal.c **** 
  88:Drivers/STM32F1xx_HAL_Driver/Src/stm32f1xx_hal.c **** /** @defgroup HAL_Exported_Functions HAL Exported Functions
ARM GAS  C:\Users\大毛\AppData\Local\Temp\ccMDhdQt.s 			page 3


  89:Drivers/STM32F1xx_HAL_Driver/Src/stm32f1xx_hal.c ****   * @{
  90:Drivers/STM32F1xx_HAL_Driver/Src/stm32f1xx_hal.c ****   */
  91:Drivers/STM32F1xx_HAL_Driver/Src/stm32f1xx_hal.c **** 
  92:Drivers/STM32F1xx_HAL_Driver/Src/stm32f1xx_hal.c **** /** @defgroup HAL_Exported_Functions_Group1 Initialization and de-initialization Functions
  93:Drivers/STM32F1xx_HAL_Driver/Src/stm32f1xx_hal.c ****  *  @brief    Initialization and de-initialization functions
  94:Drivers/STM32F1xx_HAL_Driver/Src/stm32f1xx_hal.c ****  *
  95:Drivers/STM32F1xx_HAL_Driver/Src/stm32f1xx_hal.c **** @verbatim
  96:Drivers/STM32F1xx_HAL_Driver/Src/stm32f1xx_hal.c ****  ===============================================================================
  97:Drivers/STM32F1xx_HAL_Driver/Src/stm32f1xx_hal.c ****               ##### Initialization and de-initialization functions #####
  98:Drivers/STM32F1xx_HAL_Driver/Src/stm32f1xx_hal.c ****  ===============================================================================
  99:Drivers/STM32F1xx_HAL_Driver/Src/stm32f1xx_hal.c ****    [..]  This section provides functions allowing to:
 100:Drivers/STM32F1xx_HAL_Driver/Src/stm32f1xx_hal.c ****       (+) Initializes the Flash interface, the NVIC allocation and initial clock
 101:Drivers/STM32F1xx_HAL_Driver/Src/stm32f1xx_hal.c ****           configuration. It initializes the systick also when timeout is needed
 102:Drivers/STM32F1xx_HAL_Driver/Src/stm32f1xx_hal.c ****           and the backup domain when enabled.
 103:Drivers/STM32F1xx_HAL_Driver/Src/stm32f1xx_hal.c ****       (+) de-Initializes common part of the HAL.
 104:Drivers/STM32F1xx_HAL_Driver/Src/stm32f1xx_hal.c ****       (+) Configure The time base source to have 1ms time base with a dedicated
 105:Drivers/STM32F1xx_HAL_Driver/Src/stm32f1xx_hal.c ****           Tick interrupt priority.
 106:Drivers/STM32F1xx_HAL_Driver/Src/stm32f1xx_hal.c ****         (++) SysTick timer is used by default as source of time base, but user
 107:Drivers/STM32F1xx_HAL_Driver/Src/stm32f1xx_hal.c ****              can eventually implement his proper time base source (a general purpose
 108:Drivers/STM32F1xx_HAL_Driver/Src/stm32f1xx_hal.c ****              timer for example or other time source), keeping in mind that Time base
 109:Drivers/STM32F1xx_HAL_Driver/Src/stm32f1xx_hal.c ****              duration should be kept 1ms since PPP_TIMEOUT_VALUEs are defined and
 110:Drivers/STM32F1xx_HAL_Driver/Src/stm32f1xx_hal.c ****              handled in milliseconds basis.
 111:Drivers/STM32F1xx_HAL_Driver/Src/stm32f1xx_hal.c ****         (++) Time base configuration function (HAL_InitTick ()) is called automatically
 112:Drivers/STM32F1xx_HAL_Driver/Src/stm32f1xx_hal.c ****              at the beginning of the program after reset by HAL_Init() or at any time
 113:Drivers/STM32F1xx_HAL_Driver/Src/stm32f1xx_hal.c ****              when clock is configured, by HAL_RCC_ClockConfig().
 114:Drivers/STM32F1xx_HAL_Driver/Src/stm32f1xx_hal.c ****         (++) Source of time base is configured  to generate interrupts at regular
 115:Drivers/STM32F1xx_HAL_Driver/Src/stm32f1xx_hal.c ****              time intervals. Care must be taken if HAL_Delay() is called from a
 116:Drivers/STM32F1xx_HAL_Driver/Src/stm32f1xx_hal.c ****              peripheral ISR process, the Tick interrupt line must have higher priority
 117:Drivers/STM32F1xx_HAL_Driver/Src/stm32f1xx_hal.c ****             (numerically lower) than the peripheral interrupt. Otherwise the caller
 118:Drivers/STM32F1xx_HAL_Driver/Src/stm32f1xx_hal.c ****             ISR process will be blocked.
 119:Drivers/STM32F1xx_HAL_Driver/Src/stm32f1xx_hal.c ****        (++) functions affecting time base configurations are declared as __weak
 120:Drivers/STM32F1xx_HAL_Driver/Src/stm32f1xx_hal.c ****              to make  override possible  in case of other  implementations in user file.
 121:Drivers/STM32F1xx_HAL_Driver/Src/stm32f1xx_hal.c **** @endverbatim
 122:Drivers/STM32F1xx_HAL_Driver/Src/stm32f1xx_hal.c ****   * @{
 123:Drivers/STM32F1xx_HAL_Driver/Src/stm32f1xx_hal.c ****   */
 124:Drivers/STM32F1xx_HAL_Driver/Src/stm32f1xx_hal.c **** 
 125:Drivers/STM32F1xx_HAL_Driver/Src/stm32f1xx_hal.c **** /**
 126:Drivers/STM32F1xx_HAL_Driver/Src/stm32f1xx_hal.c ****   * @brief  This function is used to initialize the HAL Library; it must be the first
 127:Drivers/STM32F1xx_HAL_Driver/Src/stm32f1xx_hal.c ****   *         instruction to be executed in the main program (before to call any other
 128:Drivers/STM32F1xx_HAL_Driver/Src/stm32f1xx_hal.c ****   *         HAL function), it performs the following:
 129:Drivers/STM32F1xx_HAL_Driver/Src/stm32f1xx_hal.c ****   *           Configure the Flash prefetch.
 130:Drivers/STM32F1xx_HAL_Driver/Src/stm32f1xx_hal.c ****   *           Configures the SysTick to generate an interrupt each 1 millisecond,
 131:Drivers/STM32F1xx_HAL_Driver/Src/stm32f1xx_hal.c ****   *           which is clocked by the HSI (at this stage, the clock is not yet
 132:Drivers/STM32F1xx_HAL_Driver/Src/stm32f1xx_hal.c ****   *           configured and thus the system is running from the internal HSI at 16 MHz).
 133:Drivers/STM32F1xx_HAL_Driver/Src/stm32f1xx_hal.c ****   *           Set NVIC Group Priority to 4.
 134:Drivers/STM32F1xx_HAL_Driver/Src/stm32f1xx_hal.c ****   *           Calls the HAL_MspInit() callback function defined in user file
 135:Drivers/STM32F1xx_HAL_Driver/Src/stm32f1xx_hal.c ****   *           "stm32f1xx_hal_msp.c" to do the global low level hardware initialization
 136:Drivers/STM32F1xx_HAL_Driver/Src/stm32f1xx_hal.c ****   *
 137:Drivers/STM32F1xx_HAL_Driver/Src/stm32f1xx_hal.c ****   * @note   SysTick is used as time base for the HAL_Delay() function, the application
 138:Drivers/STM32F1xx_HAL_Driver/Src/stm32f1xx_hal.c ****   *         need to ensure that the SysTick time base is always set to 1 millisecond
 139:Drivers/STM32F1xx_HAL_Driver/Src/stm32f1xx_hal.c ****   *         to have correct HAL operation.
 140:Drivers/STM32F1xx_HAL_Driver/Src/stm32f1xx_hal.c ****   * @retval HAL status
 141:Drivers/STM32F1xx_HAL_Driver/Src/stm32f1xx_hal.c ****   */
 142:Drivers/STM32F1xx_HAL_Driver/Src/stm32f1xx_hal.c **** HAL_StatusTypeDef HAL_Init(void)
 143:Drivers/STM32F1xx_HAL_Driver/Src/stm32f1xx_hal.c **** {
 144:Drivers/STM32F1xx_HAL_Driver/Src/stm32f1xx_hal.c ****   /* Configure Flash prefetch */
 145:Drivers/STM32F1xx_HAL_Driver/Src/stm32f1xx_hal.c **** #if (PREFETCH_ENABLE != 0)
ARM GAS  C:\Users\大毛\AppData\Local\Temp\ccMDhdQt.s 			page 4


 146:Drivers/STM32F1xx_HAL_Driver/Src/stm32f1xx_hal.c **** #if defined(STM32F101x6) || defined(STM32F101xB) || defined(STM32F101xE) || defined(STM32F101xG) ||
 147:Drivers/STM32F1xx_HAL_Driver/Src/stm32f1xx_hal.c ****     defined(STM32F102x6) || defined(STM32F102xB) || \
 148:Drivers/STM32F1xx_HAL_Driver/Src/stm32f1xx_hal.c ****     defined(STM32F103x6) || defined(STM32F103xB) || defined(STM32F103xE) || defined(STM32F103xG) ||
 149:Drivers/STM32F1xx_HAL_Driver/Src/stm32f1xx_hal.c ****     defined(STM32F105xC) || defined(STM32F107xC)
 150:Drivers/STM32F1xx_HAL_Driver/Src/stm32f1xx_hal.c **** 
 151:Drivers/STM32F1xx_HAL_Driver/Src/stm32f1xx_hal.c ****   /* Prefetch buffer is not available on value line devices */
 152:Drivers/STM32F1xx_HAL_Driver/Src/stm32f1xx_hal.c ****   __HAL_FLASH_PREFETCH_BUFFER_ENABLE();
 153:Drivers/STM32F1xx_HAL_Driver/Src/stm32f1xx_hal.c **** #endif
 154:Drivers/STM32F1xx_HAL_Driver/Src/stm32f1xx_hal.c **** #endif /* PREFETCH_ENABLE */
 155:Drivers/STM32F1xx_HAL_Driver/Src/stm32f1xx_hal.c **** 
 156:Drivers/STM32F1xx_HAL_Driver/Src/stm32f1xx_hal.c ****   /* Set Interrupt Group Priority */
 157:Drivers/STM32F1xx_HAL_Driver/Src/stm32f1xx_hal.c ****   HAL_NVIC_SetPriorityGrouping(NVIC_PRIORITYGROUP_4);
 158:Drivers/STM32F1xx_HAL_Driver/Src/stm32f1xx_hal.c **** 
 159:Drivers/STM32F1xx_HAL_Driver/Src/stm32f1xx_hal.c ****   /* Use systick as time base source and configure 1ms tick (default clock after Reset is HSI) */
 160:Drivers/STM32F1xx_HAL_Driver/Src/stm32f1xx_hal.c ****   HAL_InitTick(TICK_INT_PRIORITY);
 161:Drivers/STM32F1xx_HAL_Driver/Src/stm32f1xx_hal.c **** 
 162:Drivers/STM32F1xx_HAL_Driver/Src/stm32f1xx_hal.c ****   /* Init the low level hardware */
 163:Drivers/STM32F1xx_HAL_Driver/Src/stm32f1xx_hal.c ****   HAL_MspInit();
 164:Drivers/STM32F1xx_HAL_Driver/Src/stm32f1xx_hal.c **** 
 165:Drivers/STM32F1xx_HAL_Driver/Src/stm32f1xx_hal.c ****   /* Return function status */
 166:Drivers/STM32F1xx_HAL_Driver/Src/stm32f1xx_hal.c ****   return HAL_OK;
 167:Drivers/STM32F1xx_HAL_Driver/Src/stm32f1xx_hal.c **** }
 168:Drivers/STM32F1xx_HAL_Driver/Src/stm32f1xx_hal.c **** 
 169:Drivers/STM32F1xx_HAL_Driver/Src/stm32f1xx_hal.c **** /**
 170:Drivers/STM32F1xx_HAL_Driver/Src/stm32f1xx_hal.c ****   * @brief This function de-Initializes common part of the HAL and stops the systick.
 171:Drivers/STM32F1xx_HAL_Driver/Src/stm32f1xx_hal.c ****   *        of time base.
 172:Drivers/STM32F1xx_HAL_Driver/Src/stm32f1xx_hal.c ****   * @note This function is optional.
 173:Drivers/STM32F1xx_HAL_Driver/Src/stm32f1xx_hal.c ****   * @retval HAL status
 174:Drivers/STM32F1xx_HAL_Driver/Src/stm32f1xx_hal.c ****   */
 175:Drivers/STM32F1xx_HAL_Driver/Src/stm32f1xx_hal.c **** HAL_StatusTypeDef HAL_DeInit(void)
 176:Drivers/STM32F1xx_HAL_Driver/Src/stm32f1xx_hal.c **** {
 177:Drivers/STM32F1xx_HAL_Driver/Src/stm32f1xx_hal.c ****   /* Reset of all peripherals */
 178:Drivers/STM32F1xx_HAL_Driver/Src/stm32f1xx_hal.c ****   __HAL_RCC_APB1_FORCE_RESET();
 179:Drivers/STM32F1xx_HAL_Driver/Src/stm32f1xx_hal.c ****   __HAL_RCC_APB1_RELEASE_RESET();
 180:Drivers/STM32F1xx_HAL_Driver/Src/stm32f1xx_hal.c **** 
 181:Drivers/STM32F1xx_HAL_Driver/Src/stm32f1xx_hal.c ****   __HAL_RCC_APB2_FORCE_RESET();
 182:Drivers/STM32F1xx_HAL_Driver/Src/stm32f1xx_hal.c ****   __HAL_RCC_APB2_RELEASE_RESET();
 183:Drivers/STM32F1xx_HAL_Driver/Src/stm32f1xx_hal.c **** 
 184:Drivers/STM32F1xx_HAL_Driver/Src/stm32f1xx_hal.c **** #if defined(STM32F105xC) || defined(STM32F107xC)
 185:Drivers/STM32F1xx_HAL_Driver/Src/stm32f1xx_hal.c ****   __HAL_RCC_AHB_FORCE_RESET();
 186:Drivers/STM32F1xx_HAL_Driver/Src/stm32f1xx_hal.c ****   __HAL_RCC_AHB_RELEASE_RESET();
 187:Drivers/STM32F1xx_HAL_Driver/Src/stm32f1xx_hal.c **** #endif
 188:Drivers/STM32F1xx_HAL_Driver/Src/stm32f1xx_hal.c **** 
 189:Drivers/STM32F1xx_HAL_Driver/Src/stm32f1xx_hal.c ****   /* De-Init the low level hardware */
 190:Drivers/STM32F1xx_HAL_Driver/Src/stm32f1xx_hal.c ****   HAL_MspDeInit();
 191:Drivers/STM32F1xx_HAL_Driver/Src/stm32f1xx_hal.c **** 
 192:Drivers/STM32F1xx_HAL_Driver/Src/stm32f1xx_hal.c ****   /* Return function status */
 193:Drivers/STM32F1xx_HAL_Driver/Src/stm32f1xx_hal.c ****   return HAL_OK;
 194:Drivers/STM32F1xx_HAL_Driver/Src/stm32f1xx_hal.c **** }
 195:Drivers/STM32F1xx_HAL_Driver/Src/stm32f1xx_hal.c **** 
 196:Drivers/STM32F1xx_HAL_Driver/Src/stm32f1xx_hal.c **** /**
 197:Drivers/STM32F1xx_HAL_Driver/Src/stm32f1xx_hal.c ****   * @brief  Initialize the MSP.
 198:Drivers/STM32F1xx_HAL_Driver/Src/stm32f1xx_hal.c ****   * @retval None
 199:Drivers/STM32F1xx_HAL_Driver/Src/stm32f1xx_hal.c ****   */
 200:Drivers/STM32F1xx_HAL_Driver/Src/stm32f1xx_hal.c **** __weak void HAL_MspInit(void)
 201:Drivers/STM32F1xx_HAL_Driver/Src/stm32f1xx_hal.c **** {
  28              		.loc 1 201 0
ARM GAS  C:\Users\大毛\AppData\Local\Temp\ccMDhdQt.s 			page 5


  29              		.cfi_startproc
  30              		@ args = 0, pretend = 0, frame = 0
  31              		@ frame_needed = 0, uses_anonymous_args = 0
  32              		@ link register save eliminated.
  33 0000 7047     		bx	lr
  34              		.cfi_endproc
  35              	.LFE67:
  37 0002 00BF     		.section	.text.HAL_MspDeInit,"ax",%progbits
  38              		.align	2
  39              		.weak	HAL_MspDeInit
  40              		.thumb
  41              		.thumb_func
  43              	HAL_MspDeInit:
  44              	.LFB68:
 202:Drivers/STM32F1xx_HAL_Driver/Src/stm32f1xx_hal.c ****   /* NOTE : This function should not be modified, when the callback is needed,
 203:Drivers/STM32F1xx_HAL_Driver/Src/stm32f1xx_hal.c ****             the HAL_MspInit could be implemented in the user file
 204:Drivers/STM32F1xx_HAL_Driver/Src/stm32f1xx_hal.c ****    */
 205:Drivers/STM32F1xx_HAL_Driver/Src/stm32f1xx_hal.c **** }
 206:Drivers/STM32F1xx_HAL_Driver/Src/stm32f1xx_hal.c **** 
 207:Drivers/STM32F1xx_HAL_Driver/Src/stm32f1xx_hal.c **** /**
 208:Drivers/STM32F1xx_HAL_Driver/Src/stm32f1xx_hal.c ****   * @brief  DeInitializes the MSP.
 209:Drivers/STM32F1xx_HAL_Driver/Src/stm32f1xx_hal.c ****   * @retval None
 210:Drivers/STM32F1xx_HAL_Driver/Src/stm32f1xx_hal.c ****   */
 211:Drivers/STM32F1xx_HAL_Driver/Src/stm32f1xx_hal.c **** __weak void HAL_MspDeInit(void)
 212:Drivers/STM32F1xx_HAL_Driver/Src/stm32f1xx_hal.c **** {
  45              		.loc 1 212 0
  46              		.cfi_startproc
  47              		@ args = 0, pretend = 0, frame = 0
  48              		@ frame_needed = 0, uses_anonymous_args = 0
  49              		@ link register save eliminated.
  50 0000 7047     		bx	lr
  51              		.cfi_endproc
  52              	.LFE68:
  54 0002 00BF     		.section	.text.HAL_DeInit,"ax",%progbits
  55              		.align	2
  56              		.global	HAL_DeInit
  57              		.thumb
  58              		.thumb_func
  60              	HAL_DeInit:
  61              	.LFB66:
 176:Drivers/STM32F1xx_HAL_Driver/Src/stm32f1xx_hal.c ****   /* Reset of all peripherals */
  62              		.loc 1 176 0
  63              		.cfi_startproc
  64              		@ args = 0, pretend = 0, frame = 0
  65              		@ frame_needed = 0, uses_anonymous_args = 0
 176:Drivers/STM32F1xx_HAL_Driver/Src/stm32f1xx_hal.c ****   /* Reset of all peripherals */
  66              		.loc 1 176 0
  67 0000 10B5     		push	{r4, lr}
  68              	.LCFI0:
  69              		.cfi_def_cfa_offset 8
  70              		.cfi_offset 4, -8
  71              		.cfi_offset 14, -4
 178:Drivers/STM32F1xx_HAL_Driver/Src/stm32f1xx_hal.c ****   __HAL_RCC_APB1_RELEASE_RESET();
  72              		.loc 1 178 0
  73 0002 064B     		ldr	r3, .L5
  74 0004 4FF0FF32 		mov	r2, #-1
  75 0008 1A61     		str	r2, [r3, #16]
ARM GAS  C:\Users\大毛\AppData\Local\Temp\ccMDhdQt.s 			page 6


 179:Drivers/STM32F1xx_HAL_Driver/Src/stm32f1xx_hal.c **** 
  76              		.loc 1 179 0
  77 000a 0024     		movs	r4, #0
  78 000c 1C61     		str	r4, [r3, #16]
 181:Drivers/STM32F1xx_HAL_Driver/Src/stm32f1xx_hal.c ****   __HAL_RCC_APB2_RELEASE_RESET();
  79              		.loc 1 181 0
  80 000e DA60     		str	r2, [r3, #12]
 182:Drivers/STM32F1xx_HAL_Driver/Src/stm32f1xx_hal.c **** 
  81              		.loc 1 182 0
  82 0010 DC60     		str	r4, [r3, #12]
 190:Drivers/STM32F1xx_HAL_Driver/Src/stm32f1xx_hal.c **** 
  83              		.loc 1 190 0
  84 0012 FFF7FEFF 		bl	HAL_MspDeInit
  85              	.LVL0:
 194:Drivers/STM32F1xx_HAL_Driver/Src/stm32f1xx_hal.c **** 
  86              		.loc 1 194 0
  87 0016 2046     		mov	r0, r4
  88 0018 10BD     		pop	{r4, pc}
  89              	.L6:
  90 001a 00BF     		.align	2
  91              	.L5:
  92 001c 00100240 		.word	1073876992
  93              		.cfi_endproc
  94              	.LFE66:
  96              		.section	.text.HAL_InitTick,"ax",%progbits
  97              		.align	2
  98              		.weak	HAL_InitTick
  99              		.thumb
 100              		.thumb_func
 102              	HAL_InitTick:
 103              	.LFB69:
 213:Drivers/STM32F1xx_HAL_Driver/Src/stm32f1xx_hal.c ****   /* NOTE : This function should not be modified, when the callback is needed,
 214:Drivers/STM32F1xx_HAL_Driver/Src/stm32f1xx_hal.c ****             the HAL_MspDeInit could be implemented in the user file
 215:Drivers/STM32F1xx_HAL_Driver/Src/stm32f1xx_hal.c ****    */
 216:Drivers/STM32F1xx_HAL_Driver/Src/stm32f1xx_hal.c **** }
 217:Drivers/STM32F1xx_HAL_Driver/Src/stm32f1xx_hal.c **** 
 218:Drivers/STM32F1xx_HAL_Driver/Src/stm32f1xx_hal.c **** /**
 219:Drivers/STM32F1xx_HAL_Driver/Src/stm32f1xx_hal.c ****   * @brief This function configures the source of the time base.
 220:Drivers/STM32F1xx_HAL_Driver/Src/stm32f1xx_hal.c ****   *        The time source is configured  to have 1ms time base with a dedicated
 221:Drivers/STM32F1xx_HAL_Driver/Src/stm32f1xx_hal.c ****   *        Tick interrupt priority.
 222:Drivers/STM32F1xx_HAL_Driver/Src/stm32f1xx_hal.c ****   * @note This function is called  automatically at the beginning of program after
 223:Drivers/STM32F1xx_HAL_Driver/Src/stm32f1xx_hal.c ****   *       reset by HAL_Init() or at any time when clock is reconfigured  by HAL_RCC_ClockConfig().
 224:Drivers/STM32F1xx_HAL_Driver/Src/stm32f1xx_hal.c ****   * @note In the default implementation, SysTick timer is the source of time base.
 225:Drivers/STM32F1xx_HAL_Driver/Src/stm32f1xx_hal.c ****   *       It is used to generate interrupts at regular time intervals.
 226:Drivers/STM32F1xx_HAL_Driver/Src/stm32f1xx_hal.c ****   *       Care must be taken if HAL_Delay() is called from a peripheral ISR process,
 227:Drivers/STM32F1xx_HAL_Driver/Src/stm32f1xx_hal.c ****   *       The SysTick interrupt must have higher priority (numerically lower)
 228:Drivers/STM32F1xx_HAL_Driver/Src/stm32f1xx_hal.c ****   *       than the peripheral interrupt. Otherwise the caller ISR process will be blocked.
 229:Drivers/STM32F1xx_HAL_Driver/Src/stm32f1xx_hal.c ****   *       The function is declared as __weak  to be overwritten  in case of other
 230:Drivers/STM32F1xx_HAL_Driver/Src/stm32f1xx_hal.c ****   *       implementation  in user file.
 231:Drivers/STM32F1xx_HAL_Driver/Src/stm32f1xx_hal.c ****   * @param TickPriority Tick interrupt priority.
 232:Drivers/STM32F1xx_HAL_Driver/Src/stm32f1xx_hal.c ****   * @retval HAL status
 233:Drivers/STM32F1xx_HAL_Driver/Src/stm32f1xx_hal.c ****   */
 234:Drivers/STM32F1xx_HAL_Driver/Src/stm32f1xx_hal.c **** __weak HAL_StatusTypeDef HAL_InitTick(uint32_t TickPriority)
 235:Drivers/STM32F1xx_HAL_Driver/Src/stm32f1xx_hal.c **** {
 104              		.loc 1 235 0
 105              		.cfi_startproc
 106              		@ args = 0, pretend = 0, frame = 0
ARM GAS  C:\Users\大毛\AppData\Local\Temp\ccMDhdQt.s 			page 7


 107              		@ frame_needed = 0, uses_anonymous_args = 0
 108              	.LVL1:
 109 0000 10B5     		push	{r4, lr}
 110              	.LCFI1:
 111              		.cfi_def_cfa_offset 8
 112              		.cfi_offset 4, -8
 113              		.cfi_offset 14, -4
 114 0002 0446     		mov	r4, r0
 236:Drivers/STM32F1xx_HAL_Driver/Src/stm32f1xx_hal.c ****   /* Configure the SysTick to have interrupt in 1ms time basis*/
 237:Drivers/STM32F1xx_HAL_Driver/Src/stm32f1xx_hal.c ****   if (HAL_SYSTICK_Config(SystemCoreClock / (1000U / uwTickFreq)) > 0U)
 115              		.loc 1 237 0
 116 0004 0E4B     		ldr	r3, .L12
 117 0006 1878     		ldrb	r0, [r3]	@ zero_extendqisi2
 118              	.LVL2:
 119 0008 4FF47A73 		mov	r3, #1000
 120 000c B3FBF0F3 		udiv	r3, r3, r0
 121 0010 0C4A     		ldr	r2, .L12+4
 122 0012 1068     		ldr	r0, [r2]
 123 0014 B0FBF3F0 		udiv	r0, r0, r3
 124 0018 FFF7FEFF 		bl	HAL_SYSTICK_Config
 125              	.LVL3:
 126 001c 58B9     		cbnz	r0, .L9
 238:Drivers/STM32F1xx_HAL_Driver/Src/stm32f1xx_hal.c ****   {
 239:Drivers/STM32F1xx_HAL_Driver/Src/stm32f1xx_hal.c ****     return HAL_ERROR;
 240:Drivers/STM32F1xx_HAL_Driver/Src/stm32f1xx_hal.c ****   }
 241:Drivers/STM32F1xx_HAL_Driver/Src/stm32f1xx_hal.c **** 
 242:Drivers/STM32F1xx_HAL_Driver/Src/stm32f1xx_hal.c ****   /* Configure the SysTick IRQ priority */
 243:Drivers/STM32F1xx_HAL_Driver/Src/stm32f1xx_hal.c ****   if (TickPriority < (1UL << __NVIC_PRIO_BITS))
 127              		.loc 1 243 0
 128 001e 0F2C     		cmp	r4, #15
 129 0020 0BD8     		bhi	.L10
 244:Drivers/STM32F1xx_HAL_Driver/Src/stm32f1xx_hal.c ****   {
 245:Drivers/STM32F1xx_HAL_Driver/Src/stm32f1xx_hal.c ****     HAL_NVIC_SetPriority(SysTick_IRQn, TickPriority, 0U);
 130              		.loc 1 245 0
 131 0022 0022     		movs	r2, #0
 132 0024 2146     		mov	r1, r4
 133 0026 4FF0FF30 		mov	r0, #-1
 134 002a FFF7FEFF 		bl	HAL_NVIC_SetPriority
 135              	.LVL4:
 246:Drivers/STM32F1xx_HAL_Driver/Src/stm32f1xx_hal.c ****     uwTickPrio = TickPriority;
 136              		.loc 1 246 0
 137 002e 064B     		ldr	r3, .L12+8
 138 0030 1C60     		str	r4, [r3]
 247:Drivers/STM32F1xx_HAL_Driver/Src/stm32f1xx_hal.c ****   }
 248:Drivers/STM32F1xx_HAL_Driver/Src/stm32f1xx_hal.c ****   else
 249:Drivers/STM32F1xx_HAL_Driver/Src/stm32f1xx_hal.c ****   {
 250:Drivers/STM32F1xx_HAL_Driver/Src/stm32f1xx_hal.c ****     return HAL_ERROR;
 251:Drivers/STM32F1xx_HAL_Driver/Src/stm32f1xx_hal.c ****   }
 252:Drivers/STM32F1xx_HAL_Driver/Src/stm32f1xx_hal.c **** 
 253:Drivers/STM32F1xx_HAL_Driver/Src/stm32f1xx_hal.c ****   /* Return function status */
 254:Drivers/STM32F1xx_HAL_Driver/Src/stm32f1xx_hal.c ****   return HAL_OK;
 139              		.loc 1 254 0
 140 0032 0020     		movs	r0, #0
 141 0034 10BD     		pop	{r4, pc}
 142              	.LVL5:
 143              	.L9:
 239:Drivers/STM32F1xx_HAL_Driver/Src/stm32f1xx_hal.c ****   }
ARM GAS  C:\Users\大毛\AppData\Local\Temp\ccMDhdQt.s 			page 8


 144              		.loc 1 239 0
 145 0036 0120     		movs	r0, #1
 146 0038 10BD     		pop	{r4, pc}
 147              	.LVL6:
 148              	.L10:
 250:Drivers/STM32F1xx_HAL_Driver/Src/stm32f1xx_hal.c ****   }
 149              		.loc 1 250 0
 150 003a 0120     		movs	r0, #1
 255:Drivers/STM32F1xx_HAL_Driver/Src/stm32f1xx_hal.c **** }
 151              		.loc 1 255 0
 152 003c 10BD     		pop	{r4, pc}
 153              	.LVL7:
 154              	.L13:
 155 003e 00BF     		.align	2
 156              	.L12:
 157 0040 00000000 		.word	.LANCHOR0
 158 0044 00000000 		.word	SystemCoreClock
 159 0048 00000000 		.word	.LANCHOR1
 160              		.cfi_endproc
 161              	.LFE69:
 163              		.section	.text.HAL_Init,"ax",%progbits
 164              		.align	2
 165              		.global	HAL_Init
 166              		.thumb
 167              		.thumb_func
 169              	HAL_Init:
 170              	.LFB65:
 143:Drivers/STM32F1xx_HAL_Driver/Src/stm32f1xx_hal.c ****   /* Configure Flash prefetch */
 171              		.loc 1 143 0
 172              		.cfi_startproc
 173              		@ args = 0, pretend = 0, frame = 0
 174              		@ frame_needed = 0, uses_anonymous_args = 0
 175 0000 08B5     		push	{r3, lr}
 176              	.LCFI2:
 177              		.cfi_def_cfa_offset 8
 178              		.cfi_offset 3, -8
 179              		.cfi_offset 14, -4
 152:Drivers/STM32F1xx_HAL_Driver/Src/stm32f1xx_hal.c **** #endif
 180              		.loc 1 152 0
 181 0002 074A     		ldr	r2, .L16
 182 0004 1368     		ldr	r3, [r2]
 183 0006 43F01003 		orr	r3, r3, #16
 184 000a 1360     		str	r3, [r2]
 157:Drivers/STM32F1xx_HAL_Driver/Src/stm32f1xx_hal.c **** 
 185              		.loc 1 157 0
 186 000c 0320     		movs	r0, #3
 187 000e FFF7FEFF 		bl	HAL_NVIC_SetPriorityGrouping
 188              	.LVL8:
 160:Drivers/STM32F1xx_HAL_Driver/Src/stm32f1xx_hal.c **** 
 189              		.loc 1 160 0
 190 0012 0F20     		movs	r0, #15
 191 0014 FFF7FEFF 		bl	HAL_InitTick
 192              	.LVL9:
 163:Drivers/STM32F1xx_HAL_Driver/Src/stm32f1xx_hal.c **** 
 193              		.loc 1 163 0
 194 0018 FFF7FEFF 		bl	HAL_MspInit
 195              	.LVL10:
ARM GAS  C:\Users\大毛\AppData\Local\Temp\ccMDhdQt.s 			page 9


 167:Drivers/STM32F1xx_HAL_Driver/Src/stm32f1xx_hal.c **** 
 196              		.loc 1 167 0
 197 001c 0020     		movs	r0, #0
 198 001e 08BD     		pop	{r3, pc}
 199              	.L17:
 200              		.align	2
 201              	.L16:
 202 0020 00200240 		.word	1073881088
 203              		.cfi_endproc
 204              	.LFE65:
 206              		.section	.text.HAL_IncTick,"ax",%progbits
 207              		.align	2
 208              		.weak	HAL_IncTick
 209              		.thumb
 210              		.thumb_func
 212              	HAL_IncTick:
 213              	.LFB70:
 256:Drivers/STM32F1xx_HAL_Driver/Src/stm32f1xx_hal.c **** 
 257:Drivers/STM32F1xx_HAL_Driver/Src/stm32f1xx_hal.c **** /**
 258:Drivers/STM32F1xx_HAL_Driver/Src/stm32f1xx_hal.c ****   * @}
 259:Drivers/STM32F1xx_HAL_Driver/Src/stm32f1xx_hal.c ****   */
 260:Drivers/STM32F1xx_HAL_Driver/Src/stm32f1xx_hal.c **** 
 261:Drivers/STM32F1xx_HAL_Driver/Src/stm32f1xx_hal.c **** /** @defgroup HAL_Exported_Functions_Group2 HAL Control functions
 262:Drivers/STM32F1xx_HAL_Driver/Src/stm32f1xx_hal.c ****   *  @brief    HAL Control functions
 263:Drivers/STM32F1xx_HAL_Driver/Src/stm32f1xx_hal.c ****   *
 264:Drivers/STM32F1xx_HAL_Driver/Src/stm32f1xx_hal.c **** @verbatim
 265:Drivers/STM32F1xx_HAL_Driver/Src/stm32f1xx_hal.c ****  ===============================================================================
 266:Drivers/STM32F1xx_HAL_Driver/Src/stm32f1xx_hal.c ****                       ##### HAL Control functions #####
 267:Drivers/STM32F1xx_HAL_Driver/Src/stm32f1xx_hal.c ****  ===============================================================================
 268:Drivers/STM32F1xx_HAL_Driver/Src/stm32f1xx_hal.c ****     [..]  This section provides functions allowing to:
 269:Drivers/STM32F1xx_HAL_Driver/Src/stm32f1xx_hal.c ****       (+) Provide a tick value in millisecond
 270:Drivers/STM32F1xx_HAL_Driver/Src/stm32f1xx_hal.c ****       (+) Provide a blocking delay in millisecond
 271:Drivers/STM32F1xx_HAL_Driver/Src/stm32f1xx_hal.c ****       (+) Suspend the time base source interrupt
 272:Drivers/STM32F1xx_HAL_Driver/Src/stm32f1xx_hal.c ****       (+) Resume the time base source interrupt
 273:Drivers/STM32F1xx_HAL_Driver/Src/stm32f1xx_hal.c ****       (+) Get the HAL API driver version
 274:Drivers/STM32F1xx_HAL_Driver/Src/stm32f1xx_hal.c ****       (+) Get the device identifier
 275:Drivers/STM32F1xx_HAL_Driver/Src/stm32f1xx_hal.c ****       (+) Get the device revision identifier
 276:Drivers/STM32F1xx_HAL_Driver/Src/stm32f1xx_hal.c ****       (+) Enable/Disable Debug module during SLEEP mode
 277:Drivers/STM32F1xx_HAL_Driver/Src/stm32f1xx_hal.c ****       (+) Enable/Disable Debug module during STOP mode
 278:Drivers/STM32F1xx_HAL_Driver/Src/stm32f1xx_hal.c ****       (+) Enable/Disable Debug module during STANDBY mode
 279:Drivers/STM32F1xx_HAL_Driver/Src/stm32f1xx_hal.c **** 
 280:Drivers/STM32F1xx_HAL_Driver/Src/stm32f1xx_hal.c **** @endverbatim
 281:Drivers/STM32F1xx_HAL_Driver/Src/stm32f1xx_hal.c ****   * @{
 282:Drivers/STM32F1xx_HAL_Driver/Src/stm32f1xx_hal.c ****   */
 283:Drivers/STM32F1xx_HAL_Driver/Src/stm32f1xx_hal.c **** 
 284:Drivers/STM32F1xx_HAL_Driver/Src/stm32f1xx_hal.c **** /**
 285:Drivers/STM32F1xx_HAL_Driver/Src/stm32f1xx_hal.c ****   * @brief This function is called to increment  a global variable "uwTick"
 286:Drivers/STM32F1xx_HAL_Driver/Src/stm32f1xx_hal.c ****   *        used as application time base.
 287:Drivers/STM32F1xx_HAL_Driver/Src/stm32f1xx_hal.c ****   * @note In the default implementation, this variable is incremented each 1ms
 288:Drivers/STM32F1xx_HAL_Driver/Src/stm32f1xx_hal.c ****   *       in SysTick ISR.
 289:Drivers/STM32F1xx_HAL_Driver/Src/stm32f1xx_hal.c ****   * @note This function is declared as __weak to be overwritten in case of other
 290:Drivers/STM32F1xx_HAL_Driver/Src/stm32f1xx_hal.c ****   *      implementations in user file.
 291:Drivers/STM32F1xx_HAL_Driver/Src/stm32f1xx_hal.c ****   * @retval None
 292:Drivers/STM32F1xx_HAL_Driver/Src/stm32f1xx_hal.c ****   */
 293:Drivers/STM32F1xx_HAL_Driver/Src/stm32f1xx_hal.c **** __weak void HAL_IncTick(void)
 294:Drivers/STM32F1xx_HAL_Driver/Src/stm32f1xx_hal.c **** {
 214              		.loc 1 294 0
ARM GAS  C:\Users\大毛\AppData\Local\Temp\ccMDhdQt.s 			page 10


 215              		.cfi_startproc
 216              		@ args = 0, pretend = 0, frame = 0
 217              		@ frame_needed = 0, uses_anonymous_args = 0
 218              		@ link register save eliminated.
 295:Drivers/STM32F1xx_HAL_Driver/Src/stm32f1xx_hal.c ****   uwTick += uwTickFreq;
 219              		.loc 1 295 0
 220 0000 034A     		ldr	r2, .L19
 221 0002 1368     		ldr	r3, [r2]
 222 0004 0349     		ldr	r1, .L19+4
 223 0006 0978     		ldrb	r1, [r1]	@ zero_extendqisi2
 224 0008 0B44     		add	r3, r3, r1
 225 000a 1360     		str	r3, [r2]
 226 000c 7047     		bx	lr
 227              	.L20:
 228 000e 00BF     		.align	2
 229              	.L19:
 230 0010 00000000 		.word	uwTick
 231 0014 00000000 		.word	.LANCHOR0
 232              		.cfi_endproc
 233              	.LFE70:
 235              		.section	.text.HAL_GetTick,"ax",%progbits
 236              		.align	2
 237              		.weak	HAL_GetTick
 238              		.thumb
 239              		.thumb_func
 241              	HAL_GetTick:
 242              	.LFB71:
 296:Drivers/STM32F1xx_HAL_Driver/Src/stm32f1xx_hal.c **** }
 297:Drivers/STM32F1xx_HAL_Driver/Src/stm32f1xx_hal.c **** 
 298:Drivers/STM32F1xx_HAL_Driver/Src/stm32f1xx_hal.c **** /**
 299:Drivers/STM32F1xx_HAL_Driver/Src/stm32f1xx_hal.c ****   * @brief Provides a tick value in millisecond.
 300:Drivers/STM32F1xx_HAL_Driver/Src/stm32f1xx_hal.c ****   * @note  This function is declared as __weak to be overwritten in case of other
 301:Drivers/STM32F1xx_HAL_Driver/Src/stm32f1xx_hal.c ****   *       implementations in user file.
 302:Drivers/STM32F1xx_HAL_Driver/Src/stm32f1xx_hal.c ****   * @retval tick value
 303:Drivers/STM32F1xx_HAL_Driver/Src/stm32f1xx_hal.c ****   */
 304:Drivers/STM32F1xx_HAL_Driver/Src/stm32f1xx_hal.c **** __weak uint32_t HAL_GetTick(void)
 305:Drivers/STM32F1xx_HAL_Driver/Src/stm32f1xx_hal.c **** {
 243              		.loc 1 305 0
 244              		.cfi_startproc
 245              		@ args = 0, pretend = 0, frame = 0
 246              		@ frame_needed = 0, uses_anonymous_args = 0
 247              		@ link register save eliminated.
 306:Drivers/STM32F1xx_HAL_Driver/Src/stm32f1xx_hal.c ****   return uwTick;
 248              		.loc 1 306 0
 249 0000 014B     		ldr	r3, .L22
 250 0002 1868     		ldr	r0, [r3]
 307:Drivers/STM32F1xx_HAL_Driver/Src/stm32f1xx_hal.c **** }
 251              		.loc 1 307 0
 252 0004 7047     		bx	lr
 253              	.L23:
 254 0006 00BF     		.align	2
 255              	.L22:
 256 0008 00000000 		.word	uwTick
 257              		.cfi_endproc
 258              	.LFE71:
 260              		.section	.text.HAL_GetTickPrio,"ax",%progbits
 261              		.align	2
ARM GAS  C:\Users\大毛\AppData\Local\Temp\ccMDhdQt.s 			page 11


 262              		.global	HAL_GetTickPrio
 263              		.thumb
 264              		.thumb_func
 266              	HAL_GetTickPrio:
 267              	.LFB72:
 308:Drivers/STM32F1xx_HAL_Driver/Src/stm32f1xx_hal.c **** 
 309:Drivers/STM32F1xx_HAL_Driver/Src/stm32f1xx_hal.c **** /**
 310:Drivers/STM32F1xx_HAL_Driver/Src/stm32f1xx_hal.c ****   * @brief This function returns a tick priority.
 311:Drivers/STM32F1xx_HAL_Driver/Src/stm32f1xx_hal.c ****   * @retval tick priority
 312:Drivers/STM32F1xx_HAL_Driver/Src/stm32f1xx_hal.c ****   */
 313:Drivers/STM32F1xx_HAL_Driver/Src/stm32f1xx_hal.c **** uint32_t HAL_GetTickPrio(void)
 314:Drivers/STM32F1xx_HAL_Driver/Src/stm32f1xx_hal.c **** {
 268              		.loc 1 314 0
 269              		.cfi_startproc
 270              		@ args = 0, pretend = 0, frame = 0
 271              		@ frame_needed = 0, uses_anonymous_args = 0
 272              		@ link register save eliminated.
 315:Drivers/STM32F1xx_HAL_Driver/Src/stm32f1xx_hal.c ****   return uwTickPrio;
 316:Drivers/STM32F1xx_HAL_Driver/Src/stm32f1xx_hal.c **** }
 273              		.loc 1 316 0
 274 0000 014B     		ldr	r3, .L25
 275 0002 1868     		ldr	r0, [r3]
 276 0004 7047     		bx	lr
 277              	.L26:
 278 0006 00BF     		.align	2
 279              	.L25:
 280 0008 00000000 		.word	.LANCHOR1
 281              		.cfi_endproc
 282              	.LFE72:
 284              		.section	.text.HAL_SetTickFreq,"ax",%progbits
 285              		.align	2
 286              		.global	HAL_SetTickFreq
 287              		.thumb
 288              		.thumb_func
 290              	HAL_SetTickFreq:
 291              	.LFB73:
 317:Drivers/STM32F1xx_HAL_Driver/Src/stm32f1xx_hal.c **** 
 318:Drivers/STM32F1xx_HAL_Driver/Src/stm32f1xx_hal.c **** /**
 319:Drivers/STM32F1xx_HAL_Driver/Src/stm32f1xx_hal.c ****   * @brief Set new tick Freq.
 320:Drivers/STM32F1xx_HAL_Driver/Src/stm32f1xx_hal.c ****   * @retval status
 321:Drivers/STM32F1xx_HAL_Driver/Src/stm32f1xx_hal.c ****   */
 322:Drivers/STM32F1xx_HAL_Driver/Src/stm32f1xx_hal.c **** HAL_StatusTypeDef HAL_SetTickFreq(HAL_TickFreqTypeDef Freq)
 323:Drivers/STM32F1xx_HAL_Driver/Src/stm32f1xx_hal.c **** {
 292              		.loc 1 323 0
 293              		.cfi_startproc
 294              		@ args = 0, pretend = 0, frame = 0
 295              		@ frame_needed = 0, uses_anonymous_args = 0
 296              	.LVL11:
 297 0000 10B5     		push	{r4, lr}
 298              	.LCFI3:
 299              		.cfi_def_cfa_offset 8
 300              		.cfi_offset 4, -8
 301              		.cfi_offset 14, -4
 302              	.LVL12:
 324:Drivers/STM32F1xx_HAL_Driver/Src/stm32f1xx_hal.c ****   HAL_StatusTypeDef status  = HAL_OK;
 325:Drivers/STM32F1xx_HAL_Driver/Src/stm32f1xx_hal.c ****   HAL_TickFreqTypeDef prevTickFreq;
 326:Drivers/STM32F1xx_HAL_Driver/Src/stm32f1xx_hal.c **** 
ARM GAS  C:\Users\大毛\AppData\Local\Temp\ccMDhdQt.s 			page 12


 327:Drivers/STM32F1xx_HAL_Driver/Src/stm32f1xx_hal.c ****   assert_param(IS_TICKFREQ(Freq));
 328:Drivers/STM32F1xx_HAL_Driver/Src/stm32f1xx_hal.c **** 
 329:Drivers/STM32F1xx_HAL_Driver/Src/stm32f1xx_hal.c ****   if (uwTickFreq != Freq)
 303              		.loc 1 329 0
 304 0002 084B     		ldr	r3, .L31
 305 0004 1C78     		ldrb	r4, [r3]	@ zero_extendqisi2
 306 0006 8442     		cmp	r4, r0
 307 0008 09D0     		beq	.L29
 308              	.LVL13:
 330:Drivers/STM32F1xx_HAL_Driver/Src/stm32f1xx_hal.c ****   {
 331:Drivers/STM32F1xx_HAL_Driver/Src/stm32f1xx_hal.c ****     /* Back up uwTickFreq frequency */
 332:Drivers/STM32F1xx_HAL_Driver/Src/stm32f1xx_hal.c ****     prevTickFreq = uwTickFreq;
 333:Drivers/STM32F1xx_HAL_Driver/Src/stm32f1xx_hal.c **** 
 334:Drivers/STM32F1xx_HAL_Driver/Src/stm32f1xx_hal.c ****     /* Update uwTickFreq global variable used by HAL_InitTick() */
 335:Drivers/STM32F1xx_HAL_Driver/Src/stm32f1xx_hal.c ****     uwTickFreq = Freq;
 309              		.loc 1 335 0
 310 000a 1870     		strb	r0, [r3]
 336:Drivers/STM32F1xx_HAL_Driver/Src/stm32f1xx_hal.c **** 
 337:Drivers/STM32F1xx_HAL_Driver/Src/stm32f1xx_hal.c ****     /* Apply the new tick Freq  */
 338:Drivers/STM32F1xx_HAL_Driver/Src/stm32f1xx_hal.c ****     status = HAL_InitTick(uwTickPrio);
 311              		.loc 1 338 0
 312 000c 064B     		ldr	r3, .L31+4
 313 000e 1868     		ldr	r0, [r3]
 314              	.LVL14:
 315 0010 FFF7FEFF 		bl	HAL_InitTick
 316              	.LVL15:
 339:Drivers/STM32F1xx_HAL_Driver/Src/stm32f1xx_hal.c **** 
 340:Drivers/STM32F1xx_HAL_Driver/Src/stm32f1xx_hal.c ****     if (status != HAL_OK)
 317              		.loc 1 340 0
 318 0014 0346     		mov	r3, r0
 319 0016 18B1     		cbz	r0, .L28
 341:Drivers/STM32F1xx_HAL_Driver/Src/stm32f1xx_hal.c ****     {
 342:Drivers/STM32F1xx_HAL_Driver/Src/stm32f1xx_hal.c ****       /* Restore previous tick frequency */
 343:Drivers/STM32F1xx_HAL_Driver/Src/stm32f1xx_hal.c ****       uwTickFreq = prevTickFreq;
 320              		.loc 1 343 0
 321 0018 024A     		ldr	r2, .L31
 322 001a 1470     		strb	r4, [r2]
 323 001c 00E0     		b	.L28
 324              	.LVL16:
 325              	.L29:
 324:Drivers/STM32F1xx_HAL_Driver/Src/stm32f1xx_hal.c ****   HAL_TickFreqTypeDef prevTickFreq;
 326              		.loc 1 324 0
 327 001e 0023     		movs	r3, #0
 328              	.LVL17:
 329              	.L28:
 344:Drivers/STM32F1xx_HAL_Driver/Src/stm32f1xx_hal.c ****     }
 345:Drivers/STM32F1xx_HAL_Driver/Src/stm32f1xx_hal.c ****   }
 346:Drivers/STM32F1xx_HAL_Driver/Src/stm32f1xx_hal.c **** 
 347:Drivers/STM32F1xx_HAL_Driver/Src/stm32f1xx_hal.c ****   return status;
 348:Drivers/STM32F1xx_HAL_Driver/Src/stm32f1xx_hal.c **** }
 330              		.loc 1 348 0
 331 0020 1846     		mov	r0, r3
 332 0022 10BD     		pop	{r4, pc}
 333              	.L32:
 334              		.align	2
 335              	.L31:
 336 0024 00000000 		.word	.LANCHOR0
ARM GAS  C:\Users\大毛\AppData\Local\Temp\ccMDhdQt.s 			page 13


 337 0028 00000000 		.word	.LANCHOR1
 338              		.cfi_endproc
 339              	.LFE73:
 341              		.section	.text.HAL_GetTickFreq,"ax",%progbits
 342              		.align	2
 343              		.global	HAL_GetTickFreq
 344              		.thumb
 345              		.thumb_func
 347              	HAL_GetTickFreq:
 348              	.LFB74:
 349:Drivers/STM32F1xx_HAL_Driver/Src/stm32f1xx_hal.c **** 
 350:Drivers/STM32F1xx_HAL_Driver/Src/stm32f1xx_hal.c **** /**
 351:Drivers/STM32F1xx_HAL_Driver/Src/stm32f1xx_hal.c ****   * @brief Return tick frequency.
 352:Drivers/STM32F1xx_HAL_Driver/Src/stm32f1xx_hal.c ****   * @retval Tick frequency.
 353:Drivers/STM32F1xx_HAL_Driver/Src/stm32f1xx_hal.c ****   *         Value of @ref HAL_TickFreqTypeDef.
 354:Drivers/STM32F1xx_HAL_Driver/Src/stm32f1xx_hal.c ****   */
 355:Drivers/STM32F1xx_HAL_Driver/Src/stm32f1xx_hal.c **** HAL_TickFreqTypeDef HAL_GetTickFreq(void)
 356:Drivers/STM32F1xx_HAL_Driver/Src/stm32f1xx_hal.c **** {
 349              		.loc 1 356 0
 350              		.cfi_startproc
 351              		@ args = 0, pretend = 0, frame = 0
 352              		@ frame_needed = 0, uses_anonymous_args = 0
 353              		@ link register save eliminated.
 357:Drivers/STM32F1xx_HAL_Driver/Src/stm32f1xx_hal.c ****   return uwTickFreq;
 358:Drivers/STM32F1xx_HAL_Driver/Src/stm32f1xx_hal.c **** }
 354              		.loc 1 358 0
 355 0000 014B     		ldr	r3, .L34
 356 0002 1878     		ldrb	r0, [r3]	@ zero_extendqisi2
 357 0004 7047     		bx	lr
 358              	.L35:
 359 0006 00BF     		.align	2
 360              	.L34:
 361 0008 00000000 		.word	.LANCHOR0
 362              		.cfi_endproc
 363              	.LFE74:
 365              		.section	.text.HAL_Delay,"ax",%progbits
 366              		.align	2
 367              		.weak	HAL_Delay
 368              		.thumb
 369              		.thumb_func
 371              	HAL_Delay:
 372              	.LFB75:
 359:Drivers/STM32F1xx_HAL_Driver/Src/stm32f1xx_hal.c **** 
 360:Drivers/STM32F1xx_HAL_Driver/Src/stm32f1xx_hal.c **** /**
 361:Drivers/STM32F1xx_HAL_Driver/Src/stm32f1xx_hal.c ****   * @brief This function provides minimum delay (in milliseconds) based
 362:Drivers/STM32F1xx_HAL_Driver/Src/stm32f1xx_hal.c ****   *        on variable incremented.
 363:Drivers/STM32F1xx_HAL_Driver/Src/stm32f1xx_hal.c ****   * @note In the default implementation , SysTick timer is the source of time base.
 364:Drivers/STM32F1xx_HAL_Driver/Src/stm32f1xx_hal.c ****   *       It is used to generate interrupts at regular time intervals where uwTick
 365:Drivers/STM32F1xx_HAL_Driver/Src/stm32f1xx_hal.c ****   *       is incremented.
 366:Drivers/STM32F1xx_HAL_Driver/Src/stm32f1xx_hal.c ****   * @note This function is declared as __weak to be overwritten in case of other
 367:Drivers/STM32F1xx_HAL_Driver/Src/stm32f1xx_hal.c ****   *       implementations in user file.
 368:Drivers/STM32F1xx_HAL_Driver/Src/stm32f1xx_hal.c ****   * @param Delay specifies the delay time length, in milliseconds.
 369:Drivers/STM32F1xx_HAL_Driver/Src/stm32f1xx_hal.c ****   * @retval None
 370:Drivers/STM32F1xx_HAL_Driver/Src/stm32f1xx_hal.c ****   */
 371:Drivers/STM32F1xx_HAL_Driver/Src/stm32f1xx_hal.c **** __weak void HAL_Delay(uint32_t Delay)
 372:Drivers/STM32F1xx_HAL_Driver/Src/stm32f1xx_hal.c **** {
 373              		.loc 1 372 0
ARM GAS  C:\Users\大毛\AppData\Local\Temp\ccMDhdQt.s 			page 14


 374              		.cfi_startproc
 375              		@ args = 0, pretend = 0, frame = 0
 376              		@ frame_needed = 0, uses_anonymous_args = 0
 377              	.LVL18:
 378 0000 38B5     		push	{r3, r4, r5, lr}
 379              	.LCFI4:
 380              		.cfi_def_cfa_offset 16
 381              		.cfi_offset 3, -16
 382              		.cfi_offset 4, -12
 383              		.cfi_offset 5, -8
 384              		.cfi_offset 14, -4
 385 0002 0446     		mov	r4, r0
 373:Drivers/STM32F1xx_HAL_Driver/Src/stm32f1xx_hal.c ****   uint32_t tickstart = HAL_GetTick();
 386              		.loc 1 373 0
 387 0004 FFF7FEFF 		bl	HAL_GetTick
 388              	.LVL19:
 389 0008 0546     		mov	r5, r0
 390              	.LVL20:
 374:Drivers/STM32F1xx_HAL_Driver/Src/stm32f1xx_hal.c ****   uint32_t wait = Delay;
 375:Drivers/STM32F1xx_HAL_Driver/Src/stm32f1xx_hal.c **** 
 376:Drivers/STM32F1xx_HAL_Driver/Src/stm32f1xx_hal.c ****   /* Add a freq to guarantee minimum wait */
 377:Drivers/STM32F1xx_HAL_Driver/Src/stm32f1xx_hal.c ****   if (wait < HAL_MAX_DELAY)
 391              		.loc 1 377 0
 392 000a B4F1FF3F 		cmp	r4, #-1
 393 000e 02D0     		beq	.L38
 378:Drivers/STM32F1xx_HAL_Driver/Src/stm32f1xx_hal.c ****   {
 379:Drivers/STM32F1xx_HAL_Driver/Src/stm32f1xx_hal.c ****     wait += (uint32_t)(uwTickFreq);
 394              		.loc 1 379 0
 395 0010 044B     		ldr	r3, .L40
 396 0012 1B78     		ldrb	r3, [r3]	@ zero_extendqisi2
 397 0014 1C44     		add	r4, r4, r3
 398              	.LVL21:
 399              	.L38:
 380:Drivers/STM32F1xx_HAL_Driver/Src/stm32f1xx_hal.c ****   }
 381:Drivers/STM32F1xx_HAL_Driver/Src/stm32f1xx_hal.c **** 
 382:Drivers/STM32F1xx_HAL_Driver/Src/stm32f1xx_hal.c ****   while ((HAL_GetTick() - tickstart) < wait)
 400              		.loc 1 382 0 discriminator 1
 401 0016 FFF7FEFF 		bl	HAL_GetTick
 402              	.LVL22:
 403 001a 401B     		subs	r0, r0, r5
 404 001c 8442     		cmp	r4, r0
 405 001e FAD8     		bhi	.L38
 383:Drivers/STM32F1xx_HAL_Driver/Src/stm32f1xx_hal.c ****   {
 384:Drivers/STM32F1xx_HAL_Driver/Src/stm32f1xx_hal.c ****   }
 385:Drivers/STM32F1xx_HAL_Driver/Src/stm32f1xx_hal.c **** }
 406              		.loc 1 385 0
 407 0020 38BD     		pop	{r3, r4, r5, pc}
 408              	.LVL23:
 409              	.L41:
 410 0022 00BF     		.align	2
 411              	.L40:
 412 0024 00000000 		.word	.LANCHOR0
 413              		.cfi_endproc
 414              	.LFE75:
 416              		.section	.text.HAL_SuspendTick,"ax",%progbits
 417              		.align	2
 418              		.weak	HAL_SuspendTick
ARM GAS  C:\Users\大毛\AppData\Local\Temp\ccMDhdQt.s 			page 15


 419              		.thumb
 420              		.thumb_func
 422              	HAL_SuspendTick:
 423              	.LFB76:
 386:Drivers/STM32F1xx_HAL_Driver/Src/stm32f1xx_hal.c **** 
 387:Drivers/STM32F1xx_HAL_Driver/Src/stm32f1xx_hal.c **** /**
 388:Drivers/STM32F1xx_HAL_Driver/Src/stm32f1xx_hal.c ****   * @brief Suspend Tick increment.
 389:Drivers/STM32F1xx_HAL_Driver/Src/stm32f1xx_hal.c ****   * @note In the default implementation , SysTick timer is the source of time base. It is
 390:Drivers/STM32F1xx_HAL_Driver/Src/stm32f1xx_hal.c ****   *       used to generate interrupts at regular time intervals. Once HAL_SuspendTick()
 391:Drivers/STM32F1xx_HAL_Driver/Src/stm32f1xx_hal.c ****   *       is called, the SysTick interrupt will be disabled and so Tick increment
 392:Drivers/STM32F1xx_HAL_Driver/Src/stm32f1xx_hal.c ****   *       is suspended.
 393:Drivers/STM32F1xx_HAL_Driver/Src/stm32f1xx_hal.c ****   * @note This function is declared as __weak to be overwritten in case of other
 394:Drivers/STM32F1xx_HAL_Driver/Src/stm32f1xx_hal.c ****   *       implementations in user file.
 395:Drivers/STM32F1xx_HAL_Driver/Src/stm32f1xx_hal.c ****   * @retval None
 396:Drivers/STM32F1xx_HAL_Driver/Src/stm32f1xx_hal.c ****   */
 397:Drivers/STM32F1xx_HAL_Driver/Src/stm32f1xx_hal.c **** __weak void HAL_SuspendTick(void)
 398:Drivers/STM32F1xx_HAL_Driver/Src/stm32f1xx_hal.c **** {
 424              		.loc 1 398 0
 425              		.cfi_startproc
 426              		@ args = 0, pretend = 0, frame = 0
 427              		@ frame_needed = 0, uses_anonymous_args = 0
 428              		@ link register save eliminated.
 399:Drivers/STM32F1xx_HAL_Driver/Src/stm32f1xx_hal.c ****   /* Disable SysTick Interrupt */
 400:Drivers/STM32F1xx_HAL_Driver/Src/stm32f1xx_hal.c ****   CLEAR_BIT(SysTick->CTRL, SysTick_CTRL_TICKINT_Msk);
 429              		.loc 1 400 0
 430 0000 024A     		ldr	r2, .L43
 431 0002 1368     		ldr	r3, [r2]
 432 0004 23F00203 		bic	r3, r3, #2
 433 0008 1360     		str	r3, [r2]
 434 000a 7047     		bx	lr
 435              	.L44:
 436              		.align	2
 437              	.L43:
 438 000c 10E000E0 		.word	-536813552
 439              		.cfi_endproc
 440              	.LFE76:
 442              		.section	.text.HAL_ResumeTick,"ax",%progbits
 443              		.align	2
 444              		.weak	HAL_ResumeTick
 445              		.thumb
 446              		.thumb_func
 448              	HAL_ResumeTick:
 449              	.LFB77:
 401:Drivers/STM32F1xx_HAL_Driver/Src/stm32f1xx_hal.c **** }
 402:Drivers/STM32F1xx_HAL_Driver/Src/stm32f1xx_hal.c **** 
 403:Drivers/STM32F1xx_HAL_Driver/Src/stm32f1xx_hal.c **** /**
 404:Drivers/STM32F1xx_HAL_Driver/Src/stm32f1xx_hal.c ****   * @brief Resume Tick increment.
 405:Drivers/STM32F1xx_HAL_Driver/Src/stm32f1xx_hal.c ****   * @note In the default implementation , SysTick timer is the source of time base. It is
 406:Drivers/STM32F1xx_HAL_Driver/Src/stm32f1xx_hal.c ****   *       used to generate interrupts at regular time intervals. Once HAL_ResumeTick()
 407:Drivers/STM32F1xx_HAL_Driver/Src/stm32f1xx_hal.c ****   *       is called, the SysTick interrupt will be enabled and so Tick increment
 408:Drivers/STM32F1xx_HAL_Driver/Src/stm32f1xx_hal.c ****   *       is resumed.
 409:Drivers/STM32F1xx_HAL_Driver/Src/stm32f1xx_hal.c ****   * @note This function is declared as __weak to be overwritten in case of other
 410:Drivers/STM32F1xx_HAL_Driver/Src/stm32f1xx_hal.c ****   *       implementations in user file.
 411:Drivers/STM32F1xx_HAL_Driver/Src/stm32f1xx_hal.c ****   * @retval None
 412:Drivers/STM32F1xx_HAL_Driver/Src/stm32f1xx_hal.c ****   */
 413:Drivers/STM32F1xx_HAL_Driver/Src/stm32f1xx_hal.c **** __weak void HAL_ResumeTick(void)
 414:Drivers/STM32F1xx_HAL_Driver/Src/stm32f1xx_hal.c **** {
ARM GAS  C:\Users\大毛\AppData\Local\Temp\ccMDhdQt.s 			page 16


 450              		.loc 1 414 0
 451              		.cfi_startproc
 452              		@ args = 0, pretend = 0, frame = 0
 453              		@ frame_needed = 0, uses_anonymous_args = 0
 454              		@ link register save eliminated.
 415:Drivers/STM32F1xx_HAL_Driver/Src/stm32f1xx_hal.c ****   /* Enable SysTick Interrupt */
 416:Drivers/STM32F1xx_HAL_Driver/Src/stm32f1xx_hal.c ****   SET_BIT(SysTick->CTRL, SysTick_CTRL_TICKINT_Msk);
 455              		.loc 1 416 0
 456 0000 024A     		ldr	r2, .L46
 457 0002 1368     		ldr	r3, [r2]
 458 0004 43F00203 		orr	r3, r3, #2
 459 0008 1360     		str	r3, [r2]
 460 000a 7047     		bx	lr
 461              	.L47:
 462              		.align	2
 463              	.L46:
 464 000c 10E000E0 		.word	-536813552
 465              		.cfi_endproc
 466              	.LFE77:
 468              		.section	.text.HAL_GetHalVersion,"ax",%progbits
 469              		.align	2
 470              		.global	HAL_GetHalVersion
 471              		.thumb
 472              		.thumb_func
 474              	HAL_GetHalVersion:
 475              	.LFB78:
 417:Drivers/STM32F1xx_HAL_Driver/Src/stm32f1xx_hal.c **** }
 418:Drivers/STM32F1xx_HAL_Driver/Src/stm32f1xx_hal.c **** 
 419:Drivers/STM32F1xx_HAL_Driver/Src/stm32f1xx_hal.c **** /**
 420:Drivers/STM32F1xx_HAL_Driver/Src/stm32f1xx_hal.c ****   * @brief  Returns the HAL revision
 421:Drivers/STM32F1xx_HAL_Driver/Src/stm32f1xx_hal.c ****   * @retval version 0xXYZR (8bits for each decimal, R for RC)
 422:Drivers/STM32F1xx_HAL_Driver/Src/stm32f1xx_hal.c ****   */
 423:Drivers/STM32F1xx_HAL_Driver/Src/stm32f1xx_hal.c **** uint32_t HAL_GetHalVersion(void)
 424:Drivers/STM32F1xx_HAL_Driver/Src/stm32f1xx_hal.c **** {
 476              		.loc 1 424 0
 477              		.cfi_startproc
 478              		@ args = 0, pretend = 0, frame = 0
 479              		@ frame_needed = 0, uses_anonymous_args = 0
 480              		@ link register save eliminated.
 425:Drivers/STM32F1xx_HAL_Driver/Src/stm32f1xx_hal.c ****   return __STM32F1xx_HAL_VERSION;
 426:Drivers/STM32F1xx_HAL_Driver/Src/stm32f1xx_hal.c **** }
 481              		.loc 1 426 0
 482 0000 0048     		ldr	r0, .L49
 483 0002 7047     		bx	lr
 484              	.L50:
 485              		.align	2
 486              	.L49:
 487 0004 00090101 		.word	16845056
 488              		.cfi_endproc
 489              	.LFE78:
 491              		.section	.text.HAL_GetREVID,"ax",%progbits
 492              		.align	2
 493              		.global	HAL_GetREVID
 494              		.thumb
 495              		.thumb_func
 497              	HAL_GetREVID:
 498              	.LFB79:
ARM GAS  C:\Users\大毛\AppData\Local\Temp\ccMDhdQt.s 			page 17


 427:Drivers/STM32F1xx_HAL_Driver/Src/stm32f1xx_hal.c **** 
 428:Drivers/STM32F1xx_HAL_Driver/Src/stm32f1xx_hal.c **** /**
 429:Drivers/STM32F1xx_HAL_Driver/Src/stm32f1xx_hal.c ****   * @brief Returns the device revision identifier.
 430:Drivers/STM32F1xx_HAL_Driver/Src/stm32f1xx_hal.c ****   * Note: On devices STM32F10xx8 and STM32F10xxB,
 431:Drivers/STM32F1xx_HAL_Driver/Src/stm32f1xx_hal.c ****   *                  STM32F101xC/D/E and STM32F103xC/D/E,
 432:Drivers/STM32F1xx_HAL_Driver/Src/stm32f1xx_hal.c ****   *                  STM32F101xF/G and STM32F103xF/G
 433:Drivers/STM32F1xx_HAL_Driver/Src/stm32f1xx_hal.c ****   *                  STM32F10xx4 and STM32F10xx6
 434:Drivers/STM32F1xx_HAL_Driver/Src/stm32f1xx_hal.c ****   *       Debug registers DBGMCU_IDCODE and DBGMCU_CR are accessible only in
 435:Drivers/STM32F1xx_HAL_Driver/Src/stm32f1xx_hal.c ****   *       debug mode (not accessible by the user software in normal mode).
 436:Drivers/STM32F1xx_HAL_Driver/Src/stm32f1xx_hal.c ****   *       Refer to errata sheet of these devices for more details.
 437:Drivers/STM32F1xx_HAL_Driver/Src/stm32f1xx_hal.c ****   * @retval Device revision identifier
 438:Drivers/STM32F1xx_HAL_Driver/Src/stm32f1xx_hal.c ****   */
 439:Drivers/STM32F1xx_HAL_Driver/Src/stm32f1xx_hal.c **** uint32_t HAL_GetREVID(void)
 440:Drivers/STM32F1xx_HAL_Driver/Src/stm32f1xx_hal.c **** {
 499              		.loc 1 440 0
 500              		.cfi_startproc
 501              		@ args = 0, pretend = 0, frame = 0
 502              		@ frame_needed = 0, uses_anonymous_args = 0
 503              		@ link register save eliminated.
 441:Drivers/STM32F1xx_HAL_Driver/Src/stm32f1xx_hal.c ****   return ((DBGMCU->IDCODE) >> DBGMCU_IDCODE_REV_ID_Pos);
 504              		.loc 1 441 0
 505 0000 014B     		ldr	r3, .L52
 506 0002 1868     		ldr	r0, [r3]
 442:Drivers/STM32F1xx_HAL_Driver/Src/stm32f1xx_hal.c **** }
 507              		.loc 1 442 0
 508 0004 000C     		lsrs	r0, r0, #16
 509 0006 7047     		bx	lr
 510              	.L53:
 511              		.align	2
 512              	.L52:
 513 0008 002004E0 		.word	-536600576
 514              		.cfi_endproc
 515              	.LFE79:
 517              		.section	.text.HAL_GetDEVID,"ax",%progbits
 518              		.align	2
 519              		.global	HAL_GetDEVID
 520              		.thumb
 521              		.thumb_func
 523              	HAL_GetDEVID:
 524              	.LFB80:
 443:Drivers/STM32F1xx_HAL_Driver/Src/stm32f1xx_hal.c **** 
 444:Drivers/STM32F1xx_HAL_Driver/Src/stm32f1xx_hal.c **** /**
 445:Drivers/STM32F1xx_HAL_Driver/Src/stm32f1xx_hal.c ****   * @brief  Returns the device identifier.
 446:Drivers/STM32F1xx_HAL_Driver/Src/stm32f1xx_hal.c ****   * Note: On devices STM32F10xx8 and STM32F10xxB,
 447:Drivers/STM32F1xx_HAL_Driver/Src/stm32f1xx_hal.c ****   *                  STM32F101xC/D/E and STM32F103xC/D/E,
 448:Drivers/STM32F1xx_HAL_Driver/Src/stm32f1xx_hal.c ****   *                  STM32F101xF/G and STM32F103xF/G
 449:Drivers/STM32F1xx_HAL_Driver/Src/stm32f1xx_hal.c ****   *                  STM32F10xx4 and STM32F10xx6
 450:Drivers/STM32F1xx_HAL_Driver/Src/stm32f1xx_hal.c ****   *       Debug registers DBGMCU_IDCODE and DBGMCU_CR are accessible only in
 451:Drivers/STM32F1xx_HAL_Driver/Src/stm32f1xx_hal.c ****   *       debug mode (not accessible by the user software in normal mode).
 452:Drivers/STM32F1xx_HAL_Driver/Src/stm32f1xx_hal.c ****   *       Refer to errata sheet of these devices for more details.
 453:Drivers/STM32F1xx_HAL_Driver/Src/stm32f1xx_hal.c ****   * @retval Device identifier
 454:Drivers/STM32F1xx_HAL_Driver/Src/stm32f1xx_hal.c ****   */
 455:Drivers/STM32F1xx_HAL_Driver/Src/stm32f1xx_hal.c **** uint32_t HAL_GetDEVID(void)
 456:Drivers/STM32F1xx_HAL_Driver/Src/stm32f1xx_hal.c **** {
 525              		.loc 1 456 0
 526              		.cfi_startproc
 527              		@ args = 0, pretend = 0, frame = 0
ARM GAS  C:\Users\大毛\AppData\Local\Temp\ccMDhdQt.s 			page 18


 528              		@ frame_needed = 0, uses_anonymous_args = 0
 529              		@ link register save eliminated.
 457:Drivers/STM32F1xx_HAL_Driver/Src/stm32f1xx_hal.c ****   return ((DBGMCU->IDCODE) & IDCODE_DEVID_MASK);
 530              		.loc 1 457 0
 531 0000 024B     		ldr	r3, .L55
 532 0002 1868     		ldr	r0, [r3]
 458:Drivers/STM32F1xx_HAL_Driver/Src/stm32f1xx_hal.c **** }
 533              		.loc 1 458 0
 534 0004 C0F30B00 		ubfx	r0, r0, #0, #12
 535 0008 7047     		bx	lr
 536              	.L56:
 537 000a 00BF     		.align	2
 538              	.L55:
 539 000c 002004E0 		.word	-536600576
 540              		.cfi_endproc
 541              	.LFE80:
 543              		.section	.text.HAL_GetUIDw0,"ax",%progbits
 544              		.align	2
 545              		.global	HAL_GetUIDw0
 546              		.thumb
 547              		.thumb_func
 549              	HAL_GetUIDw0:
 550              	.LFB81:
 459:Drivers/STM32F1xx_HAL_Driver/Src/stm32f1xx_hal.c **** 
 460:Drivers/STM32F1xx_HAL_Driver/Src/stm32f1xx_hal.c **** /**
 461:Drivers/STM32F1xx_HAL_Driver/Src/stm32f1xx_hal.c ****   * @brief  Returns first word of the unique device identifier (UID based on 96 bits)
 462:Drivers/STM32F1xx_HAL_Driver/Src/stm32f1xx_hal.c ****   * @retval Device identifier
 463:Drivers/STM32F1xx_HAL_Driver/Src/stm32f1xx_hal.c ****   */
 464:Drivers/STM32F1xx_HAL_Driver/Src/stm32f1xx_hal.c **** uint32_t HAL_GetUIDw0(void)
 465:Drivers/STM32F1xx_HAL_Driver/Src/stm32f1xx_hal.c **** {
 551              		.loc 1 465 0
 552              		.cfi_startproc
 553              		@ args = 0, pretend = 0, frame = 0
 554              		@ frame_needed = 0, uses_anonymous_args = 0
 555              		@ link register save eliminated.
 466:Drivers/STM32F1xx_HAL_Driver/Src/stm32f1xx_hal.c ****    return(READ_REG(*((uint32_t *)UID_BASE)));
 467:Drivers/STM32F1xx_HAL_Driver/Src/stm32f1xx_hal.c **** }
 556              		.loc 1 467 0
 557 0000 014B     		ldr	r3, .L58
 558 0002 1868     		ldr	r0, [r3]
 559 0004 7047     		bx	lr
 560              	.L59:
 561 0006 00BF     		.align	2
 562              	.L58:
 563 0008 E8F7FF1F 		.word	536868840
 564              		.cfi_endproc
 565              	.LFE81:
 567              		.section	.text.HAL_GetUIDw1,"ax",%progbits
 568              		.align	2
 569              		.global	HAL_GetUIDw1
 570              		.thumb
 571              		.thumb_func
 573              	HAL_GetUIDw1:
 574              	.LFB82:
 468:Drivers/STM32F1xx_HAL_Driver/Src/stm32f1xx_hal.c **** 
 469:Drivers/STM32F1xx_HAL_Driver/Src/stm32f1xx_hal.c **** /**
 470:Drivers/STM32F1xx_HAL_Driver/Src/stm32f1xx_hal.c ****   * @brief  Returns second word of the unique device identifier (UID based on 96 bits)
ARM GAS  C:\Users\大毛\AppData\Local\Temp\ccMDhdQt.s 			page 19


 471:Drivers/STM32F1xx_HAL_Driver/Src/stm32f1xx_hal.c ****   * @retval Device identifier
 472:Drivers/STM32F1xx_HAL_Driver/Src/stm32f1xx_hal.c ****   */
 473:Drivers/STM32F1xx_HAL_Driver/Src/stm32f1xx_hal.c **** uint32_t HAL_GetUIDw1(void)
 474:Drivers/STM32F1xx_HAL_Driver/Src/stm32f1xx_hal.c **** {
 575              		.loc 1 474 0
 576              		.cfi_startproc
 577              		@ args = 0, pretend = 0, frame = 0
 578              		@ frame_needed = 0, uses_anonymous_args = 0
 579              		@ link register save eliminated.
 475:Drivers/STM32F1xx_HAL_Driver/Src/stm32f1xx_hal.c ****    return(READ_REG(*((uint32_t *)(UID_BASE + 4U))));
 476:Drivers/STM32F1xx_HAL_Driver/Src/stm32f1xx_hal.c **** }
 580              		.loc 1 476 0
 581 0000 014B     		ldr	r3, .L61
 582 0002 1868     		ldr	r0, [r3]
 583 0004 7047     		bx	lr
 584              	.L62:
 585 0006 00BF     		.align	2
 586              	.L61:
 587 0008 ECF7FF1F 		.word	536868844
 588              		.cfi_endproc
 589              	.LFE82:
 591              		.section	.text.HAL_GetUIDw2,"ax",%progbits
 592              		.align	2
 593              		.global	HAL_GetUIDw2
 594              		.thumb
 595              		.thumb_func
 597              	HAL_GetUIDw2:
 598              	.LFB83:
 477:Drivers/STM32F1xx_HAL_Driver/Src/stm32f1xx_hal.c **** 
 478:Drivers/STM32F1xx_HAL_Driver/Src/stm32f1xx_hal.c **** /**
 479:Drivers/STM32F1xx_HAL_Driver/Src/stm32f1xx_hal.c ****   * @brief  Returns third word of the unique device identifier (UID based on 96 bits)
 480:Drivers/STM32F1xx_HAL_Driver/Src/stm32f1xx_hal.c ****   * @retval Device identifier
 481:Drivers/STM32F1xx_HAL_Driver/Src/stm32f1xx_hal.c ****   */
 482:Drivers/STM32F1xx_HAL_Driver/Src/stm32f1xx_hal.c **** uint32_t HAL_GetUIDw2(void)
 483:Drivers/STM32F1xx_HAL_Driver/Src/stm32f1xx_hal.c **** {
 599              		.loc 1 483 0
 600              		.cfi_startproc
 601              		@ args = 0, pretend = 0, frame = 0
 602              		@ frame_needed = 0, uses_anonymous_args = 0
 603              		@ link register save eliminated.
 484:Drivers/STM32F1xx_HAL_Driver/Src/stm32f1xx_hal.c ****    return(READ_REG(*((uint32_t *)(UID_BASE + 8U))));
 485:Drivers/STM32F1xx_HAL_Driver/Src/stm32f1xx_hal.c **** }
 604              		.loc 1 485 0
 605 0000 014B     		ldr	r3, .L64
 606 0002 1868     		ldr	r0, [r3]
 607 0004 7047     		bx	lr
 608              	.L65:
 609 0006 00BF     		.align	2
 610              	.L64:
 611 0008 F0F7FF1F 		.word	536868848
 612              		.cfi_endproc
 613              	.LFE83:
 615              		.section	.text.HAL_DBGMCU_EnableDBGSleepMode,"ax",%progbits
 616              		.align	2
 617              		.global	HAL_DBGMCU_EnableDBGSleepMode
 618              		.thumb
 619              		.thumb_func
ARM GAS  C:\Users\大毛\AppData\Local\Temp\ccMDhdQt.s 			page 20


 621              	HAL_DBGMCU_EnableDBGSleepMode:
 622              	.LFB84:
 486:Drivers/STM32F1xx_HAL_Driver/Src/stm32f1xx_hal.c **** 
 487:Drivers/STM32F1xx_HAL_Driver/Src/stm32f1xx_hal.c **** /**
 488:Drivers/STM32F1xx_HAL_Driver/Src/stm32f1xx_hal.c ****   * @brief  Enable the Debug Module during SLEEP mode
 489:Drivers/STM32F1xx_HAL_Driver/Src/stm32f1xx_hal.c ****   * @retval None
 490:Drivers/STM32F1xx_HAL_Driver/Src/stm32f1xx_hal.c ****   */
 491:Drivers/STM32F1xx_HAL_Driver/Src/stm32f1xx_hal.c **** void HAL_DBGMCU_EnableDBGSleepMode(void)
 492:Drivers/STM32F1xx_HAL_Driver/Src/stm32f1xx_hal.c **** {
 623              		.loc 1 492 0
 624              		.cfi_startproc
 625              		@ args = 0, pretend = 0, frame = 0
 626              		@ frame_needed = 0, uses_anonymous_args = 0
 627              		@ link register save eliminated.
 493:Drivers/STM32F1xx_HAL_Driver/Src/stm32f1xx_hal.c ****   SET_BIT(DBGMCU->CR, DBGMCU_CR_DBG_SLEEP);
 628              		.loc 1 493 0
 629 0000 024A     		ldr	r2, .L67
 630 0002 5368     		ldr	r3, [r2, #4]
 631 0004 43F00103 		orr	r3, r3, #1
 632 0008 5360     		str	r3, [r2, #4]
 633 000a 7047     		bx	lr
 634              	.L68:
 635              		.align	2
 636              	.L67:
 637 000c 002004E0 		.word	-536600576
 638              		.cfi_endproc
 639              	.LFE84:
 641              		.section	.text.HAL_DBGMCU_DisableDBGSleepMode,"ax",%progbits
 642              		.align	2
 643              		.global	HAL_DBGMCU_DisableDBGSleepMode
 644              		.thumb
 645              		.thumb_func
 647              	HAL_DBGMCU_DisableDBGSleepMode:
 648              	.LFB85:
 494:Drivers/STM32F1xx_HAL_Driver/Src/stm32f1xx_hal.c **** }
 495:Drivers/STM32F1xx_HAL_Driver/Src/stm32f1xx_hal.c **** 
 496:Drivers/STM32F1xx_HAL_Driver/Src/stm32f1xx_hal.c **** /**
 497:Drivers/STM32F1xx_HAL_Driver/Src/stm32f1xx_hal.c ****   * @brief  Disable the Debug Module during SLEEP mode
 498:Drivers/STM32F1xx_HAL_Driver/Src/stm32f1xx_hal.c ****   * Note: On devices STM32F10xx8 and STM32F10xxB,
 499:Drivers/STM32F1xx_HAL_Driver/Src/stm32f1xx_hal.c ****   *                  STM32F101xC/D/E and STM32F103xC/D/E,
 500:Drivers/STM32F1xx_HAL_Driver/Src/stm32f1xx_hal.c ****   *                  STM32F101xF/G and STM32F103xF/G
 501:Drivers/STM32F1xx_HAL_Driver/Src/stm32f1xx_hal.c ****   *                  STM32F10xx4 and STM32F10xx6
 502:Drivers/STM32F1xx_HAL_Driver/Src/stm32f1xx_hal.c ****   *       Debug registers DBGMCU_IDCODE and DBGMCU_CR are accessible only in
 503:Drivers/STM32F1xx_HAL_Driver/Src/stm32f1xx_hal.c ****   *       debug mode (not accessible by the user software in normal mode).
 504:Drivers/STM32F1xx_HAL_Driver/Src/stm32f1xx_hal.c ****   *       Refer to errata sheet of these devices for more details.
 505:Drivers/STM32F1xx_HAL_Driver/Src/stm32f1xx_hal.c ****   * @retval None
 506:Drivers/STM32F1xx_HAL_Driver/Src/stm32f1xx_hal.c ****   */
 507:Drivers/STM32F1xx_HAL_Driver/Src/stm32f1xx_hal.c **** void HAL_DBGMCU_DisableDBGSleepMode(void)
 508:Drivers/STM32F1xx_HAL_Driver/Src/stm32f1xx_hal.c **** {
 649              		.loc 1 508 0
 650              		.cfi_startproc
 651              		@ args = 0, pretend = 0, frame = 0
 652              		@ frame_needed = 0, uses_anonymous_args = 0
 653              		@ link register save eliminated.
 509:Drivers/STM32F1xx_HAL_Driver/Src/stm32f1xx_hal.c ****   CLEAR_BIT(DBGMCU->CR, DBGMCU_CR_DBG_SLEEP);
 654              		.loc 1 509 0
 655 0000 024A     		ldr	r2, .L70
ARM GAS  C:\Users\大毛\AppData\Local\Temp\ccMDhdQt.s 			page 21


 656 0002 5368     		ldr	r3, [r2, #4]
 657 0004 23F00103 		bic	r3, r3, #1
 658 0008 5360     		str	r3, [r2, #4]
 659 000a 7047     		bx	lr
 660              	.L71:
 661              		.align	2
 662              	.L70:
 663 000c 002004E0 		.word	-536600576
 664              		.cfi_endproc
 665              	.LFE85:
 667              		.section	.text.HAL_DBGMCU_EnableDBGStopMode,"ax",%progbits
 668              		.align	2
 669              		.global	HAL_DBGMCU_EnableDBGStopMode
 670              		.thumb
 671              		.thumb_func
 673              	HAL_DBGMCU_EnableDBGStopMode:
 674              	.LFB86:
 510:Drivers/STM32F1xx_HAL_Driver/Src/stm32f1xx_hal.c **** }
 511:Drivers/STM32F1xx_HAL_Driver/Src/stm32f1xx_hal.c **** 
 512:Drivers/STM32F1xx_HAL_Driver/Src/stm32f1xx_hal.c **** /**
 513:Drivers/STM32F1xx_HAL_Driver/Src/stm32f1xx_hal.c ****   * @brief  Enable the Debug Module during STOP mode
 514:Drivers/STM32F1xx_HAL_Driver/Src/stm32f1xx_hal.c ****   * Note: On devices STM32F10xx8 and STM32F10xxB,
 515:Drivers/STM32F1xx_HAL_Driver/Src/stm32f1xx_hal.c ****   *                  STM32F101xC/D/E and STM32F103xC/D/E,
 516:Drivers/STM32F1xx_HAL_Driver/Src/stm32f1xx_hal.c ****   *                  STM32F101xF/G and STM32F103xF/G
 517:Drivers/STM32F1xx_HAL_Driver/Src/stm32f1xx_hal.c ****   *                  STM32F10xx4 and STM32F10xx6
 518:Drivers/STM32F1xx_HAL_Driver/Src/stm32f1xx_hal.c ****   *       Debug registers DBGMCU_IDCODE and DBGMCU_CR are accessible only in
 519:Drivers/STM32F1xx_HAL_Driver/Src/stm32f1xx_hal.c ****   *       debug mode (not accessible by the user software in normal mode).
 520:Drivers/STM32F1xx_HAL_Driver/Src/stm32f1xx_hal.c ****   *       Refer to errata sheet of these devices for more details.
 521:Drivers/STM32F1xx_HAL_Driver/Src/stm32f1xx_hal.c ****   * Note: On all STM32F1 devices:
 522:Drivers/STM32F1xx_HAL_Driver/Src/stm32f1xx_hal.c ****   *       If the system tick timer interrupt is enabled during the Stop mode
 523:Drivers/STM32F1xx_HAL_Driver/Src/stm32f1xx_hal.c ****   *       debug (DBG_STOP bit set in the DBGMCU_CR register ), it will wakeup
 524:Drivers/STM32F1xx_HAL_Driver/Src/stm32f1xx_hal.c ****   *       the system from Stop mode.
 525:Drivers/STM32F1xx_HAL_Driver/Src/stm32f1xx_hal.c ****   *       Workaround: To debug the Stop mode, disable the system tick timer
 526:Drivers/STM32F1xx_HAL_Driver/Src/stm32f1xx_hal.c ****   *       interrupt.
 527:Drivers/STM32F1xx_HAL_Driver/Src/stm32f1xx_hal.c ****   *       Refer to errata sheet of these devices for more details.
 528:Drivers/STM32F1xx_HAL_Driver/Src/stm32f1xx_hal.c ****   * Note: On all STM32F1 devices:
 529:Drivers/STM32F1xx_HAL_Driver/Src/stm32f1xx_hal.c ****   *       If the system tick timer interrupt is enabled during the Stop mode
 530:Drivers/STM32F1xx_HAL_Driver/Src/stm32f1xx_hal.c ****   *       debug (DBG_STOP bit set in the DBGMCU_CR register ), it will wakeup
 531:Drivers/STM32F1xx_HAL_Driver/Src/stm32f1xx_hal.c ****   *       the system from Stop mode.
 532:Drivers/STM32F1xx_HAL_Driver/Src/stm32f1xx_hal.c ****   *       Workaround: To debug the Stop mode, disable the system tick timer
 533:Drivers/STM32F1xx_HAL_Driver/Src/stm32f1xx_hal.c ****   *       interrupt.
 534:Drivers/STM32F1xx_HAL_Driver/Src/stm32f1xx_hal.c ****   *       Refer to errata sheet of these devices for more details.
 535:Drivers/STM32F1xx_HAL_Driver/Src/stm32f1xx_hal.c ****   * @retval None
 536:Drivers/STM32F1xx_HAL_Driver/Src/stm32f1xx_hal.c ****   */
 537:Drivers/STM32F1xx_HAL_Driver/Src/stm32f1xx_hal.c **** void HAL_DBGMCU_EnableDBGStopMode(void)
 538:Drivers/STM32F1xx_HAL_Driver/Src/stm32f1xx_hal.c **** {
 675              		.loc 1 538 0
 676              		.cfi_startproc
 677              		@ args = 0, pretend = 0, frame = 0
 678              		@ frame_needed = 0, uses_anonymous_args = 0
 679              		@ link register save eliminated.
 539:Drivers/STM32F1xx_HAL_Driver/Src/stm32f1xx_hal.c ****   SET_BIT(DBGMCU->CR, DBGMCU_CR_DBG_STOP);
 680              		.loc 1 539 0
 681 0000 024A     		ldr	r2, .L73
 682 0002 5368     		ldr	r3, [r2, #4]
 683 0004 43F00203 		orr	r3, r3, #2
 684 0008 5360     		str	r3, [r2, #4]
ARM GAS  C:\Users\大毛\AppData\Local\Temp\ccMDhdQt.s 			page 22


 685 000a 7047     		bx	lr
 686              	.L74:
 687              		.align	2
 688              	.L73:
 689 000c 002004E0 		.word	-536600576
 690              		.cfi_endproc
 691              	.LFE86:
 693              		.section	.text.HAL_DBGMCU_DisableDBGStopMode,"ax",%progbits
 694              		.align	2
 695              		.global	HAL_DBGMCU_DisableDBGStopMode
 696              		.thumb
 697              		.thumb_func
 699              	HAL_DBGMCU_DisableDBGStopMode:
 700              	.LFB87:
 540:Drivers/STM32F1xx_HAL_Driver/Src/stm32f1xx_hal.c **** }
 541:Drivers/STM32F1xx_HAL_Driver/Src/stm32f1xx_hal.c **** 
 542:Drivers/STM32F1xx_HAL_Driver/Src/stm32f1xx_hal.c **** /**
 543:Drivers/STM32F1xx_HAL_Driver/Src/stm32f1xx_hal.c ****   * @brief  Disable the Debug Module during STOP mode
 544:Drivers/STM32F1xx_HAL_Driver/Src/stm32f1xx_hal.c ****   * Note: On devices STM32F10xx8 and STM32F10xxB,
 545:Drivers/STM32F1xx_HAL_Driver/Src/stm32f1xx_hal.c ****   *                  STM32F101xC/D/E and STM32F103xC/D/E,
 546:Drivers/STM32F1xx_HAL_Driver/Src/stm32f1xx_hal.c ****   *                  STM32F101xF/G and STM32F103xF/G
 547:Drivers/STM32F1xx_HAL_Driver/Src/stm32f1xx_hal.c ****   *                  STM32F10xx4 and STM32F10xx6
 548:Drivers/STM32F1xx_HAL_Driver/Src/stm32f1xx_hal.c ****   *       Debug registers DBGMCU_IDCODE and DBGMCU_CR are accessible only in
 549:Drivers/STM32F1xx_HAL_Driver/Src/stm32f1xx_hal.c ****   *       debug mode (not accessible by the user software in normal mode).
 550:Drivers/STM32F1xx_HAL_Driver/Src/stm32f1xx_hal.c ****   *       Refer to errata sheet of these devices for more details.
 551:Drivers/STM32F1xx_HAL_Driver/Src/stm32f1xx_hal.c ****   * @retval None
 552:Drivers/STM32F1xx_HAL_Driver/Src/stm32f1xx_hal.c ****   */
 553:Drivers/STM32F1xx_HAL_Driver/Src/stm32f1xx_hal.c **** void HAL_DBGMCU_DisableDBGStopMode(void)
 554:Drivers/STM32F1xx_HAL_Driver/Src/stm32f1xx_hal.c **** {
 701              		.loc 1 554 0
 702              		.cfi_startproc
 703              		@ args = 0, pretend = 0, frame = 0
 704              		@ frame_needed = 0, uses_anonymous_args = 0
 705              		@ link register save eliminated.
 555:Drivers/STM32F1xx_HAL_Driver/Src/stm32f1xx_hal.c ****   CLEAR_BIT(DBGMCU->CR, DBGMCU_CR_DBG_STOP);
 706              		.loc 1 555 0
 707 0000 024A     		ldr	r2, .L76
 708 0002 5368     		ldr	r3, [r2, #4]
 709 0004 23F00203 		bic	r3, r3, #2
 710 0008 5360     		str	r3, [r2, #4]
 711 000a 7047     		bx	lr
 712              	.L77:
 713              		.align	2
 714              	.L76:
 715 000c 002004E0 		.word	-536600576
 716              		.cfi_endproc
 717              	.LFE87:
 719              		.section	.text.HAL_DBGMCU_EnableDBGStandbyMode,"ax",%progbits
 720              		.align	2
 721              		.global	HAL_DBGMCU_EnableDBGStandbyMode
 722              		.thumb
 723              		.thumb_func
 725              	HAL_DBGMCU_EnableDBGStandbyMode:
 726              	.LFB88:
 556:Drivers/STM32F1xx_HAL_Driver/Src/stm32f1xx_hal.c **** }
 557:Drivers/STM32F1xx_HAL_Driver/Src/stm32f1xx_hal.c **** 
 558:Drivers/STM32F1xx_HAL_Driver/Src/stm32f1xx_hal.c **** /**
ARM GAS  C:\Users\大毛\AppData\Local\Temp\ccMDhdQt.s 			page 23


 559:Drivers/STM32F1xx_HAL_Driver/Src/stm32f1xx_hal.c ****   * @brief  Enable the Debug Module during STANDBY mode
 560:Drivers/STM32F1xx_HAL_Driver/Src/stm32f1xx_hal.c ****   * Note: On devices STM32F10xx8 and STM32F10xxB,
 561:Drivers/STM32F1xx_HAL_Driver/Src/stm32f1xx_hal.c ****   *                  STM32F101xC/D/E and STM32F103xC/D/E,
 562:Drivers/STM32F1xx_HAL_Driver/Src/stm32f1xx_hal.c ****   *                  STM32F101xF/G and STM32F103xF/G
 563:Drivers/STM32F1xx_HAL_Driver/Src/stm32f1xx_hal.c ****   *                  STM32F10xx4 and STM32F10xx6
 564:Drivers/STM32F1xx_HAL_Driver/Src/stm32f1xx_hal.c ****   *       Debug registers DBGMCU_IDCODE and DBGMCU_CR are accessible only in
 565:Drivers/STM32F1xx_HAL_Driver/Src/stm32f1xx_hal.c ****   *       debug mode (not accessible by the user software in normal mode).
 566:Drivers/STM32F1xx_HAL_Driver/Src/stm32f1xx_hal.c ****   *       Refer to errata sheet of these devices for more details.
 567:Drivers/STM32F1xx_HAL_Driver/Src/stm32f1xx_hal.c ****   * @retval None
 568:Drivers/STM32F1xx_HAL_Driver/Src/stm32f1xx_hal.c ****   */
 569:Drivers/STM32F1xx_HAL_Driver/Src/stm32f1xx_hal.c **** void HAL_DBGMCU_EnableDBGStandbyMode(void)
 570:Drivers/STM32F1xx_HAL_Driver/Src/stm32f1xx_hal.c **** {
 727              		.loc 1 570 0
 728              		.cfi_startproc
 729              		@ args = 0, pretend = 0, frame = 0
 730              		@ frame_needed = 0, uses_anonymous_args = 0
 731              		@ link register save eliminated.
 571:Drivers/STM32F1xx_HAL_Driver/Src/stm32f1xx_hal.c ****   SET_BIT(DBGMCU->CR, DBGMCU_CR_DBG_STANDBY);
 732              		.loc 1 571 0
 733 0000 024A     		ldr	r2, .L79
 734 0002 5368     		ldr	r3, [r2, #4]
 735 0004 43F00403 		orr	r3, r3, #4
 736 0008 5360     		str	r3, [r2, #4]
 737 000a 7047     		bx	lr
 738              	.L80:
 739              		.align	2
 740              	.L79:
 741 000c 002004E0 		.word	-536600576
 742              		.cfi_endproc
 743              	.LFE88:
 745              		.section	.text.HAL_DBGMCU_DisableDBGStandbyMode,"ax",%progbits
 746              		.align	2
 747              		.global	HAL_DBGMCU_DisableDBGStandbyMode
 748              		.thumb
 749              		.thumb_func
 751              	HAL_DBGMCU_DisableDBGStandbyMode:
 752              	.LFB89:
 572:Drivers/STM32F1xx_HAL_Driver/Src/stm32f1xx_hal.c **** }
 573:Drivers/STM32F1xx_HAL_Driver/Src/stm32f1xx_hal.c **** 
 574:Drivers/STM32F1xx_HAL_Driver/Src/stm32f1xx_hal.c **** /**
 575:Drivers/STM32F1xx_HAL_Driver/Src/stm32f1xx_hal.c ****   * @brief  Disable the Debug Module during STANDBY mode
 576:Drivers/STM32F1xx_HAL_Driver/Src/stm32f1xx_hal.c ****   * Note: On devices STM32F10xx8 and STM32F10xxB,
 577:Drivers/STM32F1xx_HAL_Driver/Src/stm32f1xx_hal.c ****   *                  STM32F101xC/D/E and STM32F103xC/D/E,
 578:Drivers/STM32F1xx_HAL_Driver/Src/stm32f1xx_hal.c ****   *                  STM32F101xF/G and STM32F103xF/G
 579:Drivers/STM32F1xx_HAL_Driver/Src/stm32f1xx_hal.c ****   *                  STM32F10xx4 and STM32F10xx6
 580:Drivers/STM32F1xx_HAL_Driver/Src/stm32f1xx_hal.c ****   *       Debug registers DBGMCU_IDCODE and DBGMCU_CR are accessible only in
 581:Drivers/STM32F1xx_HAL_Driver/Src/stm32f1xx_hal.c ****   *       debug mode (not accessible by the user software in normal mode).
 582:Drivers/STM32F1xx_HAL_Driver/Src/stm32f1xx_hal.c ****   *       Refer to errata sheet of these devices for more details.
 583:Drivers/STM32F1xx_HAL_Driver/Src/stm32f1xx_hal.c ****   * @retval None
 584:Drivers/STM32F1xx_HAL_Driver/Src/stm32f1xx_hal.c ****   */
 585:Drivers/STM32F1xx_HAL_Driver/Src/stm32f1xx_hal.c **** void HAL_DBGMCU_DisableDBGStandbyMode(void)
 586:Drivers/STM32F1xx_HAL_Driver/Src/stm32f1xx_hal.c **** {
 753              		.loc 1 586 0
 754              		.cfi_startproc
 755              		@ args = 0, pretend = 0, frame = 0
 756              		@ frame_needed = 0, uses_anonymous_args = 0
 757              		@ link register save eliminated.
ARM GAS  C:\Users\大毛\AppData\Local\Temp\ccMDhdQt.s 			page 24


 587:Drivers/STM32F1xx_HAL_Driver/Src/stm32f1xx_hal.c ****   CLEAR_BIT(DBGMCU->CR, DBGMCU_CR_DBG_STANDBY);
 758              		.loc 1 587 0
 759 0000 024A     		ldr	r2, .L82
 760 0002 5368     		ldr	r3, [r2, #4]
 761 0004 23F00403 		bic	r3, r3, #4
 762 0008 5360     		str	r3, [r2, #4]
 763 000a 7047     		bx	lr
 764              	.L83:
 765              		.align	2
 766              	.L82:
 767 000c 002004E0 		.word	-536600576
 768              		.cfi_endproc
 769              	.LFE89:
 771              		.global	uwTickFreq
 772              		.global	uwTickPrio
 773              		.comm	uwTick,4,4
 774              		.section	.data.uwTickPrio,"aw",%progbits
 775              		.align	2
 776              		.set	.LANCHOR1,. + 0
 779              	uwTickPrio:
 780 0000 10000000 		.word	16
 781              		.section	.data.uwTickFreq,"aw",%progbits
 782              		.set	.LANCHOR0,. + 0
 785              	uwTickFreq:
 786 0000 01       		.byte	1
 787              		.text
 788              	.Letext0:
 789              		.file 2 "d:\\gnu tools for arm embedded processors\\5.4 2016q3\\arm-none-eabi\\include\\machine\\_
 790              		.file 3 "d:\\gnu tools for arm embedded processors\\5.4 2016q3\\arm-none-eabi\\include\\sys\\_stdi
 791              		.file 4 "Drivers/CMSIS/Include/core_cm3.h"
 792              		.file 5 "Drivers/CMSIS/Device/ST/STM32F1xx/Include/stm32f103xb.h"
 793              		.file 6 "Drivers/STM32F1xx_HAL_Driver/Inc/stm32f1xx_hal_def.h"
 794              		.file 7 "Drivers/STM32F1xx_HAL_Driver/Inc/stm32f1xx_hal.h"
 795              		.file 8 "Drivers/CMSIS/Device/ST/STM32F1xx/Include/system_stm32f1xx.h"
 796              		.file 9 "Drivers/STM32F1xx_HAL_Driver/Inc/stm32f1xx_hal_cortex.h"
ARM GAS  C:\Users\大毛\AppData\Local\Temp\ccMDhdQt.s 			page 25


DEFINED SYMBOLS
                            *ABS*:00000000 stm32f1xx_hal.c
C:\Users\大毛\AppData\Local\Temp\ccMDhdQt.s:20     .text.HAL_MspInit:00000000 $t
C:\Users\大毛\AppData\Local\Temp\ccMDhdQt.s:25     .text.HAL_MspInit:00000000 HAL_MspInit
C:\Users\大毛\AppData\Local\Temp\ccMDhdQt.s:38     .text.HAL_MspDeInit:00000000 $t
C:\Users\大毛\AppData\Local\Temp\ccMDhdQt.s:43     .text.HAL_MspDeInit:00000000 HAL_MspDeInit
C:\Users\大毛\AppData\Local\Temp\ccMDhdQt.s:55     .text.HAL_DeInit:00000000 $t
C:\Users\大毛\AppData\Local\Temp\ccMDhdQt.s:60     .text.HAL_DeInit:00000000 HAL_DeInit
C:\Users\大毛\AppData\Local\Temp\ccMDhdQt.s:92     .text.HAL_DeInit:0000001c $d
C:\Users\大毛\AppData\Local\Temp\ccMDhdQt.s:97     .text.HAL_InitTick:00000000 $t
C:\Users\大毛\AppData\Local\Temp\ccMDhdQt.s:102    .text.HAL_InitTick:00000000 HAL_InitTick
C:\Users\大毛\AppData\Local\Temp\ccMDhdQt.s:157    .text.HAL_InitTick:00000040 $d
C:\Users\大毛\AppData\Local\Temp\ccMDhdQt.s:164    .text.HAL_Init:00000000 $t
C:\Users\大毛\AppData\Local\Temp\ccMDhdQt.s:169    .text.HAL_Init:00000000 HAL_Init
C:\Users\大毛\AppData\Local\Temp\ccMDhdQt.s:202    .text.HAL_Init:00000020 $d
C:\Users\大毛\AppData\Local\Temp\ccMDhdQt.s:207    .text.HAL_IncTick:00000000 $t
C:\Users\大毛\AppData\Local\Temp\ccMDhdQt.s:212    .text.HAL_IncTick:00000000 HAL_IncTick
C:\Users\大毛\AppData\Local\Temp\ccMDhdQt.s:230    .text.HAL_IncTick:00000010 $d
                            *COM*:00000004 uwTick
C:\Users\大毛\AppData\Local\Temp\ccMDhdQt.s:236    .text.HAL_GetTick:00000000 $t
C:\Users\大毛\AppData\Local\Temp\ccMDhdQt.s:241    .text.HAL_GetTick:00000000 HAL_GetTick
C:\Users\大毛\AppData\Local\Temp\ccMDhdQt.s:256    .text.HAL_GetTick:00000008 $d
C:\Users\大毛\AppData\Local\Temp\ccMDhdQt.s:261    .text.HAL_GetTickPrio:00000000 $t
C:\Users\大毛\AppData\Local\Temp\ccMDhdQt.s:266    .text.HAL_GetTickPrio:00000000 HAL_GetTickPrio
C:\Users\大毛\AppData\Local\Temp\ccMDhdQt.s:280    .text.HAL_GetTickPrio:00000008 $d
C:\Users\大毛\AppData\Local\Temp\ccMDhdQt.s:285    .text.HAL_SetTickFreq:00000000 $t
C:\Users\大毛\AppData\Local\Temp\ccMDhdQt.s:290    .text.HAL_SetTickFreq:00000000 HAL_SetTickFreq
C:\Users\大毛\AppData\Local\Temp\ccMDhdQt.s:336    .text.HAL_SetTickFreq:00000024 $d
C:\Users\大毛\AppData\Local\Temp\ccMDhdQt.s:342    .text.HAL_GetTickFreq:00000000 $t
C:\Users\大毛\AppData\Local\Temp\ccMDhdQt.s:347    .text.HAL_GetTickFreq:00000000 HAL_GetTickFreq
C:\Users\大毛\AppData\Local\Temp\ccMDhdQt.s:361    .text.HAL_GetTickFreq:00000008 $d
C:\Users\大毛\AppData\Local\Temp\ccMDhdQt.s:366    .text.HAL_Delay:00000000 $t
C:\Users\大毛\AppData\Local\Temp\ccMDhdQt.s:371    .text.HAL_Delay:00000000 HAL_Delay
C:\Users\大毛\AppData\Local\Temp\ccMDhdQt.s:412    .text.HAL_Delay:00000024 $d
C:\Users\大毛\AppData\Local\Temp\ccMDhdQt.s:417    .text.HAL_SuspendTick:00000000 $t
C:\Users\大毛\AppData\Local\Temp\ccMDhdQt.s:422    .text.HAL_SuspendTick:00000000 HAL_SuspendTick
C:\Users\大毛\AppData\Local\Temp\ccMDhdQt.s:438    .text.HAL_SuspendTick:0000000c $d
C:\Users\大毛\AppData\Local\Temp\ccMDhdQt.s:443    .text.HAL_ResumeTick:00000000 $t
C:\Users\大毛\AppData\Local\Temp\ccMDhdQt.s:448    .text.HAL_ResumeTick:00000000 HAL_ResumeTick
C:\Users\大毛\AppData\Local\Temp\ccMDhdQt.s:464    .text.HAL_ResumeTick:0000000c $d
C:\Users\大毛\AppData\Local\Temp\ccMDhdQt.s:469    .text.HAL_GetHalVersion:00000000 $t
C:\Users\大毛\AppData\Local\Temp\ccMDhdQt.s:474    .text.HAL_GetHalVersion:00000000 HAL_GetHalVersion
C:\Users\大毛\AppData\Local\Temp\ccMDhdQt.s:487    .text.HAL_GetHalVersion:00000004 $d
C:\Users\大毛\AppData\Local\Temp\ccMDhdQt.s:492    .text.HAL_GetREVID:00000000 $t
C:\Users\大毛\AppData\Local\Temp\ccMDhdQt.s:497    .text.HAL_GetREVID:00000000 HAL_GetREVID
C:\Users\大毛\AppData\Local\Temp\ccMDhdQt.s:513    .text.HAL_GetREVID:00000008 $d
C:\Users\大毛\AppData\Local\Temp\ccMDhdQt.s:518    .text.HAL_GetDEVID:00000000 $t
C:\Users\大毛\AppData\Local\Temp\ccMDhdQt.s:523    .text.HAL_GetDEVID:00000000 HAL_GetDEVID
C:\Users\大毛\AppData\Local\Temp\ccMDhdQt.s:539    .text.HAL_GetDEVID:0000000c $d
C:\Users\大毛\AppData\Local\Temp\ccMDhdQt.s:544    .text.HAL_GetUIDw0:00000000 $t
C:\Users\大毛\AppData\Local\Temp\ccMDhdQt.s:549    .text.HAL_GetUIDw0:00000000 HAL_GetUIDw0
C:\Users\大毛\AppData\Local\Temp\ccMDhdQt.s:563    .text.HAL_GetUIDw0:00000008 $d
C:\Users\大毛\AppData\Local\Temp\ccMDhdQt.s:568    .text.HAL_GetUIDw1:00000000 $t
C:\Users\大毛\AppData\Local\Temp\ccMDhdQt.s:573    .text.HAL_GetUIDw1:00000000 HAL_GetUIDw1
C:\Users\大毛\AppData\Local\Temp\ccMDhdQt.s:587    .text.HAL_GetUIDw1:00000008 $d
C:\Users\大毛\AppData\Local\Temp\ccMDhdQt.s:592    .text.HAL_GetUIDw2:00000000 $t
C:\Users\大毛\AppData\Local\Temp\ccMDhdQt.s:597    .text.HAL_GetUIDw2:00000000 HAL_GetUIDw2
ARM GAS  C:\Users\大毛\AppData\Local\Temp\ccMDhdQt.s 			page 26


C:\Users\大毛\AppData\Local\Temp\ccMDhdQt.s:611    .text.HAL_GetUIDw2:00000008 $d
C:\Users\大毛\AppData\Local\Temp\ccMDhdQt.s:616    .text.HAL_DBGMCU_EnableDBGSleepMode:00000000 $t
C:\Users\大毛\AppData\Local\Temp\ccMDhdQt.s:621    .text.HAL_DBGMCU_EnableDBGSleepMode:00000000 HAL_DBGMCU_EnableDBGSleepMode
C:\Users\大毛\AppData\Local\Temp\ccMDhdQt.s:637    .text.HAL_DBGMCU_EnableDBGSleepMode:0000000c $d
C:\Users\大毛\AppData\Local\Temp\ccMDhdQt.s:642    .text.HAL_DBGMCU_DisableDBGSleepMode:00000000 $t
C:\Users\大毛\AppData\Local\Temp\ccMDhdQt.s:647    .text.HAL_DBGMCU_DisableDBGSleepMode:00000000 HAL_DBGMCU_DisableDBGSleepMode
C:\Users\大毛\AppData\Local\Temp\ccMDhdQt.s:663    .text.HAL_DBGMCU_DisableDBGSleepMode:0000000c $d
C:\Users\大毛\AppData\Local\Temp\ccMDhdQt.s:668    .text.HAL_DBGMCU_EnableDBGStopMode:00000000 $t
C:\Users\大毛\AppData\Local\Temp\ccMDhdQt.s:673    .text.HAL_DBGMCU_EnableDBGStopMode:00000000 HAL_DBGMCU_EnableDBGStopMode
C:\Users\大毛\AppData\Local\Temp\ccMDhdQt.s:689    .text.HAL_DBGMCU_EnableDBGStopMode:0000000c $d
C:\Users\大毛\AppData\Local\Temp\ccMDhdQt.s:694    .text.HAL_DBGMCU_DisableDBGStopMode:00000000 $t
C:\Users\大毛\AppData\Local\Temp\ccMDhdQt.s:699    .text.HAL_DBGMCU_DisableDBGStopMode:00000000 HAL_DBGMCU_DisableDBGStopMode
C:\Users\大毛\AppData\Local\Temp\ccMDhdQt.s:715    .text.HAL_DBGMCU_DisableDBGStopMode:0000000c $d
C:\Users\大毛\AppData\Local\Temp\ccMDhdQt.s:720    .text.HAL_DBGMCU_EnableDBGStandbyMode:00000000 $t
C:\Users\大毛\AppData\Local\Temp\ccMDhdQt.s:725    .text.HAL_DBGMCU_EnableDBGStandbyMode:00000000 HAL_DBGMCU_EnableDBGStandbyMode
C:\Users\大毛\AppData\Local\Temp\ccMDhdQt.s:741    .text.HAL_DBGMCU_EnableDBGStandbyMode:0000000c $d
C:\Users\大毛\AppData\Local\Temp\ccMDhdQt.s:746    .text.HAL_DBGMCU_DisableDBGStandbyMode:00000000 $t
C:\Users\大毛\AppData\Local\Temp\ccMDhdQt.s:751    .text.HAL_DBGMCU_DisableDBGStandbyMode:00000000 HAL_DBGMCU_DisableDBGStandbyMode
C:\Users\大毛\AppData\Local\Temp\ccMDhdQt.s:767    .text.HAL_DBGMCU_DisableDBGStandbyMode:0000000c $d
C:\Users\大毛\AppData\Local\Temp\ccMDhdQt.s:785    .data.uwTickFreq:00000000 uwTickFreq
C:\Users\大毛\AppData\Local\Temp\ccMDhdQt.s:779    .data.uwTickPrio:00000000 uwTickPrio
C:\Users\大毛\AppData\Local\Temp\ccMDhdQt.s:775    .data.uwTickPrio:00000000 $d
                     .debug_frame:00000010 $d

UNDEFINED SYMBOLS
HAL_SYSTICK_Config
HAL_NVIC_SetPriority
SystemCoreClock
HAL_NVIC_SetPriorityGrouping
