ARM GAS  C:\Users\大毛\AppData\Local\Temp\cc0PHIvA.s 			page 1


   1              		.syntax unified
   2              		.cpu cortex-m3
   3              		.fpu softvfp
   4              		.eabi_attribute 20, 1
   5              		.eabi_attribute 21, 1
   6              		.eabi_attribute 23, 3
   7              		.eabi_attribute 24, 1
   8              		.eabi_attribute 25, 1
   9              		.eabi_attribute 26, 1
  10              		.eabi_attribute 30, 1
  11              		.eabi_attribute 34, 1
  12              		.eabi_attribute 18, 4
  13              		.thumb
  14              		.syntax unified
  15              		.file	"stm32f1xx_hal_msp.c"
  16              		.text
  17              	.Ltext0:
  18              		.cfi_sections	.debug_frame
  19              		.section	.text.HAL_MspInit,"ax",%progbits
  20              		.align	2
  21              		.global	HAL_MspInit
  22              		.thumb
  23              		.thumb_func
  25              	HAL_MspInit:
  26              	.LFB65:
  27              		.file 1 "Core/Src/stm32f1xx_hal_msp.c"
   1:Core/Src/stm32f1xx_hal_msp.c **** /* USER CODE BEGIN Header */
   2:Core/Src/stm32f1xx_hal_msp.c **** /**
   3:Core/Src/stm32f1xx_hal_msp.c ****   ******************************************************************************
   4:Core/Src/stm32f1xx_hal_msp.c ****   * @file         stm32f1xx_hal_msp.c
   5:Core/Src/stm32f1xx_hal_msp.c ****   * @brief        This file provides code for the MSP Initialization
   6:Core/Src/stm32f1xx_hal_msp.c ****   *               and de-Initialization codes.
   7:Core/Src/stm32f1xx_hal_msp.c ****   ******************************************************************************
   8:Core/Src/stm32f1xx_hal_msp.c ****   * @attention
   9:Core/Src/stm32f1xx_hal_msp.c ****   *
  10:Core/Src/stm32f1xx_hal_msp.c ****   * Copyright (c) 2024 STMicroelectronics.
  11:Core/Src/stm32f1xx_hal_msp.c ****   * All rights reserved.
  12:Core/Src/stm32f1xx_hal_msp.c ****   *
  13:Core/Src/stm32f1xx_hal_msp.c ****   * This software is licensed under terms that can be found in the LICENSE file
  14:Core/Src/stm32f1xx_hal_msp.c ****   * in the root directory of this software component.
  15:Core/Src/stm32f1xx_hal_msp.c ****   * If no LICENSE file comes with this software, it is provided AS-IS.
  16:Core/Src/stm32f1xx_hal_msp.c ****   *
  17:Core/Src/stm32f1xx_hal_msp.c ****   ******************************************************************************
  18:Core/Src/stm32f1xx_hal_msp.c ****   */
  19:Core/Src/stm32f1xx_hal_msp.c **** /* USER CODE END Header */
  20:Core/Src/stm32f1xx_hal_msp.c **** 
  21:Core/Src/stm32f1xx_hal_msp.c **** /* Includes ------------------------------------------------------------------*/
  22:Core/Src/stm32f1xx_hal_msp.c **** #include "main.h"
  23:Core/Src/stm32f1xx_hal_msp.c **** 
  24:Core/Src/stm32f1xx_hal_msp.c **** /* USER CODE BEGIN Includes */
  25:Core/Src/stm32f1xx_hal_msp.c **** 
  26:Core/Src/stm32f1xx_hal_msp.c **** /* USER CODE END Includes */
  27:Core/Src/stm32f1xx_hal_msp.c **** 
  28:Core/Src/stm32f1xx_hal_msp.c **** /* Private typedef -----------------------------------------------------------*/
  29:Core/Src/stm32f1xx_hal_msp.c **** /* USER CODE BEGIN TD */
  30:Core/Src/stm32f1xx_hal_msp.c **** 
  31:Core/Src/stm32f1xx_hal_msp.c **** /* USER CODE END TD */
ARM GAS  C:\Users\大毛\AppData\Local\Temp\cc0PHIvA.s 			page 2


  32:Core/Src/stm32f1xx_hal_msp.c **** 
  33:Core/Src/stm32f1xx_hal_msp.c **** /* Private define ------------------------------------------------------------*/
  34:Core/Src/stm32f1xx_hal_msp.c **** /* USER CODE BEGIN Define */
  35:Core/Src/stm32f1xx_hal_msp.c **** 
  36:Core/Src/stm32f1xx_hal_msp.c **** /* USER CODE END Define */
  37:Core/Src/stm32f1xx_hal_msp.c **** 
  38:Core/Src/stm32f1xx_hal_msp.c **** /* Private macro -------------------------------------------------------------*/
  39:Core/Src/stm32f1xx_hal_msp.c **** /* USER CODE BEGIN Macro */
  40:Core/Src/stm32f1xx_hal_msp.c **** 
  41:Core/Src/stm32f1xx_hal_msp.c **** /* USER CODE END Macro */
  42:Core/Src/stm32f1xx_hal_msp.c **** 
  43:Core/Src/stm32f1xx_hal_msp.c **** /* Private variables ---------------------------------------------------------*/
  44:Core/Src/stm32f1xx_hal_msp.c **** /* USER CODE BEGIN PV */
  45:Core/Src/stm32f1xx_hal_msp.c **** 
  46:Core/Src/stm32f1xx_hal_msp.c **** /* USER CODE END PV */
  47:Core/Src/stm32f1xx_hal_msp.c **** 
  48:Core/Src/stm32f1xx_hal_msp.c **** /* Private function prototypes -----------------------------------------------*/
  49:Core/Src/stm32f1xx_hal_msp.c **** /* USER CODE BEGIN PFP */
  50:Core/Src/stm32f1xx_hal_msp.c **** 
  51:Core/Src/stm32f1xx_hal_msp.c **** /* USER CODE END PFP */
  52:Core/Src/stm32f1xx_hal_msp.c **** 
  53:Core/Src/stm32f1xx_hal_msp.c **** /* External functions --------------------------------------------------------*/
  54:Core/Src/stm32f1xx_hal_msp.c **** /* USER CODE BEGIN ExternalFunctions */
  55:Core/Src/stm32f1xx_hal_msp.c **** 
  56:Core/Src/stm32f1xx_hal_msp.c **** /* USER CODE END ExternalFunctions */
  57:Core/Src/stm32f1xx_hal_msp.c **** 
  58:Core/Src/stm32f1xx_hal_msp.c **** /* USER CODE BEGIN 0 */
  59:Core/Src/stm32f1xx_hal_msp.c **** 
  60:Core/Src/stm32f1xx_hal_msp.c **** /* USER CODE END 0 */
  61:Core/Src/stm32f1xx_hal_msp.c **** /**
  62:Core/Src/stm32f1xx_hal_msp.c ****   * Initializes the Global MSP.
  63:Core/Src/stm32f1xx_hal_msp.c ****   */
  64:Core/Src/stm32f1xx_hal_msp.c **** void HAL_MspInit(void)
  65:Core/Src/stm32f1xx_hal_msp.c **** {
  28              		.loc 1 65 0
  29              		.cfi_startproc
  30              		@ args = 0, pretend = 0, frame = 8
  31              		@ frame_needed = 0, uses_anonymous_args = 0
  32              		@ link register save eliminated.
  33 0000 82B0     		sub	sp, sp, #8
  34              	.LCFI0:
  35              		.cfi_def_cfa_offset 8
  36              	.LBB2:
  66:Core/Src/stm32f1xx_hal_msp.c ****   /* USER CODE BEGIN MspInit 0 */
  67:Core/Src/stm32f1xx_hal_msp.c **** 
  68:Core/Src/stm32f1xx_hal_msp.c ****   /* USER CODE END MspInit 0 */
  69:Core/Src/stm32f1xx_hal_msp.c **** 
  70:Core/Src/stm32f1xx_hal_msp.c ****   __HAL_RCC_AFIO_CLK_ENABLE();
  37              		.loc 1 70 0
  38 0002 0E4B     		ldr	r3, .L3
  39 0004 9A69     		ldr	r2, [r3, #24]
  40 0006 42F00102 		orr	r2, r2, #1
  41 000a 9A61     		str	r2, [r3, #24]
  42 000c 9A69     		ldr	r2, [r3, #24]
  43 000e 02F00102 		and	r2, r2, #1
  44 0012 0092     		str	r2, [sp]
  45 0014 009A     		ldr	r2, [sp]
ARM GAS  C:\Users\大毛\AppData\Local\Temp\cc0PHIvA.s 			page 3


  46              	.LBE2:
  47              	.LBB3:
  71:Core/Src/stm32f1xx_hal_msp.c ****   __HAL_RCC_PWR_CLK_ENABLE();
  48              		.loc 1 71 0
  49 0016 DA69     		ldr	r2, [r3, #28]
  50 0018 42F08052 		orr	r2, r2, #268435456
  51 001c DA61     		str	r2, [r3, #28]
  52 001e DB69     		ldr	r3, [r3, #28]
  53 0020 03F08053 		and	r3, r3, #268435456
  54 0024 0193     		str	r3, [sp, #4]
  55 0026 019B     		ldr	r3, [sp, #4]
  56              	.LBE3:
  57              	.LBB4:
  72:Core/Src/stm32f1xx_hal_msp.c **** 
  73:Core/Src/stm32f1xx_hal_msp.c ****   /* System interrupt init*/
  74:Core/Src/stm32f1xx_hal_msp.c **** 
  75:Core/Src/stm32f1xx_hal_msp.c ****   /** NOJTAG: JTAG-DP Disabled and SW-DP Enabled
  76:Core/Src/stm32f1xx_hal_msp.c ****   */
  77:Core/Src/stm32f1xx_hal_msp.c ****   __HAL_AFIO_REMAP_SWJ_NOJTAG();
  58              		.loc 1 77 0
  59 0028 054A     		ldr	r2, .L3+4
  60 002a 5368     		ldr	r3, [r2, #4]
  61              	.LVL0:
  62 002c 23F0E063 		bic	r3, r3, #117440512
  63              	.LVL1:
  64 0030 43F00073 		orr	r3, r3, #33554432
  65              	.LVL2:
  66 0034 5360     		str	r3, [r2, #4]
  67              	.LBE4:
  78:Core/Src/stm32f1xx_hal_msp.c **** 
  79:Core/Src/stm32f1xx_hal_msp.c ****   /* USER CODE BEGIN MspInit 1 */
  80:Core/Src/stm32f1xx_hal_msp.c **** 
  81:Core/Src/stm32f1xx_hal_msp.c ****   /* USER CODE END MspInit 1 */
  82:Core/Src/stm32f1xx_hal_msp.c **** }
  68              		.loc 1 82 0
  69 0036 02B0     		add	sp, sp, #8
  70              	.LCFI1:
  71              		.cfi_def_cfa_offset 0
  72              		@ sp needed
  73 0038 7047     		bx	lr
  74              	.L4:
  75 003a 00BF     		.align	2
  76              	.L3:
  77 003c 00100240 		.word	1073876992
  78 0040 00000140 		.word	1073807360
  79              		.cfi_endproc
  80              	.LFE65:
  82              		.text
  83              	.Letext0:
  84              		.file 2 "d:\\gnu tools for arm embedded processors\\5.4 2016q3\\arm-none-eabi\\include\\machine\\_
  85              		.file 3 "d:\\gnu tools for arm embedded processors\\5.4 2016q3\\arm-none-eabi\\include\\sys\\_stdi
  86              		.file 4 "Drivers/CMSIS/Device/ST/STM32F1xx/Include/stm32f103xb.h"
  87              		.file 5 "Drivers/CMSIS/Include/core_cm3.h"
ARM GAS  C:\Users\大毛\AppData\Local\Temp\cc0PHIvA.s 			page 4


DEFINED SYMBOLS
                            *ABS*:00000000 stm32f1xx_hal_msp.c
C:\Users\大毛\AppData\Local\Temp\cc0PHIvA.s:20     .text.HAL_MspInit:00000000 $t
C:\Users\大毛\AppData\Local\Temp\cc0PHIvA.s:25     .text.HAL_MspInit:00000000 HAL_MspInit
C:\Users\大毛\AppData\Local\Temp\cc0PHIvA.s:77     .text.HAL_MspInit:0000003c $d
                     .debug_frame:00000010 $d

NO UNDEFINED SYMBOLS
