ARM GAS  C:\Users\大毛\AppData\Local\Temp\ccqbnLVA.s 			page 1


   1              		.syntax unified
   2              		.cpu cortex-m3
   3              		.fpu softvfp
   4              		.eabi_attribute 20, 1
   5              		.eabi_attribute 21, 1
   6              		.eabi_attribute 23, 3
   7              		.eabi_attribute 24, 1
   8              		.eabi_attribute 25, 1
   9              		.eabi_attribute 26, 1
  10              		.eabi_attribute 30, 1
  11              		.eabi_attribute 34, 1
  12              		.eabi_attribute 18, 4
  13              		.thumb
  14              		.syntax unified
  15              		.file	"stm32f1xx_it.c"
  16              		.text
  17              	.Ltext0:
  18              		.cfi_sections	.debug_frame
  19              		.section	.text.NMI_Handler,"ax",%progbits
  20              		.align	2
  21              		.global	NMI_Handler
  22              		.thumb
  23              		.thumb_func
  25              	NMI_Handler:
  26              	.LFB65:
  27              		.file 1 "Core/Src/stm32f1xx_it.c"
   1:Core/Src/stm32f1xx_it.c **** /* USER CODE BEGIN Header */
   2:Core/Src/stm32f1xx_it.c **** /**
   3:Core/Src/stm32f1xx_it.c ****   ******************************************************************************
   4:Core/Src/stm32f1xx_it.c ****   * @file    stm32f1xx_it.c
   5:Core/Src/stm32f1xx_it.c ****   * @brief   Interrupt Service Routines.
   6:Core/Src/stm32f1xx_it.c ****   ******************************************************************************
   7:Core/Src/stm32f1xx_it.c ****   * @attention
   8:Core/Src/stm32f1xx_it.c ****   *
   9:Core/Src/stm32f1xx_it.c ****   * Copyright (c) 2024 STMicroelectronics.
  10:Core/Src/stm32f1xx_it.c ****   * All rights reserved.
  11:Core/Src/stm32f1xx_it.c ****   *
  12:Core/Src/stm32f1xx_it.c ****   * This software is licensed under terms that can be found in the LICENSE file
  13:Core/Src/stm32f1xx_it.c ****   * in the root directory of this software component.
  14:Core/Src/stm32f1xx_it.c ****   * If no LICENSE file comes with this software, it is provided AS-IS.
  15:Core/Src/stm32f1xx_it.c ****   *
  16:Core/Src/stm32f1xx_it.c ****   ******************************************************************************
  17:Core/Src/stm32f1xx_it.c ****   */
  18:Core/Src/stm32f1xx_it.c **** /* USER CODE END Header */
  19:Core/Src/stm32f1xx_it.c **** 
  20:Core/Src/stm32f1xx_it.c **** /* Includes ------------------------------------------------------------------*/
  21:Core/Src/stm32f1xx_it.c **** #include "main.h"
  22:Core/Src/stm32f1xx_it.c **** #include "stm32f1xx_it.h"
  23:Core/Src/stm32f1xx_it.c **** /* Private includes ----------------------------------------------------------*/
  24:Core/Src/stm32f1xx_it.c **** /* USER CODE BEGIN Includes */
  25:Core/Src/stm32f1xx_it.c **** /* USER CODE END Includes */
  26:Core/Src/stm32f1xx_it.c **** 
  27:Core/Src/stm32f1xx_it.c **** /* Private typedef -----------------------------------------------------------*/
  28:Core/Src/stm32f1xx_it.c **** /* USER CODE BEGIN TD */
  29:Core/Src/stm32f1xx_it.c **** 
  30:Core/Src/stm32f1xx_it.c **** /* USER CODE END TD */
  31:Core/Src/stm32f1xx_it.c **** 
ARM GAS  C:\Users\大毛\AppData\Local\Temp\ccqbnLVA.s 			page 2


  32:Core/Src/stm32f1xx_it.c **** /* Private define ------------------------------------------------------------*/
  33:Core/Src/stm32f1xx_it.c **** /* USER CODE BEGIN PD */
  34:Core/Src/stm32f1xx_it.c **** 
  35:Core/Src/stm32f1xx_it.c **** /* USER CODE END PD */
  36:Core/Src/stm32f1xx_it.c **** 
  37:Core/Src/stm32f1xx_it.c **** /* Private macro -------------------------------------------------------------*/
  38:Core/Src/stm32f1xx_it.c **** /* USER CODE BEGIN PM */
  39:Core/Src/stm32f1xx_it.c **** 
  40:Core/Src/stm32f1xx_it.c **** /* USER CODE END PM */
  41:Core/Src/stm32f1xx_it.c **** 
  42:Core/Src/stm32f1xx_it.c **** /* Private variables ---------------------------------------------------------*/
  43:Core/Src/stm32f1xx_it.c **** /* USER CODE BEGIN PV */
  44:Core/Src/stm32f1xx_it.c **** 
  45:Core/Src/stm32f1xx_it.c **** /* USER CODE END PV */
  46:Core/Src/stm32f1xx_it.c **** 
  47:Core/Src/stm32f1xx_it.c **** /* Private function prototypes -----------------------------------------------*/
  48:Core/Src/stm32f1xx_it.c **** /* USER CODE BEGIN PFP */
  49:Core/Src/stm32f1xx_it.c **** 
  50:Core/Src/stm32f1xx_it.c **** /* USER CODE END PFP */
  51:Core/Src/stm32f1xx_it.c **** 
  52:Core/Src/stm32f1xx_it.c **** /* Private user code ---------------------------------------------------------*/
  53:Core/Src/stm32f1xx_it.c **** /* USER CODE BEGIN 0 */
  54:Core/Src/stm32f1xx_it.c **** 
  55:Core/Src/stm32f1xx_it.c **** /* USER CODE END 0 */
  56:Core/Src/stm32f1xx_it.c **** 
  57:Core/Src/stm32f1xx_it.c **** /* External variables --------------------------------------------------------*/
  58:Core/Src/stm32f1xx_it.c **** extern UART_HandleTypeDef huart1;
  59:Core/Src/stm32f1xx_it.c **** /* USER CODE BEGIN EV */
  60:Core/Src/stm32f1xx_it.c **** 
  61:Core/Src/stm32f1xx_it.c **** /* USER CODE END EV */
  62:Core/Src/stm32f1xx_it.c **** 
  63:Core/Src/stm32f1xx_it.c **** /******************************************************************************/
  64:Core/Src/stm32f1xx_it.c **** /*           Cortex-M3 Processor Interruption and Exception Handlers          */
  65:Core/Src/stm32f1xx_it.c **** /******************************************************************************/
  66:Core/Src/stm32f1xx_it.c **** /**
  67:Core/Src/stm32f1xx_it.c ****   * @brief This function handles Non maskable interrupt.
  68:Core/Src/stm32f1xx_it.c ****   */
  69:Core/Src/stm32f1xx_it.c **** void NMI_Handler(void)
  70:Core/Src/stm32f1xx_it.c **** {
  28              		.loc 1 70 0
  29              		.cfi_startproc
  30              		@ Volatile: function does not return.
  31              		@ args = 0, pretend = 0, frame = 0
  32              		@ frame_needed = 0, uses_anonymous_args = 0
  33              		@ link register save eliminated.
  34              	.L2:
  35 0000 FEE7     		b	.L2
  36              		.cfi_endproc
  37              	.LFE65:
  39 0002 00BF     		.section	.text.HardFault_Handler,"ax",%progbits
  40              		.align	2
  41              		.global	HardFault_Handler
  42              		.thumb
  43              		.thumb_func
  45              	HardFault_Handler:
  46              	.LFB66:
  71:Core/Src/stm32f1xx_it.c ****   /* USER CODE BEGIN NonMaskableInt_IRQn 0 */
ARM GAS  C:\Users\大毛\AppData\Local\Temp\ccqbnLVA.s 			page 3


  72:Core/Src/stm32f1xx_it.c **** 
  73:Core/Src/stm32f1xx_it.c ****   /* USER CODE END NonMaskableInt_IRQn 0 */
  74:Core/Src/stm32f1xx_it.c ****   /* USER CODE BEGIN NonMaskableInt_IRQn 1 */
  75:Core/Src/stm32f1xx_it.c ****    while (1)
  76:Core/Src/stm32f1xx_it.c ****   {
  77:Core/Src/stm32f1xx_it.c ****   }
  78:Core/Src/stm32f1xx_it.c ****   /* USER CODE END NonMaskableInt_IRQn 1 */
  79:Core/Src/stm32f1xx_it.c **** }
  80:Core/Src/stm32f1xx_it.c **** 
  81:Core/Src/stm32f1xx_it.c **** /**
  82:Core/Src/stm32f1xx_it.c ****   * @brief This function handles Hard fault interrupt.
  83:Core/Src/stm32f1xx_it.c ****   */
  84:Core/Src/stm32f1xx_it.c **** void HardFault_Handler(void)
  85:Core/Src/stm32f1xx_it.c **** {
  47              		.loc 1 85 0
  48              		.cfi_startproc
  49              		@ Volatile: function does not return.
  50              		@ args = 0, pretend = 0, frame = 0
  51              		@ frame_needed = 0, uses_anonymous_args = 0
  52              		@ link register save eliminated.
  53              	.L4:
  54 0000 FEE7     		b	.L4
  55              		.cfi_endproc
  56              	.LFE66:
  58 0002 00BF     		.section	.text.MemManage_Handler,"ax",%progbits
  59              		.align	2
  60              		.global	MemManage_Handler
  61              		.thumb
  62              		.thumb_func
  64              	MemManage_Handler:
  65              	.LFB67:
  86:Core/Src/stm32f1xx_it.c ****   /* USER CODE BEGIN HardFault_IRQn 0 */
  87:Core/Src/stm32f1xx_it.c **** 
  88:Core/Src/stm32f1xx_it.c ****   /* USER CODE END HardFault_IRQn 0 */
  89:Core/Src/stm32f1xx_it.c ****   while (1)
  90:Core/Src/stm32f1xx_it.c ****   {
  91:Core/Src/stm32f1xx_it.c ****     /* USER CODE BEGIN W1_HardFault_IRQn 0 */
  92:Core/Src/stm32f1xx_it.c ****     /* USER CODE END W1_HardFault_IRQn 0 */
  93:Core/Src/stm32f1xx_it.c ****   }
  94:Core/Src/stm32f1xx_it.c **** }
  95:Core/Src/stm32f1xx_it.c **** 
  96:Core/Src/stm32f1xx_it.c **** /**
  97:Core/Src/stm32f1xx_it.c ****   * @brief This function handles Memory management fault.
  98:Core/Src/stm32f1xx_it.c ****   */
  99:Core/Src/stm32f1xx_it.c **** void MemManage_Handler(void)
 100:Core/Src/stm32f1xx_it.c **** {
  66              		.loc 1 100 0
  67              		.cfi_startproc
  68              		@ Volatile: function does not return.
  69              		@ args = 0, pretend = 0, frame = 0
  70              		@ frame_needed = 0, uses_anonymous_args = 0
  71              		@ link register save eliminated.
  72              	.L6:
  73 0000 FEE7     		b	.L6
  74              		.cfi_endproc
  75              	.LFE67:
  77 0002 00BF     		.section	.text.BusFault_Handler,"ax",%progbits
ARM GAS  C:\Users\大毛\AppData\Local\Temp\ccqbnLVA.s 			page 4


  78              		.align	2
  79              		.global	BusFault_Handler
  80              		.thumb
  81              		.thumb_func
  83              	BusFault_Handler:
  84              	.LFB68:
 101:Core/Src/stm32f1xx_it.c ****   /* USER CODE BEGIN MemoryManagement_IRQn 0 */
 102:Core/Src/stm32f1xx_it.c **** 
 103:Core/Src/stm32f1xx_it.c ****   /* USER CODE END MemoryManagement_IRQn 0 */
 104:Core/Src/stm32f1xx_it.c ****   while (1)
 105:Core/Src/stm32f1xx_it.c ****   {
 106:Core/Src/stm32f1xx_it.c ****     /* USER CODE BEGIN W1_MemoryManagement_IRQn 0 */
 107:Core/Src/stm32f1xx_it.c ****     /* USER CODE END W1_MemoryManagement_IRQn 0 */
 108:Core/Src/stm32f1xx_it.c ****   }
 109:Core/Src/stm32f1xx_it.c **** }
 110:Core/Src/stm32f1xx_it.c **** 
 111:Core/Src/stm32f1xx_it.c **** /**
 112:Core/Src/stm32f1xx_it.c ****   * @brief This function handles Prefetch fault, memory access fault.
 113:Core/Src/stm32f1xx_it.c ****   */
 114:Core/Src/stm32f1xx_it.c **** void BusFault_Handler(void)
 115:Core/Src/stm32f1xx_it.c **** {
  85              		.loc 1 115 0
  86              		.cfi_startproc
  87              		@ Volatile: function does not return.
  88              		@ args = 0, pretend = 0, frame = 0
  89              		@ frame_needed = 0, uses_anonymous_args = 0
  90              		@ link register save eliminated.
  91              	.L8:
  92 0000 FEE7     		b	.L8
  93              		.cfi_endproc
  94              	.LFE68:
  96 0002 00BF     		.section	.text.UsageFault_Handler,"ax",%progbits
  97              		.align	2
  98              		.global	UsageFault_Handler
  99              		.thumb
 100              		.thumb_func
 102              	UsageFault_Handler:
 103              	.LFB69:
 116:Core/Src/stm32f1xx_it.c ****   /* USER CODE BEGIN BusFault_IRQn 0 */
 117:Core/Src/stm32f1xx_it.c **** 
 118:Core/Src/stm32f1xx_it.c ****   /* USER CODE END BusFault_IRQn 0 */
 119:Core/Src/stm32f1xx_it.c ****   while (1)
 120:Core/Src/stm32f1xx_it.c ****   {
 121:Core/Src/stm32f1xx_it.c ****     /* USER CODE BEGIN W1_BusFault_IRQn 0 */
 122:Core/Src/stm32f1xx_it.c ****     /* USER CODE END W1_BusFault_IRQn 0 */
 123:Core/Src/stm32f1xx_it.c ****   }
 124:Core/Src/stm32f1xx_it.c **** }
 125:Core/Src/stm32f1xx_it.c **** 
 126:Core/Src/stm32f1xx_it.c **** /**
 127:Core/Src/stm32f1xx_it.c ****   * @brief This function handles Undefined instruction or illegal state.
 128:Core/Src/stm32f1xx_it.c ****   */
 129:Core/Src/stm32f1xx_it.c **** void UsageFault_Handler(void)
 130:Core/Src/stm32f1xx_it.c **** {
 104              		.loc 1 130 0
 105              		.cfi_startproc
 106              		@ Volatile: function does not return.
 107              		@ args = 0, pretend = 0, frame = 0
ARM GAS  C:\Users\大毛\AppData\Local\Temp\ccqbnLVA.s 			page 5


 108              		@ frame_needed = 0, uses_anonymous_args = 0
 109              		@ link register save eliminated.
 110              	.L10:
 111 0000 FEE7     		b	.L10
 112              		.cfi_endproc
 113              	.LFE69:
 115 0002 00BF     		.section	.text.SVC_Handler,"ax",%progbits
 116              		.align	2
 117              		.global	SVC_Handler
 118              		.thumb
 119              		.thumb_func
 121              	SVC_Handler:
 122              	.LFB70:
 131:Core/Src/stm32f1xx_it.c ****   /* USER CODE BEGIN UsageFault_IRQn 0 */
 132:Core/Src/stm32f1xx_it.c **** 
 133:Core/Src/stm32f1xx_it.c ****   /* USER CODE END UsageFault_IRQn 0 */
 134:Core/Src/stm32f1xx_it.c ****   while (1)
 135:Core/Src/stm32f1xx_it.c ****   {
 136:Core/Src/stm32f1xx_it.c ****     /* USER CODE BEGIN W1_UsageFault_IRQn 0 */
 137:Core/Src/stm32f1xx_it.c ****     /* USER CODE END W1_UsageFault_IRQn 0 */
 138:Core/Src/stm32f1xx_it.c ****   }
 139:Core/Src/stm32f1xx_it.c **** }
 140:Core/Src/stm32f1xx_it.c **** 
 141:Core/Src/stm32f1xx_it.c **** /**
 142:Core/Src/stm32f1xx_it.c ****   * @brief This function handles System service call via SWI instruction.
 143:Core/Src/stm32f1xx_it.c ****   */
 144:Core/Src/stm32f1xx_it.c **** void SVC_Handler(void)
 145:Core/Src/stm32f1xx_it.c **** {
 123              		.loc 1 145 0
 124              		.cfi_startproc
 125              		@ args = 0, pretend = 0, frame = 0
 126              		@ frame_needed = 0, uses_anonymous_args = 0
 127              		@ link register save eliminated.
 128 0000 7047     		bx	lr
 129              		.cfi_endproc
 130              	.LFE70:
 132 0002 00BF     		.section	.text.DebugMon_Handler,"ax",%progbits
 133              		.align	2
 134              		.global	DebugMon_Handler
 135              		.thumb
 136              		.thumb_func
 138              	DebugMon_Handler:
 139              	.LFB71:
 146:Core/Src/stm32f1xx_it.c ****   /* USER CODE BEGIN SVCall_IRQn 0 */
 147:Core/Src/stm32f1xx_it.c **** 
 148:Core/Src/stm32f1xx_it.c ****   /* USER CODE END SVCall_IRQn 0 */
 149:Core/Src/stm32f1xx_it.c ****   /* USER CODE BEGIN SVCall_IRQn 1 */
 150:Core/Src/stm32f1xx_it.c **** 
 151:Core/Src/stm32f1xx_it.c ****   /* USER CODE END SVCall_IRQn 1 */
 152:Core/Src/stm32f1xx_it.c **** }
 153:Core/Src/stm32f1xx_it.c **** 
 154:Core/Src/stm32f1xx_it.c **** /**
 155:Core/Src/stm32f1xx_it.c ****   * @brief This function handles Debug monitor.
 156:Core/Src/stm32f1xx_it.c ****   */
 157:Core/Src/stm32f1xx_it.c **** void DebugMon_Handler(void)
 158:Core/Src/stm32f1xx_it.c **** {
 140              		.loc 1 158 0
ARM GAS  C:\Users\大毛\AppData\Local\Temp\ccqbnLVA.s 			page 6


 141              		.cfi_startproc
 142              		@ args = 0, pretend = 0, frame = 0
 143              		@ frame_needed = 0, uses_anonymous_args = 0
 144              		@ link register save eliminated.
 145 0000 7047     		bx	lr
 146              		.cfi_endproc
 147              	.LFE71:
 149 0002 00BF     		.section	.text.PendSV_Handler,"ax",%progbits
 150              		.align	2
 151              		.global	PendSV_Handler
 152              		.thumb
 153              		.thumb_func
 155              	PendSV_Handler:
 156              	.LFB72:
 159:Core/Src/stm32f1xx_it.c ****   /* USER CODE BEGIN DebugMonitor_IRQn 0 */
 160:Core/Src/stm32f1xx_it.c **** 
 161:Core/Src/stm32f1xx_it.c ****   /* USER CODE END DebugMonitor_IRQn 0 */
 162:Core/Src/stm32f1xx_it.c ****   /* USER CODE BEGIN DebugMonitor_IRQn 1 */
 163:Core/Src/stm32f1xx_it.c **** 
 164:Core/Src/stm32f1xx_it.c ****   /* USER CODE END DebugMonitor_IRQn 1 */
 165:Core/Src/stm32f1xx_it.c **** }
 166:Core/Src/stm32f1xx_it.c **** 
 167:Core/Src/stm32f1xx_it.c **** /**
 168:Core/Src/stm32f1xx_it.c ****   * @brief This function handles Pendable request for system service.
 169:Core/Src/stm32f1xx_it.c ****   */
 170:Core/Src/stm32f1xx_it.c **** void PendSV_Handler(void)
 171:Core/Src/stm32f1xx_it.c **** {
 157              		.loc 1 171 0
 158              		.cfi_startproc
 159              		@ args = 0, pretend = 0, frame = 0
 160              		@ frame_needed = 0, uses_anonymous_args = 0
 161              		@ link register save eliminated.
 162 0000 7047     		bx	lr
 163              		.cfi_endproc
 164              	.LFE72:
 166 0002 00BF     		.section	.text.SysTick_Handler,"ax",%progbits
 167              		.align	2
 168              		.global	SysTick_Handler
 169              		.thumb
 170              		.thumb_func
 172              	SysTick_Handler:
 173              	.LFB73:
 172:Core/Src/stm32f1xx_it.c ****   /* USER CODE BEGIN PendSV_IRQn 0 */
 173:Core/Src/stm32f1xx_it.c **** 
 174:Core/Src/stm32f1xx_it.c ****   /* USER CODE END PendSV_IRQn 0 */
 175:Core/Src/stm32f1xx_it.c ****   /* USER CODE BEGIN PendSV_IRQn 1 */
 176:Core/Src/stm32f1xx_it.c **** 
 177:Core/Src/stm32f1xx_it.c ****   /* USER CODE END PendSV_IRQn 1 */
 178:Core/Src/stm32f1xx_it.c **** }
 179:Core/Src/stm32f1xx_it.c **** 
 180:Core/Src/stm32f1xx_it.c **** /**
 181:Core/Src/stm32f1xx_it.c ****   * @brief This function handles System tick timer.
 182:Core/Src/stm32f1xx_it.c ****   */
 183:Core/Src/stm32f1xx_it.c **** void SysTick_Handler(void)
 184:Core/Src/stm32f1xx_it.c **** {
 174              		.loc 1 184 0
 175              		.cfi_startproc
ARM GAS  C:\Users\大毛\AppData\Local\Temp\ccqbnLVA.s 			page 7


 176              		@ args = 0, pretend = 0, frame = 0
 177              		@ frame_needed = 0, uses_anonymous_args = 0
 178              		.loc 1 184 0
 179 0000 08B5     		push	{r3, lr}
 180              	.LCFI0:
 181              		.cfi_def_cfa_offset 8
 182              		.cfi_offset 3, -8
 183              		.cfi_offset 14, -4
 185:Core/Src/stm32f1xx_it.c ****   /* USER CODE BEGIN SysTick_IRQn 0 */
 186:Core/Src/stm32f1xx_it.c **** 
 187:Core/Src/stm32f1xx_it.c ****   /* USER CODE END SysTick_IRQn 0 */
 188:Core/Src/stm32f1xx_it.c ****   HAL_IncTick();
 184              		.loc 1 188 0
 185 0002 FFF7FEFF 		bl	HAL_IncTick
 186              	.LVL0:
 187 0006 08BD     		pop	{r3, pc}
 188              		.cfi_endproc
 189              	.LFE73:
 191              		.section	.text.USART1_IRQHandler,"ax",%progbits
 192              		.align	2
 193              		.global	USART1_IRQHandler
 194              		.thumb
 195              		.thumb_func
 197              	USART1_IRQHandler:
 198              	.LFB74:
 189:Core/Src/stm32f1xx_it.c ****   /* USER CODE BEGIN SysTick_IRQn 1 */
 190:Core/Src/stm32f1xx_it.c **** 
 191:Core/Src/stm32f1xx_it.c ****   /* USER CODE END SysTick_IRQn 1 */
 192:Core/Src/stm32f1xx_it.c **** }
 193:Core/Src/stm32f1xx_it.c **** 
 194:Core/Src/stm32f1xx_it.c **** /******************************************************************************/
 195:Core/Src/stm32f1xx_it.c **** /* STM32F1xx Peripheral Interrupt Handlers                                    */
 196:Core/Src/stm32f1xx_it.c **** /* Add here the Interrupt Handlers for the used peripherals.                  */
 197:Core/Src/stm32f1xx_it.c **** /* For the available peripheral interrupt handler names,                      */
 198:Core/Src/stm32f1xx_it.c **** /* please refer to the startup file (startup_stm32f1xx.s).                    */
 199:Core/Src/stm32f1xx_it.c **** /******************************************************************************/
 200:Core/Src/stm32f1xx_it.c **** 
 201:Core/Src/stm32f1xx_it.c **** /**
 202:Core/Src/stm32f1xx_it.c ****   * @brief This function handles USART1 global interrupt.
 203:Core/Src/stm32f1xx_it.c ****   */
 204:Core/Src/stm32f1xx_it.c **** void USART1_IRQHandler(void)
 205:Core/Src/stm32f1xx_it.c **** {
 199              		.loc 1 205 0
 200              		.cfi_startproc
 201              		@ args = 0, pretend = 0, frame = 0
 202              		@ frame_needed = 0, uses_anonymous_args = 0
 203 0000 08B5     		push	{r3, lr}
 204              	.LCFI1:
 205              		.cfi_def_cfa_offset 8
 206              		.cfi_offset 3, -8
 207              		.cfi_offset 14, -4
 206:Core/Src/stm32f1xx_it.c ****   /* USER CODE BEGIN USART1_IRQn 0 */
 207:Core/Src/stm32f1xx_it.c **** 
 208:Core/Src/stm32f1xx_it.c ****   /* USER CODE END USART1_IRQn 0 */
 209:Core/Src/stm32f1xx_it.c ****   HAL_UART_IRQHandler(&huart1);
 208              		.loc 1 209 0
 209 0002 0248     		ldr	r0, .L18
ARM GAS  C:\Users\大毛\AppData\Local\Temp\ccqbnLVA.s 			page 8


 210 0004 FFF7FEFF 		bl	HAL_UART_IRQHandler
 211              	.LVL1:
 212 0008 08BD     		pop	{r3, pc}
 213              	.L19:
 214 000a 00BF     		.align	2
 215              	.L18:
 216 000c 00000000 		.word	huart1
 217              		.cfi_endproc
 218              	.LFE74:
 220              		.text
 221              	.Letext0:
 222              		.file 2 "d:\\gnu tools for arm embedded processors\\5.4 2016q3\\arm-none-eabi\\include\\machine\\_
 223              		.file 3 "d:\\gnu tools for arm embedded processors\\5.4 2016q3\\arm-none-eabi\\include\\sys\\_stdi
 224              		.file 4 "Drivers/CMSIS/Device/ST/STM32F1xx/Include/stm32f103xb.h"
 225              		.file 5 "Drivers/STM32F1xx_HAL_Driver/Inc/stm32f1xx_hal_def.h"
 226              		.file 6 "Drivers/STM32F1xx_HAL_Driver/Inc/stm32f1xx_hal_dma.h"
 227              		.file 7 "Drivers/STM32F1xx_HAL_Driver/Inc/stm32f1xx_hal_uart.h"
 228              		.file 8 "Drivers/CMSIS/Include/core_cm3.h"
 229              		.file 9 "Drivers/STM32F1xx_HAL_Driver/Inc/stm32f1xx_hal.h"
ARM GAS  C:\Users\大毛\AppData\Local\Temp\ccqbnLVA.s 			page 9


DEFINED SYMBOLS
                            *ABS*:00000000 stm32f1xx_it.c
C:\Users\大毛\AppData\Local\Temp\ccqbnLVA.s:20     .text.NMI_Handler:00000000 $t
C:\Users\大毛\AppData\Local\Temp\ccqbnLVA.s:25     .text.NMI_Handler:00000000 NMI_Handler
C:\Users\大毛\AppData\Local\Temp\ccqbnLVA.s:40     .text.HardFault_Handler:00000000 $t
C:\Users\大毛\AppData\Local\Temp\ccqbnLVA.s:45     .text.HardFault_Handler:00000000 HardFault_Handler
C:\Users\大毛\AppData\Local\Temp\ccqbnLVA.s:59     .text.MemManage_Handler:00000000 $t
C:\Users\大毛\AppData\Local\Temp\ccqbnLVA.s:64     .text.MemManage_Handler:00000000 MemManage_Handler
C:\Users\大毛\AppData\Local\Temp\ccqbnLVA.s:78     .text.BusFault_Handler:00000000 $t
C:\Users\大毛\AppData\Local\Temp\ccqbnLVA.s:83     .text.BusFault_Handler:00000000 BusFault_Handler
C:\Users\大毛\AppData\Local\Temp\ccqbnLVA.s:97     .text.UsageFault_Handler:00000000 $t
C:\Users\大毛\AppData\Local\Temp\ccqbnLVA.s:102    .text.UsageFault_Handler:00000000 UsageFault_Handler
C:\Users\大毛\AppData\Local\Temp\ccqbnLVA.s:116    .text.SVC_Handler:00000000 $t
C:\Users\大毛\AppData\Local\Temp\ccqbnLVA.s:121    .text.SVC_Handler:00000000 SVC_Handler
C:\Users\大毛\AppData\Local\Temp\ccqbnLVA.s:133    .text.DebugMon_Handler:00000000 $t
C:\Users\大毛\AppData\Local\Temp\ccqbnLVA.s:138    .text.DebugMon_Handler:00000000 DebugMon_Handler
C:\Users\大毛\AppData\Local\Temp\ccqbnLVA.s:150    .text.PendSV_Handler:00000000 $t
C:\Users\大毛\AppData\Local\Temp\ccqbnLVA.s:155    .text.PendSV_Handler:00000000 PendSV_Handler
C:\Users\大毛\AppData\Local\Temp\ccqbnLVA.s:167    .text.SysTick_Handler:00000000 $t
C:\Users\大毛\AppData\Local\Temp\ccqbnLVA.s:172    .text.SysTick_Handler:00000000 SysTick_Handler
C:\Users\大毛\AppData\Local\Temp\ccqbnLVA.s:192    .text.USART1_IRQHandler:00000000 $t
C:\Users\大毛\AppData\Local\Temp\ccqbnLVA.s:197    .text.USART1_IRQHandler:00000000 USART1_IRQHandler
C:\Users\大毛\AppData\Local\Temp\ccqbnLVA.s:216    .text.USART1_IRQHandler:0000000c $d
                     .debug_frame:00000010 $d

UNDEFINED SYMBOLS
HAL_IncTick
HAL_UART_IRQHandler
huart1
