ARM GAS  C:\Users\大毛\AppData\Local\Temp\cc6MYlGD.s 			page 1


   1              		.syntax unified
   2              		.cpu cortex-m3
   3              		.fpu softvfp
   4              		.eabi_attribute 20, 1
   5              		.eabi_attribute 21, 1
   6              		.eabi_attribute 23, 3
   7              		.eabi_attribute 24, 1
   8              		.eabi_attribute 25, 1
   9              		.eabi_attribute 26, 1
  10              		.eabi_attribute 30, 1
  11              		.eabi_attribute 34, 1
  12              		.eabi_attribute 18, 4
  13              		.thumb
  14              		.syntax unified
  15              		.file	"stm32f1xx_hal_gpio_ex.c"
  16              		.text
  17              	.Ltext0:
  18              		.cfi_sections	.debug_frame
  19              		.section	.text.HAL_GPIOEx_ConfigEventout,"ax",%progbits
  20              		.align	2
  21              		.global	HAL_GPIOEx_ConfigEventout
  22              		.thumb
  23              		.thumb_func
  25              	HAL_GPIOEx_ConfigEventout:
  26              	.LFB65:
  27              		.file 1 "Drivers/STM32F1xx_HAL_Driver/Src/stm32f1xx_hal_gpio_ex.c"
   1:Drivers/STM32F1xx_HAL_Driver/Src/stm32f1xx_hal_gpio_ex.c **** /**
   2:Drivers/STM32F1xx_HAL_Driver/Src/stm32f1xx_hal_gpio_ex.c ****   ******************************************************************************
   3:Drivers/STM32F1xx_HAL_Driver/Src/stm32f1xx_hal_gpio_ex.c ****   * @file    stm32f1xx_hal_gpio_ex.c
   4:Drivers/STM32F1xx_HAL_Driver/Src/stm32f1xx_hal_gpio_ex.c ****   * @author  MCD Application Team
   5:Drivers/STM32F1xx_HAL_Driver/Src/stm32f1xx_hal_gpio_ex.c ****   * @brief   GPIO Extension HAL module driver.
   6:Drivers/STM32F1xx_HAL_Driver/Src/stm32f1xx_hal_gpio_ex.c ****   *         This file provides firmware functions to manage the following
   7:Drivers/STM32F1xx_HAL_Driver/Src/stm32f1xx_hal_gpio_ex.c ****   *          functionalities of the General Purpose Input/Output (GPIO) extension peripheral.
   8:Drivers/STM32F1xx_HAL_Driver/Src/stm32f1xx_hal_gpio_ex.c ****   *           + Extended features functions
   9:Drivers/STM32F1xx_HAL_Driver/Src/stm32f1xx_hal_gpio_ex.c ****   *
  10:Drivers/STM32F1xx_HAL_Driver/Src/stm32f1xx_hal_gpio_ex.c ****   ******************************************************************************
  11:Drivers/STM32F1xx_HAL_Driver/Src/stm32f1xx_hal_gpio_ex.c ****   * @attention
  12:Drivers/STM32F1xx_HAL_Driver/Src/stm32f1xx_hal_gpio_ex.c ****   *
  13:Drivers/STM32F1xx_HAL_Driver/Src/stm32f1xx_hal_gpio_ex.c ****   * Copyright (c) 2016 STMicroelectronics.
  14:Drivers/STM32F1xx_HAL_Driver/Src/stm32f1xx_hal_gpio_ex.c ****   * All rights reserved.
  15:Drivers/STM32F1xx_HAL_Driver/Src/stm32f1xx_hal_gpio_ex.c ****   *
  16:Drivers/STM32F1xx_HAL_Driver/Src/stm32f1xx_hal_gpio_ex.c ****   * This software is licensed under terms that can be found in the LICENSE file
  17:Drivers/STM32F1xx_HAL_Driver/Src/stm32f1xx_hal_gpio_ex.c ****   * in the root directory of this software component.
  18:Drivers/STM32F1xx_HAL_Driver/Src/stm32f1xx_hal_gpio_ex.c ****   * If no LICENSE file comes with this software, it is provided AS-IS.
  19:Drivers/STM32F1xx_HAL_Driver/Src/stm32f1xx_hal_gpio_ex.c ****   *
  20:Drivers/STM32F1xx_HAL_Driver/Src/stm32f1xx_hal_gpio_ex.c ****   ******************************************************************************
  21:Drivers/STM32F1xx_HAL_Driver/Src/stm32f1xx_hal_gpio_ex.c ****   @verbatim
  22:Drivers/STM32F1xx_HAL_Driver/Src/stm32f1xx_hal_gpio_ex.c ****   ==============================================================================
  23:Drivers/STM32F1xx_HAL_Driver/Src/stm32f1xx_hal_gpio_ex.c ****                     ##### GPIO Peripheral extension features #####
  24:Drivers/STM32F1xx_HAL_Driver/Src/stm32f1xx_hal_gpio_ex.c ****   ==============================================================================
  25:Drivers/STM32F1xx_HAL_Driver/Src/stm32f1xx_hal_gpio_ex.c ****   [..] GPIO module on STM32F1 family, manage also the AFIO register:
  26:Drivers/STM32F1xx_HAL_Driver/Src/stm32f1xx_hal_gpio_ex.c ****        (+) Possibility to use the EVENTOUT Cortex feature
  27:Drivers/STM32F1xx_HAL_Driver/Src/stm32f1xx_hal_gpio_ex.c **** 
  28:Drivers/STM32F1xx_HAL_Driver/Src/stm32f1xx_hal_gpio_ex.c ****                      ##### How to use this driver #####
  29:Drivers/STM32F1xx_HAL_Driver/Src/stm32f1xx_hal_gpio_ex.c ****   ==============================================================================
  30:Drivers/STM32F1xx_HAL_Driver/Src/stm32f1xx_hal_gpio_ex.c ****   [..] This driver provides functions to use EVENTOUT Cortex feature
  31:Drivers/STM32F1xx_HAL_Driver/Src/stm32f1xx_hal_gpio_ex.c ****     (#) Configure EVENTOUT Cortex feature using the function HAL_GPIOEx_ConfigEventout()
ARM GAS  C:\Users\大毛\AppData\Local\Temp\cc6MYlGD.s 			page 2


  32:Drivers/STM32F1xx_HAL_Driver/Src/stm32f1xx_hal_gpio_ex.c ****     (#) Activate EVENTOUT Cortex feature using the HAL_GPIOEx_EnableEventout()
  33:Drivers/STM32F1xx_HAL_Driver/Src/stm32f1xx_hal_gpio_ex.c ****     (#) Deactivate EVENTOUT Cortex feature using the HAL_GPIOEx_DisableEventout()
  34:Drivers/STM32F1xx_HAL_Driver/Src/stm32f1xx_hal_gpio_ex.c **** 
  35:Drivers/STM32F1xx_HAL_Driver/Src/stm32f1xx_hal_gpio_ex.c ****   @endverbatim
  36:Drivers/STM32F1xx_HAL_Driver/Src/stm32f1xx_hal_gpio_ex.c ****   ******************************************************************************
  37:Drivers/STM32F1xx_HAL_Driver/Src/stm32f1xx_hal_gpio_ex.c ****   */
  38:Drivers/STM32F1xx_HAL_Driver/Src/stm32f1xx_hal_gpio_ex.c **** 
  39:Drivers/STM32F1xx_HAL_Driver/Src/stm32f1xx_hal_gpio_ex.c **** /* Includes ------------------------------------------------------------------*/
  40:Drivers/STM32F1xx_HAL_Driver/Src/stm32f1xx_hal_gpio_ex.c **** #include "stm32f1xx_hal.h"
  41:Drivers/STM32F1xx_HAL_Driver/Src/stm32f1xx_hal_gpio_ex.c **** 
  42:Drivers/STM32F1xx_HAL_Driver/Src/stm32f1xx_hal_gpio_ex.c **** /** @addtogroup STM32F1xx_HAL_Driver
  43:Drivers/STM32F1xx_HAL_Driver/Src/stm32f1xx_hal_gpio_ex.c ****   * @{
  44:Drivers/STM32F1xx_HAL_Driver/Src/stm32f1xx_hal_gpio_ex.c ****   */
  45:Drivers/STM32F1xx_HAL_Driver/Src/stm32f1xx_hal_gpio_ex.c **** 
  46:Drivers/STM32F1xx_HAL_Driver/Src/stm32f1xx_hal_gpio_ex.c **** /** @defgroup GPIOEx GPIOEx
  47:Drivers/STM32F1xx_HAL_Driver/Src/stm32f1xx_hal_gpio_ex.c ****   * @brief GPIO HAL module driver
  48:Drivers/STM32F1xx_HAL_Driver/Src/stm32f1xx_hal_gpio_ex.c ****   * @{
  49:Drivers/STM32F1xx_HAL_Driver/Src/stm32f1xx_hal_gpio_ex.c ****   */
  50:Drivers/STM32F1xx_HAL_Driver/Src/stm32f1xx_hal_gpio_ex.c **** 
  51:Drivers/STM32F1xx_HAL_Driver/Src/stm32f1xx_hal_gpio_ex.c **** #ifdef HAL_GPIO_MODULE_ENABLED
  52:Drivers/STM32F1xx_HAL_Driver/Src/stm32f1xx_hal_gpio_ex.c **** 
  53:Drivers/STM32F1xx_HAL_Driver/Src/stm32f1xx_hal_gpio_ex.c **** /** @defgroup GPIOEx_Exported_Functions GPIOEx Exported Functions
  54:Drivers/STM32F1xx_HAL_Driver/Src/stm32f1xx_hal_gpio_ex.c ****   * @{
  55:Drivers/STM32F1xx_HAL_Driver/Src/stm32f1xx_hal_gpio_ex.c ****   */
  56:Drivers/STM32F1xx_HAL_Driver/Src/stm32f1xx_hal_gpio_ex.c **** 
  57:Drivers/STM32F1xx_HAL_Driver/Src/stm32f1xx_hal_gpio_ex.c **** /** @defgroup GPIOEx_Exported_Functions_Group1 Extended features functions
  58:Drivers/STM32F1xx_HAL_Driver/Src/stm32f1xx_hal_gpio_ex.c ****  *  @brief    Extended features functions
  59:Drivers/STM32F1xx_HAL_Driver/Src/stm32f1xx_hal_gpio_ex.c ****  *
  60:Drivers/STM32F1xx_HAL_Driver/Src/stm32f1xx_hal_gpio_ex.c **** @verbatim
  61:Drivers/STM32F1xx_HAL_Driver/Src/stm32f1xx_hal_gpio_ex.c ****   ==============================================================================
  62:Drivers/STM32F1xx_HAL_Driver/Src/stm32f1xx_hal_gpio_ex.c ****                  ##### Extended features functions #####
  63:Drivers/STM32F1xx_HAL_Driver/Src/stm32f1xx_hal_gpio_ex.c ****   ==============================================================================
  64:Drivers/STM32F1xx_HAL_Driver/Src/stm32f1xx_hal_gpio_ex.c ****     [..]  This section provides functions allowing to:
  65:Drivers/STM32F1xx_HAL_Driver/Src/stm32f1xx_hal_gpio_ex.c ****     (+) Configure EVENTOUT Cortex feature using the function HAL_GPIOEx_ConfigEventout()
  66:Drivers/STM32F1xx_HAL_Driver/Src/stm32f1xx_hal_gpio_ex.c ****     (+) Activate EVENTOUT Cortex feature using the HAL_GPIOEx_EnableEventout()
  67:Drivers/STM32F1xx_HAL_Driver/Src/stm32f1xx_hal_gpio_ex.c ****     (+) Deactivate EVENTOUT Cortex feature using the HAL_GPIOEx_DisableEventout()
  68:Drivers/STM32F1xx_HAL_Driver/Src/stm32f1xx_hal_gpio_ex.c **** 
  69:Drivers/STM32F1xx_HAL_Driver/Src/stm32f1xx_hal_gpio_ex.c **** @endverbatim
  70:Drivers/STM32F1xx_HAL_Driver/Src/stm32f1xx_hal_gpio_ex.c ****   * @{
  71:Drivers/STM32F1xx_HAL_Driver/Src/stm32f1xx_hal_gpio_ex.c ****   */
  72:Drivers/STM32F1xx_HAL_Driver/Src/stm32f1xx_hal_gpio_ex.c **** 
  73:Drivers/STM32F1xx_HAL_Driver/Src/stm32f1xx_hal_gpio_ex.c **** /**
  74:Drivers/STM32F1xx_HAL_Driver/Src/stm32f1xx_hal_gpio_ex.c ****   * @brief  Configures the port and pin on which the EVENTOUT Cortex signal will be connected.
  75:Drivers/STM32F1xx_HAL_Driver/Src/stm32f1xx_hal_gpio_ex.c ****   * @param  GPIO_PortSource Select the port used to output the Cortex EVENTOUT signal.
  76:Drivers/STM32F1xx_HAL_Driver/Src/stm32f1xx_hal_gpio_ex.c ****   *   This parameter can be a value of @ref GPIOEx_EVENTOUT_PORT.
  77:Drivers/STM32F1xx_HAL_Driver/Src/stm32f1xx_hal_gpio_ex.c ****   * @param  GPIO_PinSource Select the pin used to output the Cortex EVENTOUT signal.
  78:Drivers/STM32F1xx_HAL_Driver/Src/stm32f1xx_hal_gpio_ex.c ****   *   This parameter can be a value of @ref GPIOEx_EVENTOUT_PIN.
  79:Drivers/STM32F1xx_HAL_Driver/Src/stm32f1xx_hal_gpio_ex.c ****   * @retval None
  80:Drivers/STM32F1xx_HAL_Driver/Src/stm32f1xx_hal_gpio_ex.c ****   */
  81:Drivers/STM32F1xx_HAL_Driver/Src/stm32f1xx_hal_gpio_ex.c **** void HAL_GPIOEx_ConfigEventout(uint32_t GPIO_PortSource, uint32_t GPIO_PinSource)
  82:Drivers/STM32F1xx_HAL_Driver/Src/stm32f1xx_hal_gpio_ex.c **** {
  28              		.loc 1 82 0
  29              		.cfi_startproc
  30              		@ args = 0, pretend = 0, frame = 0
  31              		@ frame_needed = 0, uses_anonymous_args = 0
  32              		@ link register save eliminated.
  33              	.LVL0:
ARM GAS  C:\Users\大毛\AppData\Local\Temp\cc6MYlGD.s 			page 3


  83:Drivers/STM32F1xx_HAL_Driver/Src/stm32f1xx_hal_gpio_ex.c ****   /* Verify the parameters */
  84:Drivers/STM32F1xx_HAL_Driver/Src/stm32f1xx_hal_gpio_ex.c ****   assert_param(IS_AFIO_EVENTOUT_PORT(GPIO_PortSource));
  85:Drivers/STM32F1xx_HAL_Driver/Src/stm32f1xx_hal_gpio_ex.c ****   assert_param(IS_AFIO_EVENTOUT_PIN(GPIO_PinSource));
  86:Drivers/STM32F1xx_HAL_Driver/Src/stm32f1xx_hal_gpio_ex.c **** 
  87:Drivers/STM32F1xx_HAL_Driver/Src/stm32f1xx_hal_gpio_ex.c ****   /* Apply the new configuration */
  88:Drivers/STM32F1xx_HAL_Driver/Src/stm32f1xx_hal_gpio_ex.c ****   MODIFY_REG(AFIO->EVCR, (AFIO_EVCR_PORT) | (AFIO_EVCR_PIN), (GPIO_PortSource) | (GPIO_PinSource));
  34              		.loc 1 88 0
  35 0000 034A     		ldr	r2, .L2
  36 0002 1368     		ldr	r3, [r2]
  37 0004 23F07F03 		bic	r3, r3, #127
  38 0008 0143     		orrs	r1, r1, r0
  39              	.LVL1:
  40 000a 1943     		orrs	r1, r1, r3
  41 000c 1160     		str	r1, [r2]
  42 000e 7047     		bx	lr
  43              	.L3:
  44              		.align	2
  45              	.L2:
  46 0010 00000140 		.word	1073807360
  47              		.cfi_endproc
  48              	.LFE65:
  50              		.section	.text.HAL_GPIOEx_EnableEventout,"ax",%progbits
  51              		.align	2
  52              		.global	HAL_GPIOEx_EnableEventout
  53              		.thumb
  54              		.thumb_func
  56              	HAL_GPIOEx_EnableEventout:
  57              	.LFB66:
  89:Drivers/STM32F1xx_HAL_Driver/Src/stm32f1xx_hal_gpio_ex.c **** }
  90:Drivers/STM32F1xx_HAL_Driver/Src/stm32f1xx_hal_gpio_ex.c **** 
  91:Drivers/STM32F1xx_HAL_Driver/Src/stm32f1xx_hal_gpio_ex.c **** /**
  92:Drivers/STM32F1xx_HAL_Driver/Src/stm32f1xx_hal_gpio_ex.c ****   * @brief  Enables the Event Output.
  93:Drivers/STM32F1xx_HAL_Driver/Src/stm32f1xx_hal_gpio_ex.c ****   * @retval None
  94:Drivers/STM32F1xx_HAL_Driver/Src/stm32f1xx_hal_gpio_ex.c ****   */
  95:Drivers/STM32F1xx_HAL_Driver/Src/stm32f1xx_hal_gpio_ex.c **** void HAL_GPIOEx_EnableEventout(void)
  96:Drivers/STM32F1xx_HAL_Driver/Src/stm32f1xx_hal_gpio_ex.c **** {
  58              		.loc 1 96 0
  59              		.cfi_startproc
  60              		@ args = 0, pretend = 0, frame = 0
  61              		@ frame_needed = 0, uses_anonymous_args = 0
  62              		@ link register save eliminated.
  97:Drivers/STM32F1xx_HAL_Driver/Src/stm32f1xx_hal_gpio_ex.c ****   SET_BIT(AFIO->EVCR, AFIO_EVCR_EVOE);
  63              		.loc 1 97 0
  64 0000 024A     		ldr	r2, .L5
  65 0002 1368     		ldr	r3, [r2]
  66 0004 43F08003 		orr	r3, r3, #128
  67 0008 1360     		str	r3, [r2]
  68 000a 7047     		bx	lr
  69              	.L6:
  70              		.align	2
  71              	.L5:
  72 000c 00000140 		.word	1073807360
  73              		.cfi_endproc
  74              	.LFE66:
  76              		.section	.text.HAL_GPIOEx_DisableEventout,"ax",%progbits
  77              		.align	2
  78              		.global	HAL_GPIOEx_DisableEventout
ARM GAS  C:\Users\大毛\AppData\Local\Temp\cc6MYlGD.s 			page 4


  79              		.thumb
  80              		.thumb_func
  82              	HAL_GPIOEx_DisableEventout:
  83              	.LFB67:
  98:Drivers/STM32F1xx_HAL_Driver/Src/stm32f1xx_hal_gpio_ex.c **** }
  99:Drivers/STM32F1xx_HAL_Driver/Src/stm32f1xx_hal_gpio_ex.c **** 
 100:Drivers/STM32F1xx_HAL_Driver/Src/stm32f1xx_hal_gpio_ex.c **** /**
 101:Drivers/STM32F1xx_HAL_Driver/Src/stm32f1xx_hal_gpio_ex.c ****   * @brief  Disables the Event Output.
 102:Drivers/STM32F1xx_HAL_Driver/Src/stm32f1xx_hal_gpio_ex.c ****   * @retval None
 103:Drivers/STM32F1xx_HAL_Driver/Src/stm32f1xx_hal_gpio_ex.c ****   */
 104:Drivers/STM32F1xx_HAL_Driver/Src/stm32f1xx_hal_gpio_ex.c **** void HAL_GPIOEx_DisableEventout(void)
 105:Drivers/STM32F1xx_HAL_Driver/Src/stm32f1xx_hal_gpio_ex.c **** {
  84              		.loc 1 105 0
  85              		.cfi_startproc
  86              		@ args = 0, pretend = 0, frame = 0
  87              		@ frame_needed = 0, uses_anonymous_args = 0
  88              		@ link register save eliminated.
 106:Drivers/STM32F1xx_HAL_Driver/Src/stm32f1xx_hal_gpio_ex.c ****   CLEAR_BIT(AFIO->EVCR, AFIO_EVCR_EVOE);
  89              		.loc 1 106 0
  90 0000 024A     		ldr	r2, .L8
  91 0002 1368     		ldr	r3, [r2]
  92 0004 23F08003 		bic	r3, r3, #128
  93 0008 1360     		str	r3, [r2]
  94 000a 7047     		bx	lr
  95              	.L9:
  96              		.align	2
  97              	.L8:
  98 000c 00000140 		.word	1073807360
  99              		.cfi_endproc
 100              	.LFE67:
 102              		.text
 103              	.Letext0:
 104              		.file 2 "d:\\gnu tools for arm embedded processors\\5.4 2016q3\\arm-none-eabi\\include\\machine\\_
 105              		.file 3 "d:\\gnu tools for arm embedded processors\\5.4 2016q3\\arm-none-eabi\\include\\sys\\_stdi
 106              		.file 4 "Drivers/CMSIS/Device/ST/STM32F1xx/Include/stm32f103xb.h"
 107              		.file 5 "Drivers/CMSIS/Include/core_cm3.h"
ARM GAS  C:\Users\大毛\AppData\Local\Temp\cc6MYlGD.s 			page 5


DEFINED SYMBOLS
                            *ABS*:00000000 stm32f1xx_hal_gpio_ex.c
C:\Users\大毛\AppData\Local\Temp\cc6MYlGD.s:20     .text.HAL_GPIOEx_ConfigEventout:00000000 $t
C:\Users\大毛\AppData\Local\Temp\cc6MYlGD.s:25     .text.HAL_GPIOEx_ConfigEventout:00000000 HAL_GPIOEx_ConfigEventout
C:\Users\大毛\AppData\Local\Temp\cc6MYlGD.s:46     .text.HAL_GPIOEx_ConfigEventout:00000010 $d
C:\Users\大毛\AppData\Local\Temp\cc6MYlGD.s:51     .text.HAL_GPIOEx_EnableEventout:00000000 $t
C:\Users\大毛\AppData\Local\Temp\cc6MYlGD.s:56     .text.HAL_GPIOEx_EnableEventout:00000000 HAL_GPIOEx_EnableEventout
C:\Users\大毛\AppData\Local\Temp\cc6MYlGD.s:72     .text.HAL_GPIOEx_EnableEventout:0000000c $d
C:\Users\大毛\AppData\Local\Temp\cc6MYlGD.s:77     .text.HAL_GPIOEx_DisableEventout:00000000 $t
C:\Users\大毛\AppData\Local\Temp\cc6MYlGD.s:82     .text.HAL_GPIOEx_DisableEventout:00000000 HAL_GPIOEx_DisableEventout
C:\Users\大毛\AppData\Local\Temp\cc6MYlGD.s:98     .text.HAL_GPIOEx_DisableEventout:0000000c $d
                     .debug_frame:00000010 $d

NO UNDEFINED SYMBOLS
