ARM GAS  C:\Users\大毛\AppData\Local\Temp\ccITYC6T.s 			page 1


   1              		.syntax unified
   2              		.cpu cortex-m3
   3              		.fpu softvfp
   4              		.eabi_attribute 20, 1
   5              		.eabi_attribute 21, 1
   6              		.eabi_attribute 23, 3
   7              		.eabi_attribute 24, 1
   8              		.eabi_attribute 25, 1
   9              		.eabi_attribute 26, 1
  10              		.eabi_attribute 30, 1
  11              		.eabi_attribute 34, 1
  12              		.eabi_attribute 18, 4
  13              		.thumb
  14              		.syntax unified
  15              		.file	"usart.c"
  16              		.text
  17              	.Ltext0:
  18              		.cfi_sections	.debug_frame
  19              		.section	.text.MX_USART1_UART_Init,"ax",%progbits
  20              		.align	2
  21              		.global	MX_USART1_UART_Init
  22              		.thumb
  23              		.thumb_func
  25              	MX_USART1_UART_Init:
  26              	.LFB65:
  27              		.file 1 "Core/Src/usart.c"
   1:Core/Src/usart.c **** /* USER CODE BEGIN Header */
   2:Core/Src/usart.c **** /**
   3:Core/Src/usart.c ****   ******************************************************************************
   4:Core/Src/usart.c ****   * @file    usart.c
   5:Core/Src/usart.c ****   * @brief   This file provides code for the configuration
   6:Core/Src/usart.c ****   *          of the USART instances.
   7:Core/Src/usart.c ****   ******************************************************************************
   8:Core/Src/usart.c ****   * @attention
   9:Core/Src/usart.c ****   *
  10:Core/Src/usart.c ****   * Copyright (c) 2024 STMicroelectronics.
  11:Core/Src/usart.c ****   * All rights reserved.
  12:Core/Src/usart.c ****   *
  13:Core/Src/usart.c ****   * This software is licensed under terms that can be found in the LICENSE file
  14:Core/Src/usart.c ****   * in the root directory of this software component.
  15:Core/Src/usart.c ****   * If no LICENSE file comes with this software, it is provided AS-IS.
  16:Core/Src/usart.c ****   *
  17:Core/Src/usart.c ****   ******************************************************************************
  18:Core/Src/usart.c ****   */
  19:Core/Src/usart.c **** /* USER CODE END Header */
  20:Core/Src/usart.c **** /* Includes ------------------------------------------------------------------*/
  21:Core/Src/usart.c **** #include "usart.h"
  22:Core/Src/usart.c **** 
  23:Core/Src/usart.c **** /* USER CODE BEGIN 0 */
  24:Core/Src/usart.c **** 
  25:Core/Src/usart.c **** /* USER CODE END 0 */
  26:Core/Src/usart.c **** 
  27:Core/Src/usart.c **** UART_HandleTypeDef huart1;
  28:Core/Src/usart.c **** 
  29:Core/Src/usart.c **** /* USART1 init function */
  30:Core/Src/usart.c **** 
  31:Core/Src/usart.c **** void MX_USART1_UART_Init(void)
ARM GAS  C:\Users\大毛\AppData\Local\Temp\ccITYC6T.s 			page 2


  32:Core/Src/usart.c **** {
  28              		.loc 1 32 0
  29              		.cfi_startproc
  30              		@ args = 0, pretend = 0, frame = 0
  31              		@ frame_needed = 0, uses_anonymous_args = 0
  32 0000 08B5     		push	{r3, lr}
  33              	.LCFI0:
  34              		.cfi_def_cfa_offset 8
  35              		.cfi_offset 3, -8
  36              		.cfi_offset 14, -4
  33:Core/Src/usart.c **** 
  34:Core/Src/usart.c ****   /* USER CODE BEGIN USART1_Init 0 */
  35:Core/Src/usart.c **** 
  36:Core/Src/usart.c ****   /* USER CODE END USART1_Init 0 */
  37:Core/Src/usart.c **** 
  38:Core/Src/usart.c ****   /* USER CODE BEGIN USART1_Init 1 */
  39:Core/Src/usart.c **** 
  40:Core/Src/usart.c ****   /* USER CODE END USART1_Init 1 */
  41:Core/Src/usart.c ****   huart1.Instance = USART1;
  37              		.loc 1 41 0
  38 0002 0A48     		ldr	r0, .L4
  39 0004 0A4B     		ldr	r3, .L4+4
  40 0006 0360     		str	r3, [r0]
  42:Core/Src/usart.c ****   huart1.Init.BaudRate = 115200;
  41              		.loc 1 42 0
  42 0008 4FF4E133 		mov	r3, #115200
  43 000c 4360     		str	r3, [r0, #4]
  43:Core/Src/usart.c ****   huart1.Init.WordLength = UART_WORDLENGTH_8B;
  44              		.loc 1 43 0
  45 000e 0023     		movs	r3, #0
  46 0010 8360     		str	r3, [r0, #8]
  44:Core/Src/usart.c ****   huart1.Init.StopBits = UART_STOPBITS_1;
  47              		.loc 1 44 0
  48 0012 C360     		str	r3, [r0, #12]
  45:Core/Src/usart.c ****   huart1.Init.Parity = UART_PARITY_NONE;
  49              		.loc 1 45 0
  50 0014 0361     		str	r3, [r0, #16]
  46:Core/Src/usart.c ****   huart1.Init.Mode = UART_MODE_TX_RX;
  51              		.loc 1 46 0
  52 0016 0C22     		movs	r2, #12
  53 0018 4261     		str	r2, [r0, #20]
  47:Core/Src/usart.c ****   huart1.Init.HwFlowCtl = UART_HWCONTROL_NONE;
  54              		.loc 1 47 0
  55 001a 8361     		str	r3, [r0, #24]
  48:Core/Src/usart.c ****   huart1.Init.OverSampling = UART_OVERSAMPLING_16;
  56              		.loc 1 48 0
  57 001c C361     		str	r3, [r0, #28]
  49:Core/Src/usart.c ****   if (HAL_UART_Init(&huart1) != HAL_OK)
  58              		.loc 1 49 0
  59 001e FFF7FEFF 		bl	HAL_UART_Init
  60              	.LVL0:
  61 0022 08B1     		cbz	r0, .L1
  50:Core/Src/usart.c ****   {
  51:Core/Src/usart.c ****     Error_Handler();
  62              		.loc 1 51 0
  63 0024 FFF7FEFF 		bl	Error_Handler
  64              	.LVL1:
ARM GAS  C:\Users\大毛\AppData\Local\Temp\ccITYC6T.s 			page 3


  65              	.L1:
  66 0028 08BD     		pop	{r3, pc}
  67              	.L5:
  68 002a 00BF     		.align	2
  69              	.L4:
  70 002c 00000000 		.word	huart1
  71 0030 00380140 		.word	1073821696
  72              		.cfi_endproc
  73              	.LFE65:
  75              		.section	.text.HAL_UART_MspInit,"ax",%progbits
  76              		.align	2
  77              		.global	HAL_UART_MspInit
  78              		.thumb
  79              		.thumb_func
  81              	HAL_UART_MspInit:
  82              	.LFB66:
  52:Core/Src/usart.c ****   }
  53:Core/Src/usart.c ****   /* USER CODE BEGIN USART1_Init 2 */
  54:Core/Src/usart.c **** 
  55:Core/Src/usart.c ****   /* USER CODE END USART1_Init 2 */
  56:Core/Src/usart.c **** 
  57:Core/Src/usart.c **** }
  58:Core/Src/usart.c **** 
  59:Core/Src/usart.c **** void HAL_UART_MspInit(UART_HandleTypeDef* uartHandle)
  60:Core/Src/usart.c **** {
  83              		.loc 1 60 0
  84              		.cfi_startproc
  85              		@ args = 0, pretend = 0, frame = 24
  86              		@ frame_needed = 0, uses_anonymous_args = 0
  87              	.LVL2:
  88 0000 30B5     		push	{r4, r5, lr}
  89              	.LCFI1:
  90              		.cfi_def_cfa_offset 12
  91              		.cfi_offset 4, -12
  92              		.cfi_offset 5, -8
  93              		.cfi_offset 14, -4
  94 0002 87B0     		sub	sp, sp, #28
  95              	.LCFI2:
  96              		.cfi_def_cfa_offset 40
  61:Core/Src/usart.c **** 
  62:Core/Src/usart.c ****   GPIO_InitTypeDef GPIO_InitStruct = {0};
  97              		.loc 1 62 0
  98 0004 0023     		movs	r3, #0
  99 0006 0293     		str	r3, [sp, #8]
 100 0008 0393     		str	r3, [sp, #12]
 101 000a 0493     		str	r3, [sp, #16]
 102 000c 0593     		str	r3, [sp, #20]
  63:Core/Src/usart.c ****   if(uartHandle->Instance==USART1)
 103              		.loc 1 63 0
 104 000e 0268     		ldr	r2, [r0]
 105 0010 1B4B     		ldr	r3, .L9
 106 0012 9A42     		cmp	r2, r3
 107 0014 31D1     		bne	.L6
 108              	.LBB2:
  64:Core/Src/usart.c ****   {
  65:Core/Src/usart.c ****   /* USER CODE BEGIN USART1_MspInit 0 */
  66:Core/Src/usart.c **** 
ARM GAS  C:\Users\大毛\AppData\Local\Temp\ccITYC6T.s 			page 4


  67:Core/Src/usart.c ****   /* USER CODE END USART1_MspInit 0 */
  68:Core/Src/usart.c ****     /* USART1 clock enable */
  69:Core/Src/usart.c ****     __HAL_RCC_USART1_CLK_ENABLE();
 109              		.loc 1 69 0
 110 0016 03F55843 		add	r3, r3, #55296
 111 001a 9A69     		ldr	r2, [r3, #24]
 112 001c 42F48042 		orr	r2, r2, #16384
 113 0020 9A61     		str	r2, [r3, #24]
 114 0022 9A69     		ldr	r2, [r3, #24]
 115 0024 02F48042 		and	r2, r2, #16384
 116 0028 0092     		str	r2, [sp]
 117 002a 009A     		ldr	r2, [sp]
 118              	.LBE2:
 119              	.LBB3:
  70:Core/Src/usart.c **** 
  71:Core/Src/usart.c ****     __HAL_RCC_GPIOA_CLK_ENABLE();
 120              		.loc 1 71 0
 121 002c 9A69     		ldr	r2, [r3, #24]
 122 002e 42F00402 		orr	r2, r2, #4
 123 0032 9A61     		str	r2, [r3, #24]
 124 0034 9B69     		ldr	r3, [r3, #24]
 125 0036 03F00403 		and	r3, r3, #4
 126 003a 0193     		str	r3, [sp, #4]
 127 003c 019B     		ldr	r3, [sp, #4]
 128              	.LBE3:
  72:Core/Src/usart.c ****     /**USART1 GPIO Configuration
  73:Core/Src/usart.c ****     PA9     ------> USART1_TX
  74:Core/Src/usart.c ****     PA10     ------> USART1_RX
  75:Core/Src/usart.c ****     */
  76:Core/Src/usart.c ****     GPIO_InitStruct.Pin = GPIO_PIN_9;
 129              		.loc 1 76 0
 130 003e 4FF40073 		mov	r3, #512
 131 0042 0293     		str	r3, [sp, #8]
  77:Core/Src/usart.c ****     GPIO_InitStruct.Mode = GPIO_MODE_AF_PP;
 132              		.loc 1 77 0
 133 0044 0223     		movs	r3, #2
 134 0046 0393     		str	r3, [sp, #12]
  78:Core/Src/usart.c ****     GPIO_InitStruct.Speed = GPIO_SPEED_FREQ_HIGH;
 135              		.loc 1 78 0
 136 0048 0323     		movs	r3, #3
 137 004a 0593     		str	r3, [sp, #20]
  79:Core/Src/usart.c ****     HAL_GPIO_Init(GPIOA, &GPIO_InitStruct);
 138              		.loc 1 79 0
 139 004c 0D4D     		ldr	r5, .L9+4
 140 004e 02A9     		add	r1, sp, #8
 141 0050 2846     		mov	r0, r5
 142              	.LVL3:
 143 0052 FFF7FEFF 		bl	HAL_GPIO_Init
 144              	.LVL4:
  80:Core/Src/usart.c **** 
  81:Core/Src/usart.c ****     GPIO_InitStruct.Pin = GPIO_PIN_10;
 145              		.loc 1 81 0
 146 0056 4FF48063 		mov	r3, #1024
 147 005a 0293     		str	r3, [sp, #8]
  82:Core/Src/usart.c ****     GPIO_InitStruct.Mode = GPIO_MODE_INPUT;
 148              		.loc 1 82 0
 149 005c 0024     		movs	r4, #0
ARM GAS  C:\Users\大毛\AppData\Local\Temp\ccITYC6T.s 			page 5


 150 005e 0394     		str	r4, [sp, #12]
  83:Core/Src/usart.c ****     GPIO_InitStruct.Pull = GPIO_NOPULL;
 151              		.loc 1 83 0
 152 0060 0494     		str	r4, [sp, #16]
  84:Core/Src/usart.c ****     HAL_GPIO_Init(GPIOA, &GPIO_InitStruct);
 153              		.loc 1 84 0
 154 0062 02A9     		add	r1, sp, #8
 155 0064 2846     		mov	r0, r5
 156 0066 FFF7FEFF 		bl	HAL_GPIO_Init
 157              	.LVL5:
  85:Core/Src/usart.c **** 
  86:Core/Src/usart.c ****     /* USART1 interrupt Init */
  87:Core/Src/usart.c ****     HAL_NVIC_SetPriority(USART1_IRQn, 0, 0);
 158              		.loc 1 87 0
 159 006a 2246     		mov	r2, r4
 160 006c 2146     		mov	r1, r4
 161 006e 2520     		movs	r0, #37
 162 0070 FFF7FEFF 		bl	HAL_NVIC_SetPriority
 163              	.LVL6:
  88:Core/Src/usart.c ****     HAL_NVIC_EnableIRQ(USART1_IRQn);
 164              		.loc 1 88 0
 165 0074 2520     		movs	r0, #37
 166 0076 FFF7FEFF 		bl	HAL_NVIC_EnableIRQ
 167              	.LVL7:
 168              	.L6:
  89:Core/Src/usart.c ****   /* USER CODE BEGIN USART1_MspInit 1 */
  90:Core/Src/usart.c **** 
  91:Core/Src/usart.c ****   /* USER CODE END USART1_MspInit 1 */
  92:Core/Src/usart.c ****   }
  93:Core/Src/usart.c **** }
 169              		.loc 1 93 0
 170 007a 07B0     		add	sp, sp, #28
 171              	.LCFI3:
 172              		.cfi_def_cfa_offset 12
 173              		@ sp needed
 174 007c 30BD     		pop	{r4, r5, pc}
 175              	.L10:
 176 007e 00BF     		.align	2
 177              	.L9:
 178 0080 00380140 		.word	1073821696
 179 0084 00080140 		.word	1073809408
 180              		.cfi_endproc
 181              	.LFE66:
 183              		.section	.text.HAL_UART_MspDeInit,"ax",%progbits
 184              		.align	2
 185              		.global	HAL_UART_MspDeInit
 186              		.thumb
 187              		.thumb_func
 189              	HAL_UART_MspDeInit:
 190              	.LFB67:
  94:Core/Src/usart.c **** 
  95:Core/Src/usart.c **** void HAL_UART_MspDeInit(UART_HandleTypeDef* uartHandle)
  96:Core/Src/usart.c **** {
 191              		.loc 1 96 0
 192              		.cfi_startproc
 193              		@ args = 0, pretend = 0, frame = 0
 194              		@ frame_needed = 0, uses_anonymous_args = 0
ARM GAS  C:\Users\大毛\AppData\Local\Temp\ccITYC6T.s 			page 6


 195              	.LVL8:
 196 0000 08B5     		push	{r3, lr}
 197              	.LCFI4:
 198              		.cfi_def_cfa_offset 8
 199              		.cfi_offset 3, -8
 200              		.cfi_offset 14, -4
  97:Core/Src/usart.c **** 
  98:Core/Src/usart.c ****   if(uartHandle->Instance==USART1)
 201              		.loc 1 98 0
 202 0002 0268     		ldr	r2, [r0]
 203 0004 084B     		ldr	r3, .L14
 204 0006 9A42     		cmp	r2, r3
 205 0008 0CD1     		bne	.L11
  99:Core/Src/usart.c ****   {
 100:Core/Src/usart.c ****   /* USER CODE BEGIN USART1_MspDeInit 0 */
 101:Core/Src/usart.c **** 
 102:Core/Src/usart.c ****   /* USER CODE END USART1_MspDeInit 0 */
 103:Core/Src/usart.c ****     /* Peripheral clock disable */
 104:Core/Src/usart.c ****     __HAL_RCC_USART1_CLK_DISABLE();
 206              		.loc 1 104 0
 207 000a 084A     		ldr	r2, .L14+4
 208 000c 9369     		ldr	r3, [r2, #24]
 209 000e 23F48043 		bic	r3, r3, #16384
 210 0012 9361     		str	r3, [r2, #24]
 105:Core/Src/usart.c **** 
 106:Core/Src/usart.c ****     /**USART1 GPIO Configuration
 107:Core/Src/usart.c ****     PA9     ------> USART1_TX
 108:Core/Src/usart.c ****     PA10     ------> USART1_RX
 109:Core/Src/usart.c ****     */
 110:Core/Src/usart.c ****     HAL_GPIO_DeInit(GPIOA, GPIO_PIN_9|GPIO_PIN_10);
 211              		.loc 1 110 0
 212 0014 4FF4C061 		mov	r1, #1536
 213 0018 0548     		ldr	r0, .L14+8
 214              	.LVL9:
 215 001a FFF7FEFF 		bl	HAL_GPIO_DeInit
 216              	.LVL10:
 111:Core/Src/usart.c **** 
 112:Core/Src/usart.c ****     /* USART1 interrupt Deinit */
 113:Core/Src/usart.c ****     HAL_NVIC_DisableIRQ(USART1_IRQn);
 217              		.loc 1 113 0
 218 001e 2520     		movs	r0, #37
 219 0020 FFF7FEFF 		bl	HAL_NVIC_DisableIRQ
 220              	.LVL11:
 221              	.L11:
 222 0024 08BD     		pop	{r3, pc}
 223              	.L15:
 224 0026 00BF     		.align	2
 225              	.L14:
 226 0028 00380140 		.word	1073821696
 227 002c 00100240 		.word	1073876992
 228 0030 00080140 		.word	1073809408
 229              		.cfi_endproc
 230              	.LFE67:
 232              		.comm	huart1,72,4
 233              		.text
 234              	.Letext0:
 235              		.file 2 "d:\\gnu tools for arm embedded processors\\5.4 2016q3\\arm-none-eabi\\include\\machine\\_
ARM GAS  C:\Users\大毛\AppData\Local\Temp\ccITYC6T.s 			page 7


 236              		.file 3 "d:\\gnu tools for arm embedded processors\\5.4 2016q3\\arm-none-eabi\\include\\sys\\_stdi
 237              		.file 4 "Drivers/CMSIS/Device/ST/STM32F1xx/Include/stm32f103xb.h"
 238              		.file 5 "Drivers/STM32F1xx_HAL_Driver/Inc/stm32f1xx_hal_def.h"
 239              		.file 6 "Drivers/STM32F1xx_HAL_Driver/Inc/stm32f1xx_hal_gpio.h"
 240              		.file 7 "Drivers/STM32F1xx_HAL_Driver/Inc/stm32f1xx_hal_dma.h"
 241              		.file 8 "Drivers/STM32F1xx_HAL_Driver/Inc/stm32f1xx_hal_uart.h"
 242              		.file 9 "Drivers/CMSIS/Include/core_cm3.h"
 243              		.file 10 "Core/Inc/main.h"
 244              		.file 11 "Drivers/STM32F1xx_HAL_Driver/Inc/stm32f1xx_hal_cortex.h"
ARM GAS  C:\Users\大毛\AppData\Local\Temp\ccITYC6T.s 			page 8


DEFINED SYMBOLS
                            *ABS*:00000000 usart.c
C:\Users\大毛\AppData\Local\Temp\ccITYC6T.s:20     .text.MX_USART1_UART_Init:00000000 $t
C:\Users\大毛\AppData\Local\Temp\ccITYC6T.s:25     .text.MX_USART1_UART_Init:00000000 MX_USART1_UART_Init
C:\Users\大毛\AppData\Local\Temp\ccITYC6T.s:70     .text.MX_USART1_UART_Init:0000002c $d
                            *COM*:00000048 huart1
C:\Users\大毛\AppData\Local\Temp\ccITYC6T.s:76     .text.HAL_UART_MspInit:00000000 $t
C:\Users\大毛\AppData\Local\Temp\ccITYC6T.s:81     .text.HAL_UART_MspInit:00000000 HAL_UART_MspInit
C:\Users\大毛\AppData\Local\Temp\ccITYC6T.s:178    .text.HAL_UART_MspInit:00000080 $d
C:\Users\大毛\AppData\Local\Temp\ccITYC6T.s:184    .text.HAL_UART_MspDeInit:00000000 $t
C:\Users\大毛\AppData\Local\Temp\ccITYC6T.s:189    .text.HAL_UART_MspDeInit:00000000 HAL_UART_MspDeInit
C:\Users\大毛\AppData\Local\Temp\ccITYC6T.s:226    .text.HAL_UART_MspDeInit:00000028 $d
                     .debug_frame:00000010 $d

UNDEFINED SYMBOLS
HAL_UART_Init
Error_Handler
HAL_GPIO_Init
HAL_NVIC_SetPriority
HAL_NVIC_EnableIRQ
HAL_GPIO_DeInit
HAL_NVIC_DisableIRQ
